#
# A fatal error has been detected by the Java Runtime Environment:
#
#  EXCEPTION_ACCESS_VIOLATION (0xc0000005) at pc=0x00007ff97ecf648f, pid=28788, tid=35184
#
# JRE version: Java(TM) SE Runtime Environment (23.0.1+11) (build 23.0.1+11-39)
# Java VM: Java HotSpot(TM) 64-Bit Server VM (23.0.1+11-39, mixed mode, sharing, tiered, compressed oops, compressed class ptrs, g1 gc, windows-amd64)
# Problematic frame:
# C  [python313.dll+0x1c648f]
#
# No core dump will be written. Minidumps are not enabled by default on client versions of Windows
#
# If you would like to submit a bug report, please visit:
#   https://bugreport.java.com/bugreport/crash.jsp
# The crash happened outside the Java Virtual Machine in native code.
# See problematic frame for where to report the bug.
#

---------------  S U M M A R Y ------------

Command Line: 

Host: 12th Gen Intel(R) Core(TM) i5-1235U, 12 cores, 7G,  Windows 11 , 64 bit Build 22621 (10.0.22621.3958)
Time: Tue Nov  5 10:06:07 2024 Mitteleuropäische Zeit elapsed time: 0.236232 seconds (0d 0h 0m 0s)

---------------  T H R E A D  ---------------

Current thread (0x000002258b267f70):  JavaThread "main"             [_thread_in_native, id=35184, stack(0x00000080ad200000,0x00000080ad4e0000) (2944K)]

Stack: [0x00000080ad200000,0x00000080ad4e0000],  sp=0x00000080ad4db330,  free space=2924k
Native frames: (J=compiled Java code, j=interpreted, Vv=VM code, C=native code)
C  [python313.dll+0x1c648f]  (no source info available)
C  0x00007ff98e46a947  (no source info available)
C  0x00007ff98e42c9bf  (no source info available)
C  0x00007ff98e45a9be  (no source info available)
C  [python313.dll+0x56732]  (no source info available)
C  [python313.dll+0x564f0]  (no source info available)
C  0x00007ff98e45a1fd  (no source info available)
C  [python313.dll+0x11587]  (no source info available)
C  [python313.dll+0x892bd]  (no source info available)
C  [python313.dll+0x872ec]  (no source info available)
C  [python313.dll+0x7df51]  (no source info available)
C  [python313.dll+0x7de9b]  (no source info available)
C  0x00007ff98e45e254  (no source info available)
C  0x00007ff98e44c9eb  (no source info available)
C  0x00000225a194d207  (no source info available)

The last pc belongs to native method entry point (kind = native) (printed below).
Java frames: (J=compiled Java code, j=interpreted, Vv=VM code)
j  org.jpype.manager.TypeFactoryNative.newWrapper(JJ)V+0
j  org.jpype.JPypeContext.newWrapper(J)V+16
v  ~StubRoutines::call_stub 0x00000225a1940fcd
j  org.jpype.manager.TypeFactoryNative.newWrapper(JJ)V+0
j  org.jpype.JPypeContext.newWrapper(J)V+16
v  ~StubRoutines::call_stub 0x00000225a1940fcd

siginfo: EXCEPTION_ACCESS_VIOLATION (0xc0000005), reading address 0x0000000000000018


Registers:
RAX=0x0000000000000000, RBX=0x0000000000000020, RCX=0x00000080ad4db380, RDX=0x0000000000000020
RSP=0x00000080ad4db330, RBP=0x0000000000000000, RSI=0x0000000000000020, RDI=0x00000080ad4db380
R8 =0x000000000000561c, R9 =0x0000000000000003, R10=0x000002258fe894b0, R11=0x00000080ad4db3f0
R12=0x00000080ad4dba90, R13=0x00000225b42e7c70, R14=0x0000000000000000, R15=0x00000080ad4dbad0
RIP=0x00007ff97ecf648f, EFLAGS=0x0000000000010202


Register to memory mapping:

RAX=0x0 is null
RBX=0x0000000000000020 is an unknown value
RCX=0x00000080ad4db380 is pointing into the stack for thread: 0x000002258b267f70
RDX=0x0000000000000020 is an unknown value
RSP=0x00000080ad4db330 is pointing into the stack for thread: 0x000002258b267f70
RBP=0x0 is null
RSI=0x0000000000000020 is an unknown value
RDI=0x00000080ad4db380 is pointing into the stack for thread: 0x000002258b267f70
R8 =0x000000000000561c is an unknown value
R9 =0x0000000000000003 is an unknown value
R10=0x000002258fe894b0 points into unknown readable memory: 0x0000004000000002 | 02 00 00 00 40 00 00 00
R11=0x00000080ad4db3f0 is pointing into the stack for thread: 0x000002258b267f70
R12=0x00000080ad4dba90 is pointing into the stack for thread: 0x000002258b267f70
R13=0x00000225b42e7c70 points into unknown readable memory: 0x00007ff98e4769e0 | e0 69 47 8e f9 7f 00 00
R14=0x0 is null
R15=0x00000080ad4dbad0 is pointing into the stack for thread: 0x000002258b267f70

Top of Stack: (sp=0x00000080ad4db330)
0x00000080ad4db330:   000002258b268330 00000225b40b38e8
0x00000080ad4db340:   00000080ad4db530 00007ff98d70f536
0x00000080ad4db350:   0000000000000000 00007ff98e46a947
0x00000080ad4db360:   000002258b32fcd0 0000000000000000
0x00000080ad4db370:   0000000000000020 000002258c97bf40
0x00000080ad4db380:   000002258b267f70 00007ff98d6adc2b
0x00000080ad4db390:   00000225d3040c0b 0000000000000000
0x00000080ad4db3a0:   0000000000000020 0000000000000000
0x00000080ad4db3b0:   000002258b267f70 00007ff98d70b644
0x00000080ad4db3c0:   0000000000000000 0000000000000000
0x00000080ad4db3d0:   0000000000000000 00007ff98e45248f
0x00000080ad4db3e0:   000002258b267f70 0000000000000000
0x00000080ad4db3f0:   00000080ad4dbad0 0000000000000000
0x00000080ad4db400:   00000225b4344c52 00007ff98e4518a4
0x00000080ad4db410:   0000000000000002 0000000000000000
0x00000080ad4db420:   00000225b42e7c70 000002250000561c
0x00000080ad4db430:   000002258b183d00 00007ff97eb3b8c0
0x00000080ad4db440:   0000000000000100 0000000000000000
0x00000080ad4db450:   0000000000000001 00007ffa1ea4c330
0x00000080ad4db460:   000002258b267f70 00000225d31a51a0
0x00000080ad4db470:   00000225d31a5228 00007ff98e4428f0
0x00000080ad4db480:   00000080ad4db590 0000000000000000
0x00000080ad4db490:   0000000200000000 0000022500000000
0x00000080ad4db4a0:   00005bc075b6faf2 00007ff97ede612a
0x00000080ad4db4b0:   00007ff97f05bc60 00007ff98e45dcb8
0x00000080ad4db4c0:   0000000000000002 00000225d31a5220
0x00000080ad4db4d0:   0000000000000000 0000000000000000
0x00000080ad4db4e0:   00000080ad4db8a0 0000000000000000
0x00000080ad4db4f0:   00000000000e4930 0000000000000000
0x00000080ad4db500:   00007ff97f05bc60 0000000000000000
0x00000080ad4db510:   0000000000000000 000002258c97bf40
0x00000080ad4db520:   000002258c97bf40 00007ff98e42c9bf 

Instructions: (pc=0x00007ff97ecf648f)
0x00007ff97ecf638f:   e9 36 fd e5 ff 83 39 00 7c 0b 48 83 29 01 75 05
0x00007ff97ecf639f:   e8 7c 6c e8 ff 49 8b 47 10 4c 8d 05 45 0f 0f 00
0x00007ff97ecf63af:   48 85 c0 4c 8d 0d bf 02 0f 00 48 8d 15 98 d4 16
0x00007ff97ecf63bf:   00 4d 0f 45 c8 4c 8d 05 9d 98 0f 00 4c 0f 45 c0
0x00007ff97ecf63cf:   41 8d 44 24 01 89 44 24 28 48 89 74 24 20 e9 b9
0x00007ff97ecf63df:   fa e5 ff 49 8b 14 c1 8b 0a 83 c1 01 74 02 89 0a
0x00007ff97ecf63ef:   48 ff c0 49 3b c0 72 eb e9 ac cc e6 ff 48 8b 41
0x00007ff97ecf63ff:   10 48 85 c0 0f 8e ad cc e6 ff 4b 8d 14 c1 4c 8b
0x00007ff97ecf640f:   1a 45 8b 0b 41 83 c1 01 74 03 45 89 0b 48 83 c2
0x00007ff97ecf641f:   08 48 83 e8 01 75 e7 e9 8b cc e6 ff cc 49 83 fa
0x00007ff97ecf642f:   01 49 0f 45 c3 4d 3b d1 4d 8b ca 4c 8d 1d af 9a
0x00007ff97ecf643f:   0f 00 eb 12 49 83 f9 01 49 0f 45 c3 4c 8d 1d b6
0x00007ff97ecf644f:   bd 0f 00 4d 3b d1 48 8b 0d 0c c5 37 00 4d 0f 45
0x00007ff97ecf645f:   c3 48 89 54 24 28 48 8d 15 84 5a 2f 00 48 89 44
0x00007ff97ecf646f:   24 20 e8 4a 11 e8 ff 90 e9 f4 9e e7 ff e8 d7 ec
0x00007ff97ecf647f:   ff ff 90 e9 dd a3 e7 ff cc 48 8b 81 70 03 00 00
0x00007ff97ecf648f:   48 8b 48 18 48 03 48 10 48 8d 41 07 48 83 e0 f8
0x00007ff97ecf649f:   48 03 c2 48 8d 51 01 48 8d 14 d0 e9 66 b3 e7 ff
0x00007ff97ecf64af:   4c 39 70 08 0f 85 e0 b3 e7 ff e9 45 b4 e7 ff 48
0x00007ff97ecf64bf:   8b cd e8 86 2b fa ff 48 8b d8 e9 cb b3 e7 ff 4c
0x00007ff97ecf64cf:   8b 05 4b 70 43 00 33 d2 48 8b cb ff d0 90 e9 de
0x00007ff97ecf64df:   b3 e7 ff 48 8b 0d a7 c4 37 00 48 8d 15 50 c8 16
0x00007ff97ecf64ef:   00 e8 6b 16 f0 ff 33 c0 e9 78 bb e7 ff 4c 8b 05
0x00007ff97ecf64ff:   1d 70 43 00 33 d2 48 8b cb ff d0 90 e9 50 bb e7
0x00007ff97ecf650f:   ff 48 8b ce e8 34 2b fa ff 90 e9 0e be e7 ff e8
0x00007ff97ecf651f:   05 2b fa ff 33 ff e9 48 ca e7 ff 89 05 50 60 35
0x00007ff97ecf652f:   00 e9 1e ca e7 ff 4c 8b 05 e4 6f 43 00 33 d2 48
0x00007ff97ecf653f:   8b cf ff d0 90 e9 21 ca e7 ff cc 48 8b 0d 3f c4
0x00007ff97ecf654f:   37 00 48 8d 15 e8 c7 16 00 e8 03 16 f0 ff 90 e9
0x00007ff97ecf655f:   96 e3 e7 ff ba 1c 00 00 00 e9 7a e1 e7 ff e8 b6
0x00007ff97ecf656f:   2a fa ff 90 e9 81 e3 e7 ff 48 8b ca e9 96 e1 e7
0x00007ff97ecf657f:   ff 89 05 fa 5f 35 00 e9 b3 e1 e7 ff 4c 8b 05 8e 


Stack slot to memory mapping:

stack at sp + 0 slots: 0x000002258b268330 points into unknown readable memory: 0x00007ff98dea5e00 | 00 5e ea 8d f9 7f 00 00
stack at sp + 1 slots: 0x00000225b40b38e8 points into unknown readable memory: 0x00000225b04060f8 | f8 60 40 b0 25 02 00 00
stack at sp + 2 slots: 0x00000080ad4db530 is pointing into the stack for thread: 0x000002258b267f70
stack at sp + 3 slots: 0x00007ff98d70f536 points into unknown readable memory: 4c 8d
stack at sp + 4 slots: 0x0 is null
stack at sp + 5 slots: 0x00007ff98e46a947 points into unknown readable memory: eb
stack at sp + 6 slots: 0x000002258b32fcd0 points into unknown readable memory: 0x0000000000000004 | 04 00 00 00 00 00 00 00
stack at sp + 7 slots: 0x0 is null

Lock stack of current Java thread (top to bottom):
LockStack[1]: org.jpype.manager.TypeFactoryNative 
{0x000000008b8aeb30} - klass: 'org/jpype/manager/TypeFactoryNative'
 - ---- fields (total size 3 words):
 - public 'context' 'J' @16  0 (0x0000000000000000)
LockStack[0]: org.jpype.manager.TypeFactoryNative 
{0x000000008b8aeb30} - klass: 'org/jpype/manager/TypeFactoryNative'
 - ---- fields (total size 3 words):
 - public 'context' 'J' @16  0 (0x0000000000000000)

native method entry point (kind = native)  [0x00000225a194cde0, 0x00000225a194d938]  2904 bytes
[MachCode]
  0x00000225a194cde0: 488b 4b08 | 0fb7 492e | 584c 8d74 | ccf8 6800 | 0000 0068 | 0000 0000 | 5055 488b | ec41 5568 
  0x00000225a194ce00: 0000 0000 | 4c8b 6b08 | 4d8d 6d38 | 5348 8b53 | 0848 8b52 | 0848 8b52 | 1848 8b52 | 7048 8b12 
  0x00000225a194ce20: 5248 8b53 | 1048 85d2 | 0f84 0700 | 0000 4881 | c210 0100 | 0052 488b | 5308 488b | 5208 488b 
  0x00000225a194ce40: 5210 5249 | 8bc6 482b | c548 c1e8 | 0350 6800 | 0000 0068 | f7ff ffff | 41c6 8771 | 0400 0001 
  0x00000225a194ce60: 488b 4310 | 4885 c074 | 208b 88cc | 0000 0083 | c102 8988 | cc00 0000 | 2388 e000 | 0000 0f84 
  0x00000225a194ce80: 000a 0000 | e9cf 0000 | 0048 8b43 | 1848 85c0 | 0f85 b000 | 0000 e805 | 0000 00e9 | 9900 0000 
  0x00000225a194cea0: 488b d348 | 8d44 2408 | 4c89 6dc0 | 498b cfc5 | f877 4989 | afb0 0300 | 0049 8987 | a003 0000 
  0x00000225a194cec0: 4883 ec20 | 40f6 c40f | 0f84 1900 | 0000 4883 | ec08 48b8 | 9026 698d | f97f 0000 | ffd0 4883 
  0x00000225a194cee0: c408 e90c | 0000 0048 | b890 2669 | 8df9 7f00 | 00ff d048 | 83c4 2049 | c787 a003 | 0000 0000 
  0x00000225a194cf00: 0000 49c7 | 87b0 0300 | 0000 0000 | 0049 c787 | a803 0000 | 0000 0000 | c5f8 7749 | 837f 0800 
  0x00000225a194cf20: 0f84 0500 | 0000 e995 | 3fff ff4c | 8b6d c04c | 8b75 c84e | 8d74 f500 | c348 8b43 | 1848 85c0 
  0x00000225a194cf40: 0f84 1200 | 0000 8b48 | 0883 c102 | 8948 0823 | 481c 0f84 | 2c09 0000 | 493b a7e8 | 0400 000f 
  0x00000225a194cf60: 8748 0000 | 0089 8424 | 00f0 ffff | 8984 2400 | e0ff ff89 | 8424 00d0 | ffff 8984 | 2400 c0ff 
  0x00000225a194cf80: ff89 8424 | 00b0 ffff | 8984 2400 | a0ff ff89 | 8424 0090 | ffff 8984 | 2400 80ff | ff49 3ba7 
  0x00000225a194cfa0: e004 0000 | 7607 4989 | a7e8 0400 | 0041 c687 | 7104 0000 | 0049 ba41 | adf0 8df9 | 7f00 0041 
  0x00000225a194cfc0: 803a 000f | 843e 0000 | 0048 8b55 | e849 8bcf | 4883 ec20 | 40f6 c40f | 0f84 1900 | 0000 4883 
  0x00000225a194cfe0: ec08 48b8 | 10ee a08d | f97f 0000 | ffd0 4883 | c408 e90c | 0000 0048 | b810 eea0 | 8df9 7f00 
  0x00000225a194d000: 00ff d048 | 83c4 2048 | 8b5d e84c | 8b5b 0845 | 0fb7 5b2e | 41c1 e303 | 492b e348 | 83ec 2048 
  0x00000225a194d020: 83e4 f04c | 8b5b 604d | 85db 0f85 | ab00 0000 | e805 0000 | 00e9 9900 | 0000 488b | d348 8d44 
  0x00000225a194d040: 2408 4c89 | 6dc0 498b | cfc5 f877 | 4989 afb0 | 0300 0049 | 8987 a003 | 0000 4883 | ec20 40f6 
  0x00000225a194d060: c40f 0f84 | 1900 0000 | 4883 ec08 | 48b8 f04d | 698d f97f | 0000 ffd0 | 4883 c408 | e90c 0000 
  0x00000225a194d080: 0048 b8f0 | 4d69 8df9 | 7f00 00ff | d048 83c4 | 2049 c787 | a003 0000 | 0000 0000 | 49c7 87b0 
  0x00000225a194d0a0: 0300 0000 | 0000 0049 | c787 a803 | 0000 0000 | 0000 c5f8 | 7749 837f | 0800 0f84 | 0500 0000 
  0x00000225a194d0c0: e9fb 3dff | ff4c 8b6d | c04c 8b75 | c84e 8d74 | f500 c348 | 8b5d e84c | 8b5b 6041 | ffd3 488b 
  0x00000225a194d0e0: 5de8 4889 | 4518 448b | 5b28 41f6 | c308 0f84 | 1b00 0000 | 4c8b 5b08 | 4d8b 5b08 | 4d8b 5b18 
  0x00000225a194d100: 4d8b 5b70 | 4d8b 1b4c | 895d 1048 | 8d55 1048 | 8b43 5849 | ba60 3ca1 | 8df9 7f00 | 0049 3bc2 
  0x00000225a194d120: 0f85 ab00 | 0000 e805 | 0000 00e9 | 9900 0000 | 488b d348 | 8d44 2408 | 4c89 6dc0 | 498b cfc5 
  0x00000225a194d140: f877 4989 | afb0 0300 | 0049 8987 | a003 0000 | 4883 ec20 | 40f6 c40f | 0f84 1900 | 0000 4883 
  0x00000225a194d160: ec08 48b8 | f04d 698d | f97f 0000 | ffd0 4883 | c408 e90c | 0000 0048 | b8f0 4d69 | 8df9 7f00 
  0x00000225a194d180: 00ff d048 | 83c4 2049 | c787 a003 | 0000 0000 | 0000 49c7 | 87b0 0300 | 0000 0000 | 0049 c787 
  0x00000225a194d1a0: a803 0000 | 0000 0000 | c5f8 7749 | 837f 0800 | 0f84 0500 | 0000 e905 | 3dff ff4c | 8b6d c04c 
  0x00000225a194d1c0: 8b75 c84e | 8d74 f500 | c348 8b5d | e848 8b43 | 5849 8d8f | c003 0000 | c5f8 7749 | 89af b003 
  0x00000225a194d1e0: 0000 49ba | d8d1 94a1 | 2502 0000 | 4d89 97a8 | 0300 0049 | 89a7 a003 | 0000 41c7 | 8744 0400 
  0x00000225a194d200: 0004 0000 | 00ff d0c5 | f877 4883 | ec10 c5fb | 1104 2448 | 83ec 1048 | 8904 2448 | c744 2408 
  0x00000225a194d220: 0000 0000 | 41c7 8744 | 0400 0005 | 0000 00f0 | 8344 24c0 | 0049 3baf | 4804 0000 | 0f87 0e00 
  0x00000225a194d240: 0000 4183 | bf40 0400 | 0000 0f84 | 2000 0000 | 498b cf4c | 8be4 4883 | ec20 4883 | e4f0 48b8 
  0x00000225a194d260: 90a9 6a8d | f97f 0000 | ffd0 498b | e44d 33e4 | 41c7 8744 | 0400 0008 | 0000 0049 | c787 a003 
  0x00000225a194d280: 0000 0000 | 0000 49c7 | 87b0 0300 | 0000 0000 | 0049 c787 | a803 0000 | 0000 0000 | c5f8 774d 
  0x00000225a194d2a0: 8b9f 3004 | 0000 41c7 | 8300 0100 | 0000 0000 | 0049 bbda | a594 a125 | 0200 004c | 3b5d 180f 
  0x00000225a194d2c0: 8524 0200 | 0048 8b04 | 2448 83c4 | 1048 85c0 | 0f84 fe01 | 0000 a803 | 0f85 0800 | 0000 488b 
  0x00000225a194d2e0: 00e9 ee01 | 0000 a801 | 0f85 0900 | 0000 488b | 40fe e9dd | 0100 0048 | 8b40 ff41 | 807f 3800 
  0x00000225a194d300: 0f84 ce01 | 0000 4883 | f800 0f84 | c401 0000 | 4d8b 5f28 | 4983 fb00 | 0f84 1400 | 0000 4983 
  0x00000225a194d320: eb08 4d89 | 5f28 4d03 | 5f30 4989 | 03e9 a201 | 0000 4881 | ecd0 0000 | 0048 8904 | 2448 894c 
  0x00000225a194d340: 2408 4889 | 5424 1048 | 8974 2418 | 4889 7c24 | 204c 8944 | 2428 4c89 | 4c24 304c | 8954 2438 
  0x00000225a194d360: 4c89 5c24 | 40c5 fb11 | 4424 50c5 | fb11 4c24 | 58c5 fb11 | 5424 60c5 | fb11 5c24 | 68c5 fb11 
  0x00000225a194d380: 6424 70c5 | fb11 6c24 | 78c5 fb11 | b424 8000 | 0000 c5fb | 11bc 2488 | 0000 00c5 | 7b11 8424 
  0x00000225a194d3a0: 9000 0000 | c57b 118c | 2498 0000 | 00c5 7b11 | 9424 a000 | 0000 c57b | 119c 24a8 | 0000 00c5 
  0x00000225a194d3c0: 7b11 a424 | b000 0000 | c57b 11ac | 24b8 0000 | 00c5 7b11 | b424 c000 | 0000 c57b | 11bc 24c8 
  0x00000225a194d3e0: 0000 0049 | 8bd7 488b | c848 83ec | 2040 f6c4 | 0f0f 8419 | 0000 0048 | 83ec 0848 | b8e0 075e 
  0x00000225a194d400: 8df9 7f00 | 00ff d048 | 83c4 08e9 | 0c00 0000 | 48b8 e007 | 5e8d f97f | 0000 ffd0 | 4883 c420 
  0x00000225a194d420: c57b 10bc | 24c8 0000 | 00c5 7b10 | b424 c000 | 0000 c57b | 10ac 24b8 | 0000 00c5 | 7b10 a424 
  0x00000225a194d440: b000 0000 | c57b 109c | 24a8 0000 | 00c5 7b10 | 9424 a000 | 0000 c57b | 108c 2498 | 0000 00c5 
  0x00000225a194d460: 7b10 8424 | 9000 0000 | c5fb 10bc | 2488 0000 | 00c5 fb10 | b424 8000 | 0000 c5fb | 106c 2478 
  0x00000225a194d480: c5fb 1064 | 2470 c5fb | 105c 2468 | c5fb 1054 | 2460 c5fb | 104c 2458 | c5fb 1044 | 2450 4c8b 
  0x00000225a194d4a0: 5c24 404c | 8b54 2438 | 4c8b 4c24 | 304c 8b44 | 2428 488b | 7c24 2048 | 8b74 2418 | 488b 5424 
  0x00000225a194d4c0: 1048 8b4c | 2408 488b | 0424 4881 | c4d0 0000 | 00c5 f877 | 4889 4510 | 4883 ec10 | 4889 0424 
  0x00000225a194d4e0: 48c7 4424 | 0800 0000 | 0041 83bf | c804 0000 | 020f 85bf | 0000 0048 | 81ec 8000 | 0000 4889 
  0x00000225a194d500: 4424 7848 | 894c 2470 | 4889 5424 | 6848 895c | 2460 4889 | 6c24 5048 | 8974 2448 | 4889 7c24 
  0x00000225a194d520: 404c 8944 | 2438 4c89 | 4c24 304c | 8954 2428 | 4c89 5c24 | 204c 8964 | 2418 4c89 | 6c24 104c 
  0x00000225a194d540: 8974 2408 | 4c89 3c24 | 4c8b e448 | 83ec 2048 | 83e4 f048 | b8c0 22a1 | 8df9 7f00 | 00ff d049 
  0x00000225a194d560: 8be4 4c8b | 3c24 4c8b | 7424 084c | 8b6c 2410 | 4c8b 6424 | 184c 8b5c | 2420 4c8b | 5424 284c 
  0x00000225a194d580: 8b4c 2430 | 4c8b 4424 | 3848 8b7c | 2440 488b | 7424 4848 | 8b6c 2450 | 488b 5c24 | 6048 8b54 
  0x00000225a194d5a0: 2468 488b | 4c24 7048 | 8b44 2478 | 4881 c480 | 0000 004d | 33e4 488b | 5de8 4c8b | 6b08 4d8d 
  0x00000225a194d5c0: 6d38 4983 | 7f08 000f | 84bb 0000 | 00e8 0500 | 0000 e996 | 0000 0048 | 8d44 2408 | 4c89 6dc0 
  0x00000225a194d5e0: 498b cfc5 | f877 4989 | afb0 0300 | 0049 8987 | a003 0000 | 4883 ec20 | 40f6 c40f | 0f84 1900 
  0x00000225a194d600: 0000 4883 | ec08 48b8 | 006c 698d | f97f 0000 | ffd0 4883 | c408 e90c | 0000 0048 | b800 6c69 
  0x00000225a194d620: 8df9 7f00 | 00ff d048 | 83c4 2049 | c787 a003 | 0000 0000 | 0000 49c7 | 87b0 0300 | 0000 0000 
  0x00000225a194d640: 0049 c787 | a803 0000 | 0000 0000 | c5f8 7749 | 837f 0800 | 0f84 0500 | 0000 e961 | 38ff ff4c 
  0x00000225a194d660: 8b6d c04c | 8b75 c84e | 8d74 f500 | c348 b940 | d5c8 8df9 | 7f00 0048 | 83e4 f048 | b870 4a8f 
  0x00000225a194d680: 8df9 7f00 | 00ff d0f4 | 448b 5b28 | 41f6 c320 | 0f84 7901 | 0000 488d | 55a8 4c8b | 5a08 4d85 
  0x00000225a194d6a0: db0f 85bb | 0000 00e8 | 0500 0000 | e996 0000 | 0048 8d44 | 2408 4c89 | 6dc0 498b | cfc5 f877 
  0x00000225a194d6c0: 4989 afb0 | 0300 0049 | 8987 a003 | 0000 4883 | ec20 40f6 | c40f 0f84 | 1900 0000 | 4883 ec08 
  0x00000225a194d6e0: 48b8 306b | 698d f97f | 0000 ffd0 | 4883 c408 | e90c 0000 | 0048 b830 | 6b69 8df9 | 7f00 00ff 
  0x00000225a194d700: d048 83c4 | 2049 c787 | a003 0000 | 0000 0000 | 49c7 87b0 | 0300 0000 | 0000 0049 | c787 a803 
  0x00000225a194d720: 0000 0000 | 0000 c5f8 | 7749 837f | 0800 0f84 | 0500 0000 | e987 37ff | ff4c 8b6d | c04c 8b75 
  0x00000225a194d740: c84e 8d74 | f500 c348 | b940 d5c8 | 8df9 7f00 | 0048 83e4 | f048 b870 | 4a8f 8df9 | 7f00 00ff 
  0x00000225a194d760: d0f4 4c89 | 6dc0 4c8b | 4a08 48c7 | 4208 0000 | 0000 458b | 8718 0600 | 004f 3b4c | 07f8 0f85 
  0x00000225a194d780: 4900 0000 | 4183 af18 | 0600 0008 | 4f3b 4c07 | f00f 842a | 0000 0049 | 8b01 a802 | 0f85 1200 
  0x00000225a194d7a0: 0000 4c8b | c049 83c8 | 01f0 4d0f | b101 0f84 | 0d00 0000 | 4183 8718 | 0600 0008 | e90c 0000 
  0x00000225a194d7c0: 0049 ff8f | 5005 0000 | e93e 0000 | 004c 894a | 0848 8bca | 4883 ec20 | 40f6 c40f | 0f84 1900 
  0x00000225a194d7e0: 0000 4883 | ec08 48b8 | f03d 698d | f97f 0000 | ffd0 4883 | c408 e90c | 0000 0048 | b8f0 3d69 
  0x00000225a194d800: 8df9 7f00 | 00ff d048 | 83c4 204c | 8b6d c049 | ba41 adf0 | 8df9 7f00 | 0041 803a | 000f 843e 
  0x00000225a194d820: 0000 0048 | 8b55 e849 | 8bcf 4883 | ec20 40f6 | c40f 0f84 | 1900 0000 | 4883 ec08 | 48b8 10ee 
  0x00000225a194d840: a08d f97f | 0000 ffd0 | 4883 c408 | e90c 0000 | 0048 b810 | eea0 8df9 | 7f00 00ff | d048 83c4 
  0x00000225a194d860: 2048 8b04 | 2448 83c4 | 10c5 fb10 | 0424 4883 | c410 4c8b | 5d18 41ff | d34c 8b5d | f8c9 5f49 
  0x00000225a194d880: 8be3 ffe7 | ba00 0000 | 00e8 0500 | 0000 e996 | 0000 0048 | 8d44 2408 | 4c89 6dc0 | 498b cfc5 
  0x00000225a194d8a0: f877 4989 | afb0 0300 | 0049 8987 | a003 0000 | 4883 ec20 | 40f6 c40f | 0f84 1900 | 0000 4883 
  0x00000225a194d8c0: ec08 48b8 | a031 698d | f97f 0000 | ffd0 4883 | c408 e90c | 0000 0048 | b8a0 3169 | 8df9 7f00 
  0x00000225a194d8e0: 00ff d048 | 83c4 2049 | c787 a003 | 0000 0000 | 0000 49c7 | 87b0 0300 | 0000 0000 | 0049 c787 
  0x00000225a194d900: a803 0000 | 0000 0000 | c5f8 7749 | 837f 0800 | 0f84 0500 | 0000 e9a5 | 35ff ff4c | 8b6d c04c 
  0x00000225a194d920: 8b75 c84e | 8d74 f500 | c348 8b5d | e8e9 26f6 | ffff 660f | 1f44 0000 
[/MachCode]

---------------  P R O C E S S  ---------------

Threads class SMR info:
_java_thread_list=0x00000225b4421a40, length=12, elements={
0x000002258b267f70, 0x000002258b268c90, 0x000002258b269320, 0x000002258b26ad60,
0x000002258b26b3f0, 0x000002258b264460, 0x000002258b264af0, 0x000002258b41d080,
0x000002258b41f290, 0x000002258b26ba80, 0x000002258b26c110, 0x000002258b265180
}

Java Threads: ( => current thread )
=>0x000002258b267f70 JavaThread "main"                              [_thread_in_native, id=35184, stack(0x00000080ad200000,0x00000080ad4e0000) (2944K)]
  0x000002258b268c90 JavaThread "Reference Handler"          daemon [_thread_blocked, id=9716, stack(0x00000080b5ac0000,0x00000080b5da0000) (2944K)]
  0x000002258b269320 JavaThread "Finalizer"                  daemon [_thread_blocked, id=36008, stack(0x00000080b5da0000,0x00000080b6080000) (2944K)]
  0x000002258b26ad60 JavaThread "Signal Dispatcher"          daemon [_thread_blocked, id=26676, stack(0x00000080b6080000,0x00000080b6360000) (2944K)]
  0x000002258b26b3f0 JavaThread "Attach Listener"            daemon [_thread_blocked, id=35660, stack(0x00000080b6360000,0x00000080b6640000) (2944K)]
  0x000002258b264460 JavaThread "Service Thread"             daemon [_thread_blocked, id=24024, stack(0x00000080b6640000,0x00000080b6920000) (2944K)]
  0x000002258b264af0 JavaThread "Monitor Deflation Thread"   daemon [_thread_blocked, id=23392, stack(0x00000080b6920000,0x00000080b6c00000) (2944K)]
  0x000002258b41d080 JavaThread "C2 CompilerThread0"         daemon [_thread_blocked, id=31216, stack(0x00000080b6c00000,0x00000080b6ee0000) (2944K)]
  0x000002258b41f290 JavaThread "C1 CompilerThread0"         daemon [_thread_blocked, id=28348, stack(0x00000080b6ee0000,0x00000080b71c0000) (2944K)]
  0x000002258b26ba80 JavaThread "Notification Thread"        daemon [_thread_blocked, id=23808, stack(0x00000080b71c0000,0x00000080b74a0000) (2944K)]
  0x000002258b26c110 JavaThread "Common-Cleaner"             daemon [_thread_blocked, id=27880, stack(0x00000080b74a0000,0x00000080b7780000) (2944K)]
  0x000002258b265180 JavaThread "Python Reference Queue"     daemon [_thread_blocked, id=24444, stack(0x00000080b7780000,0x00000080b7a60000) (2944K)]
Total: 12

Other Threads:
  0x000002258b3c6470 VMThread "VM Thread"                           [id=27140, stack(0x00000080b57e0000,0x00000080b5ac0000) (2944K)]
  0x000002258ae659d0 WatcherThread "VM Periodic Task Thread"        [id=35916, stack(0x00000080b5500000,0x00000080b57e0000) (2944K)]
  0x000002258b3c8950 WorkerThread "GC Thread#0"                     [id=12344, stack(0x00000080b46a0000,0x00000080b4980000) (2944K)]
  0x00000225911e7370 ConcurrentGCThread "G1 Main Marker"            [id=3544, stack(0x00000080b4980000,0x00000080b4c60000) (2944K)]
  0x000002258b3c5d10 WorkerThread "G1 Conc#0"                       [id=35032, stack(0x00000080b4c60000,0x00000080b4f40000) (2944K)]
  0x000002258aecb470 ConcurrentGCThread "G1 Refine#0"               [id=372, stack(0x00000080b4f40000,0x00000080b5220000) (2944K)]
  0x000002258b33d8a0 ConcurrentGCThread "G1 Service"                [id=13720, stack(0x00000080b5220000,0x00000080b5500000) (2944K)]
Total: 7

Threads with active compile tasks:
Total: 0

VM state: not at safepoint (normal execution)

VM Mutex/Monitor currently owned by a thread: None

Heap address: 0x0000000084000000, size: 1984 MB, Compressed Oops mode: 32-bit

CDS archive(s) mapped at: [0x0000022600000000-0x0000022600d70000-0x0000022600d70000), size 14090240, SharedBaseAddress: 0x0000022600000000, ArchiveRelocationMode: 1.
Compressed class space mapped at: 0x0000022601000000-0x0000022641000000, reserved size: 1073741824
Narrow klass base: 0x0000022600000000, Narrow klass shift: 0, Narrow klass range: 0x41000000

GC Precious Log:
 CardTable entry size: 512
 Card Set container configuration: InlinePtr #cards 5 size 8 Array Of Cards #cards 10 size 36 Howl #buckets 4 coarsen threshold 1843 Howl Bitmap #cards 512 size 80 coarsen threshold 460 Card regions per heap region 1 cards per card region 2048
 CPUs: 12 total, 12 available
 Memory: 7933M
 Large Page Support: Disabled
 NUMA Support: Disabled
 Compressed Oops: Enabled (32-bit)
 Heap Region Size: 1M
 Heap Min Capacity: 8M
 Heap Initial Capacity: 124M
 Heap Max Capacity: 1984M
 Pre-touch: Disabled
 Parallel Workers: 10
 Concurrent Workers: 3
 Concurrent Refinement Workers: 10
 Periodic GC: Disabled

Heap:
 garbage-first heap   total reserved 2031616K, committed 126976K, used 5120K [0x0000000084000000, 0x0000000100000000)
  region size 1024K, 7 young (7168K), 0 survivors (0K)
 Metaspace       used 1731K, committed 1920K, reserved 1114112K
  class space    used 193K, committed 256K, reserved 1048576K

Heap Regions: E=young(eden), S=young(survivor), O=old, HS=humongous(starts), HC=humongous(continues), CS=collection set, F=free, TAMS=top-at-mark-start, PB=parsable bottom
|   0|0x0000000084000000, 0x0000000084000000, 0x0000000084100000|  0%| F|  |TAMS 0x0000000084000000| PB 0x0000000084000000| Untracked |  0
|   1|0x0000000084100000, 0x0000000084100000, 0x0000000084200000|  0%| F|  |TAMS 0x0000000084100000| PB 0x0000000084100000| Untracked |  0
|   2|0x0000000084200000, 0x0000000084200000, 0x0000000084300000|  0%| F|  |TAMS 0x0000000084200000| PB 0x0000000084200000| Untracked |  0
|   3|0x0000000084300000, 0x0000000084300000, 0x0000000084400000|  0%| F|  |TAMS 0x0000000084300000| PB 0x0000000084300000| Untracked |  0
|   4|0x0000000084400000, 0x0000000084400000, 0x0000000084500000|  0%| F|  |TAMS 0x0000000084400000| PB 0x0000000084400000| Untracked |  0
|   5|0x0000000084500000, 0x0000000084500000, 0x0000000084600000|  0%| F|  |TAMS 0x0000000084500000| PB 0x0000000084500000| Untracked |  0
|   6|0x0000000084600000, 0x0000000084600000, 0x0000000084700000|  0%| F|  |TAMS 0x0000000084600000| PB 0x0000000084600000| Untracked |  0
|   7|0x0000000084700000, 0x0000000084700000, 0x0000000084800000|  0%| F|  |TAMS 0x0000000084700000| PB 0x0000000084700000| Untracked |  0
|   8|0x0000000084800000, 0x0000000084800000, 0x0000000084900000|  0%| F|  |TAMS 0x0000000084800000| PB 0x0000000084800000| Untracked |  0
|   9|0x0000000084900000, 0x0000000084900000, 0x0000000084a00000|  0%| F|  |TAMS 0x0000000084900000| PB 0x0000000084900000| Untracked |  0
|  10|0x0000000084a00000, 0x0000000084a00000, 0x0000000084b00000|  0%| F|  |TAMS 0x0000000084a00000| PB 0x0000000084a00000| Untracked |  0
|  11|0x0000000084b00000, 0x0000000084b00000, 0x0000000084c00000|  0%| F|  |TAMS 0x0000000084b00000| PB 0x0000000084b00000| Untracked |  0
|  12|0x0000000084c00000, 0x0000000084c00000, 0x0000000084d00000|  0%| F|  |TAMS 0x0000000084c00000| PB 0x0000000084c00000| Untracked |  0
|  13|0x0000000084d00000, 0x0000000084d00000, 0x0000000084e00000|  0%| F|  |TAMS 0x0000000084d00000| PB 0x0000000084d00000| Untracked |  0
|  14|0x0000000084e00000, 0x0000000084e00000, 0x0000000084f00000|  0%| F|  |TAMS 0x0000000084e00000| PB 0x0000000084e00000| Untracked |  0
|  15|0x0000000084f00000, 0x0000000084f00000, 0x0000000085000000|  0%| F|  |TAMS 0x0000000084f00000| PB 0x0000000084f00000| Untracked |  0
|  16|0x0000000085000000, 0x0000000085000000, 0x0000000085100000|  0%| F|  |TAMS 0x0000000085000000| PB 0x0000000085000000| Untracked |  0
|  17|0x0000000085100000, 0x0000000085100000, 0x0000000085200000|  0%| F|  |TAMS 0x0000000085100000| PB 0x0000000085100000| Untracked |  0
|  18|0x0000000085200000, 0x0000000085200000, 0x0000000085300000|  0%| F|  |TAMS 0x0000000085200000| PB 0x0000000085200000| Untracked |  0
|  19|0x0000000085300000, 0x0000000085300000, 0x0000000085400000|  0%| F|  |TAMS 0x0000000085300000| PB 0x0000000085300000| Untracked |  0
|  20|0x0000000085400000, 0x0000000085400000, 0x0000000085500000|  0%| F|  |TAMS 0x0000000085400000| PB 0x0000000085400000| Untracked |  0
|  21|0x0000000085500000, 0x0000000085500000, 0x0000000085600000|  0%| F|  |TAMS 0x0000000085500000| PB 0x0000000085500000| Untracked |  0
|  22|0x0000000085600000, 0x0000000085600000, 0x0000000085700000|  0%| F|  |TAMS 0x0000000085600000| PB 0x0000000085600000| Untracked |  0
|  23|0x0000000085700000, 0x0000000085700000, 0x0000000085800000|  0%| F|  |TAMS 0x0000000085700000| PB 0x0000000085700000| Untracked |  0
|  24|0x0000000085800000, 0x0000000085800000, 0x0000000085900000|  0%| F|  |TAMS 0x0000000085800000| PB 0x0000000085800000| Untracked |  0
|  25|0x0000000085900000, 0x0000000085900000, 0x0000000085a00000|  0%| F|  |TAMS 0x0000000085900000| PB 0x0000000085900000| Untracked |  0
|  26|0x0000000085a00000, 0x0000000085a00000, 0x0000000085b00000|  0%| F|  |TAMS 0x0000000085a00000| PB 0x0000000085a00000| Untracked |  0
|  27|0x0000000085b00000, 0x0000000085b00000, 0x0000000085c00000|  0%| F|  |TAMS 0x0000000085b00000| PB 0x0000000085b00000| Untracked |  0
|  28|0x0000000085c00000, 0x0000000085c00000, 0x0000000085d00000|  0%| F|  |TAMS 0x0000000085c00000| PB 0x0000000085c00000| Untracked |  0
|  29|0x0000000085d00000, 0x0000000085d00000, 0x0000000085e00000|  0%| F|  |TAMS 0x0000000085d00000| PB 0x0000000085d00000| Untracked |  0
|  30|0x0000000085e00000, 0x0000000085e00000, 0x0000000085f00000|  0%| F|  |TAMS 0x0000000085e00000| PB 0x0000000085e00000| Untracked |  0
|  31|0x0000000085f00000, 0x0000000085f00000, 0x0000000086000000|  0%| F|  |TAMS 0x0000000085f00000| PB 0x0000000085f00000| Untracked |  0
|  32|0x0000000086000000, 0x0000000086000000, 0x0000000086100000|  0%| F|  |TAMS 0x0000000086000000| PB 0x0000000086000000| Untracked |  0
|  33|0x0000000086100000, 0x0000000086100000, 0x0000000086200000|  0%| F|  |TAMS 0x0000000086100000| PB 0x0000000086100000| Untracked |  0
|  34|0x0000000086200000, 0x0000000086200000, 0x0000000086300000|  0%| F|  |TAMS 0x0000000086200000| PB 0x0000000086200000| Untracked |  0
|  35|0x0000000086300000, 0x0000000086300000, 0x0000000086400000|  0%| F|  |TAMS 0x0000000086300000| PB 0x0000000086300000| Untracked |  0
|  36|0x0000000086400000, 0x0000000086400000, 0x0000000086500000|  0%| F|  |TAMS 0x0000000086400000| PB 0x0000000086400000| Untracked |  0
|  37|0x0000000086500000, 0x0000000086500000, 0x0000000086600000|  0%| F|  |TAMS 0x0000000086500000| PB 0x0000000086500000| Untracked |  0
|  38|0x0000000086600000, 0x0000000086600000, 0x0000000086700000|  0%| F|  |TAMS 0x0000000086600000| PB 0x0000000086600000| Untracked |  0
|  39|0x0000000086700000, 0x0000000086700000, 0x0000000086800000|  0%| F|  |TAMS 0x0000000086700000| PB 0x0000000086700000| Untracked |  0
|  40|0x0000000086800000, 0x0000000086800000, 0x0000000086900000|  0%| F|  |TAMS 0x0000000086800000| PB 0x0000000086800000| Untracked |  0
|  41|0x0000000086900000, 0x0000000086900000, 0x0000000086a00000|  0%| F|  |TAMS 0x0000000086900000| PB 0x0000000086900000| Untracked |  0
|  42|0x0000000086a00000, 0x0000000086a00000, 0x0000000086b00000|  0%| F|  |TAMS 0x0000000086a00000| PB 0x0000000086a00000| Untracked |  0
|  43|0x0000000086b00000, 0x0000000086b00000, 0x0000000086c00000|  0%| F|  |TAMS 0x0000000086b00000| PB 0x0000000086b00000| Untracked |  0
|  44|0x0000000086c00000, 0x0000000086c00000, 0x0000000086d00000|  0%| F|  |TAMS 0x0000000086c00000| PB 0x0000000086c00000| Untracked |  0
|  45|0x0000000086d00000, 0x0000000086d00000, 0x0000000086e00000|  0%| F|  |TAMS 0x0000000086d00000| PB 0x0000000086d00000| Untracked |  0
|  46|0x0000000086e00000, 0x0000000086e00000, 0x0000000086f00000|  0%| F|  |TAMS 0x0000000086e00000| PB 0x0000000086e00000| Untracked |  0
|  47|0x0000000086f00000, 0x0000000086f00000, 0x0000000087000000|  0%| F|  |TAMS 0x0000000086f00000| PB 0x0000000086f00000| Untracked |  0
|  48|0x0000000087000000, 0x0000000087000000, 0x0000000087100000|  0%| F|  |TAMS 0x0000000087000000| PB 0x0000000087000000| Untracked |  0
|  49|0x0000000087100000, 0x0000000087100000, 0x0000000087200000|  0%| F|  |TAMS 0x0000000087100000| PB 0x0000000087100000| Untracked |  0
|  50|0x0000000087200000, 0x0000000087200000, 0x0000000087300000|  0%| F|  |TAMS 0x0000000087200000| PB 0x0000000087200000| Untracked |  0
|  51|0x0000000087300000, 0x0000000087300000, 0x0000000087400000|  0%| F|  |TAMS 0x0000000087300000| PB 0x0000000087300000| Untracked |  0
|  52|0x0000000087400000, 0x0000000087400000, 0x0000000087500000|  0%| F|  |TAMS 0x0000000087400000| PB 0x0000000087400000| Untracked |  0
|  53|0x0000000087500000, 0x0000000087500000, 0x0000000087600000|  0%| F|  |TAMS 0x0000000087500000| PB 0x0000000087500000| Untracked |  0
|  54|0x0000000087600000, 0x0000000087600000, 0x0000000087700000|  0%| F|  |TAMS 0x0000000087600000| PB 0x0000000087600000| Untracked |  0
|  55|0x0000000087700000, 0x0000000087700000, 0x0000000087800000|  0%| F|  |TAMS 0x0000000087700000| PB 0x0000000087700000| Untracked |  0
|  56|0x0000000087800000, 0x0000000087800000, 0x0000000087900000|  0%| F|  |TAMS 0x0000000087800000| PB 0x0000000087800000| Untracked |  0
|  57|0x0000000087900000, 0x0000000087900000, 0x0000000087a00000|  0%| F|  |TAMS 0x0000000087900000| PB 0x0000000087900000| Untracked |  0
|  58|0x0000000087a00000, 0x0000000087a00000, 0x0000000087b00000|  0%| F|  |TAMS 0x0000000087a00000| PB 0x0000000087a00000| Untracked |  0
|  59|0x0000000087b00000, 0x0000000087b00000, 0x0000000087c00000|  0%| F|  |TAMS 0x0000000087b00000| PB 0x0000000087b00000| Untracked |  0
|  60|0x0000000087c00000, 0x0000000087c00000, 0x0000000087d00000|  0%| F|  |TAMS 0x0000000087c00000| PB 0x0000000087c00000| Untracked |  0
|  61|0x0000000087d00000, 0x0000000087d00000, 0x0000000087e00000|  0%| F|  |TAMS 0x0000000087d00000| PB 0x0000000087d00000| Untracked |  0
|  62|0x0000000087e00000, 0x0000000087e00000, 0x0000000087f00000|  0%| F|  |TAMS 0x0000000087e00000| PB 0x0000000087e00000| Untracked |  0
|  63|0x0000000087f00000, 0x0000000087f00000, 0x0000000088000000|  0%| F|  |TAMS 0x0000000087f00000| PB 0x0000000087f00000| Untracked |  0
|  64|0x0000000088000000, 0x0000000088000000, 0x0000000088100000|  0%| F|  |TAMS 0x0000000088000000| PB 0x0000000088000000| Untracked |  0
|  65|0x0000000088100000, 0x0000000088100000, 0x0000000088200000|  0%| F|  |TAMS 0x0000000088100000| PB 0x0000000088100000| Untracked |  0
|  66|0x0000000088200000, 0x0000000088200000, 0x0000000088300000|  0%| F|  |TAMS 0x0000000088200000| PB 0x0000000088200000| Untracked |  0
|  67|0x0000000088300000, 0x0000000088300000, 0x0000000088400000|  0%| F|  |TAMS 0x0000000088300000| PB 0x0000000088300000| Untracked |  0
|  68|0x0000000088400000, 0x0000000088400000, 0x0000000088500000|  0%| F|  |TAMS 0x0000000088400000| PB 0x0000000088400000| Untracked |  0
|  69|0x0000000088500000, 0x0000000088500000, 0x0000000088600000|  0%| F|  |TAMS 0x0000000088500000| PB 0x0000000088500000| Untracked |  0
|  70|0x0000000088600000, 0x0000000088600000, 0x0000000088700000|  0%| F|  |TAMS 0x0000000088600000| PB 0x0000000088600000| Untracked |  0
|  71|0x0000000088700000, 0x0000000088700000, 0x0000000088800000|  0%| F|  |TAMS 0x0000000088700000| PB 0x0000000088700000| Untracked |  0
|  72|0x0000000088800000, 0x0000000088800000, 0x0000000088900000|  0%| F|  |TAMS 0x0000000088800000| PB 0x0000000088800000| Untracked |  0
|  73|0x0000000088900000, 0x0000000088900000, 0x0000000088a00000|  0%| F|  |TAMS 0x0000000088900000| PB 0x0000000088900000| Untracked |  0
|  74|0x0000000088a00000, 0x0000000088a00000, 0x0000000088b00000|  0%| F|  |TAMS 0x0000000088a00000| PB 0x0000000088a00000| Untracked |  0
|  75|0x0000000088b00000, 0x0000000088b00000, 0x0000000088c00000|  0%| F|  |TAMS 0x0000000088b00000| PB 0x0000000088b00000| Untracked |  0
|  76|0x0000000088c00000, 0x0000000088c00000, 0x0000000088d00000|  0%| F|  |TAMS 0x0000000088c00000| PB 0x0000000088c00000| Untracked |  0
|  77|0x0000000088d00000, 0x0000000088d00000, 0x0000000088e00000|  0%| F|  |TAMS 0x0000000088d00000| PB 0x0000000088d00000| Untracked |  0
|  78|0x0000000088e00000, 0x0000000088e00000, 0x0000000088f00000|  0%| F|  |TAMS 0x0000000088e00000| PB 0x0000000088e00000| Untracked |  0
|  79|0x0000000088f00000, 0x0000000088f00000, 0x0000000089000000|  0%| F|  |TAMS 0x0000000088f00000| PB 0x0000000088f00000| Untracked |  0
|  80|0x0000000089000000, 0x0000000089000000, 0x0000000089100000|  0%| F|  |TAMS 0x0000000089000000| PB 0x0000000089000000| Untracked |  0
|  81|0x0000000089100000, 0x0000000089100000, 0x0000000089200000|  0%| F|  |TAMS 0x0000000089100000| PB 0x0000000089100000| Untracked |  0
|  82|0x0000000089200000, 0x0000000089200000, 0x0000000089300000|  0%| F|  |TAMS 0x0000000089200000| PB 0x0000000089200000| Untracked |  0
|  83|0x0000000089300000, 0x0000000089300000, 0x0000000089400000|  0%| F|  |TAMS 0x0000000089300000| PB 0x0000000089300000| Untracked |  0
|  84|0x0000000089400000, 0x0000000089400000, 0x0000000089500000|  0%| F|  |TAMS 0x0000000089400000| PB 0x0000000089400000| Untracked |  0
|  85|0x0000000089500000, 0x0000000089500000, 0x0000000089600000|  0%| F|  |TAMS 0x0000000089500000| PB 0x0000000089500000| Untracked |  0
|  86|0x0000000089600000, 0x0000000089600000, 0x0000000089700000|  0%| F|  |TAMS 0x0000000089600000| PB 0x0000000089600000| Untracked |  0
|  87|0x0000000089700000, 0x0000000089700000, 0x0000000089800000|  0%| F|  |TAMS 0x0000000089700000| PB 0x0000000089700000| Untracked |  0
|  88|0x0000000089800000, 0x0000000089800000, 0x0000000089900000|  0%| F|  |TAMS 0x0000000089800000| PB 0x0000000089800000| Untracked |  0
|  89|0x0000000089900000, 0x0000000089900000, 0x0000000089a00000|  0%| F|  |TAMS 0x0000000089900000| PB 0x0000000089900000| Untracked |  0
|  90|0x0000000089a00000, 0x0000000089a00000, 0x0000000089b00000|  0%| F|  |TAMS 0x0000000089a00000| PB 0x0000000089a00000| Untracked |  0
|  91|0x0000000089b00000, 0x0000000089b00000, 0x0000000089c00000|  0%| F|  |TAMS 0x0000000089b00000| PB 0x0000000089b00000| Untracked |  0
|  92|0x0000000089c00000, 0x0000000089c00000, 0x0000000089d00000|  0%| F|  |TAMS 0x0000000089c00000| PB 0x0000000089c00000| Untracked |  0
|  93|0x0000000089d00000, 0x0000000089d00000, 0x0000000089e00000|  0%| F|  |TAMS 0x0000000089d00000| PB 0x0000000089d00000| Untracked |  0
|  94|0x0000000089e00000, 0x0000000089e00000, 0x0000000089f00000|  0%| F|  |TAMS 0x0000000089e00000| PB 0x0000000089e00000| Untracked |  0
|  95|0x0000000089f00000, 0x0000000089f00000, 0x000000008a000000|  0%| F|  |TAMS 0x0000000089f00000| PB 0x0000000089f00000| Untracked |  0
|  96|0x000000008a000000, 0x000000008a000000, 0x000000008a100000|  0%| F|  |TAMS 0x000000008a000000| PB 0x000000008a000000| Untracked |  0
|  97|0x000000008a100000, 0x000000008a100000, 0x000000008a200000|  0%| F|  |TAMS 0x000000008a100000| PB 0x000000008a100000| Untracked |  0
|  98|0x000000008a200000, 0x000000008a200000, 0x000000008a300000|  0%| F|  |TAMS 0x000000008a200000| PB 0x000000008a200000| Untracked |  0
|  99|0x000000008a300000, 0x000000008a300000, 0x000000008a400000|  0%| F|  |TAMS 0x000000008a300000| PB 0x000000008a300000| Untracked |  0
| 100|0x000000008a400000, 0x000000008a400000, 0x000000008a500000|  0%| F|  |TAMS 0x000000008a400000| PB 0x000000008a400000| Untracked |  0
| 101|0x000000008a500000, 0x000000008a500000, 0x000000008a600000|  0%| F|  |TAMS 0x000000008a500000| PB 0x000000008a500000| Untracked |  0
| 102|0x000000008a600000, 0x000000008a600000, 0x000000008a700000|  0%| F|  |TAMS 0x000000008a600000| PB 0x000000008a600000| Untracked |  0
| 103|0x000000008a700000, 0x000000008a700000, 0x000000008a800000|  0%| F|  |TAMS 0x000000008a700000| PB 0x000000008a700000| Untracked |  0
| 104|0x000000008a800000, 0x000000008a800000, 0x000000008a900000|  0%| F|  |TAMS 0x000000008a800000| PB 0x000000008a800000| Untracked |  0
| 105|0x000000008a900000, 0x000000008a900000, 0x000000008aa00000|  0%| F|  |TAMS 0x000000008a900000| PB 0x000000008a900000| Untracked |  0
| 106|0x000000008aa00000, 0x000000008aa00000, 0x000000008ab00000|  0%| F|  |TAMS 0x000000008aa00000| PB 0x000000008aa00000| Untracked |  0
| 107|0x000000008ab00000, 0x000000008ab00000, 0x000000008ac00000|  0%| F|  |TAMS 0x000000008ab00000| PB 0x000000008ab00000| Untracked |  0
| 108|0x000000008ac00000, 0x000000008ac00000, 0x000000008ad00000|  0%| F|  |TAMS 0x000000008ac00000| PB 0x000000008ac00000| Untracked |  0
| 109|0x000000008ad00000, 0x000000008ad00000, 0x000000008ae00000|  0%| F|  |TAMS 0x000000008ad00000| PB 0x000000008ad00000| Untracked |  0
| 110|0x000000008ae00000, 0x000000008ae00000, 0x000000008af00000|  0%| F|  |TAMS 0x000000008ae00000| PB 0x000000008ae00000| Untracked |  0
| 111|0x000000008af00000, 0x000000008af00000, 0x000000008b000000|  0%| F|  |TAMS 0x000000008af00000| PB 0x000000008af00000| Untracked |  0
| 112|0x000000008b000000, 0x000000008b000000, 0x000000008b100000|  0%| F|  |TAMS 0x000000008b000000| PB 0x000000008b000000| Untracked |  0
| 113|0x000000008b100000, 0x000000008b100000, 0x000000008b200000|  0%| F|  |TAMS 0x000000008b100000| PB 0x000000008b100000| Untracked |  0
| 114|0x000000008b200000, 0x000000008b200000, 0x000000008b300000|  0%| F|  |TAMS 0x000000008b200000| PB 0x000000008b200000| Untracked |  0
| 115|0x000000008b300000, 0x000000008b300000, 0x000000008b400000|  0%| F|  |TAMS 0x000000008b300000| PB 0x000000008b300000| Untracked |  0
| 116|0x000000008b400000, 0x000000008b400000, 0x000000008b500000|  0%| F|  |TAMS 0x000000008b400000| PB 0x000000008b400000| Untracked |  0
| 117|0x000000008b500000, 0x000000008b57ae68, 0x000000008b600000| 48%| E|  |TAMS 0x000000008b500000| PB 0x000000008b500000| Complete |  0
| 118|0x000000008b600000, 0x000000008b700000, 0x000000008b700000|100%| E|CS|TAMS 0x000000008b600000| PB 0x000000008b600000| Complete |  0
| 119|0x000000008b700000, 0x000000008b800000, 0x000000008b800000|100%| E|CS|TAMS 0x000000008b700000| PB 0x000000008b700000| Complete |  0
| 120|0x000000008b800000, 0x000000008b900000, 0x000000008b900000|100%| E|CS|TAMS 0x000000008b800000| PB 0x000000008b800000| Complete |  0
| 121|0x000000008b900000, 0x000000008ba00000, 0x000000008ba00000|100%| E|CS|TAMS 0x000000008b900000| PB 0x000000008b900000| Complete |  0
| 122|0x000000008ba00000, 0x000000008bb00000, 0x000000008bb00000|100%| E|  |TAMS 0x000000008ba00000| PB 0x000000008ba00000| Complete |  0
| 123|0x000000008bb00000, 0x000000008bc00000, 0x000000008bc00000|100%| E|CS|TAMS 0x000000008bb00000| PB 0x000000008bb00000| Complete |  0

Card table byte_map: [0x00000225aa4a0000,0x00000225aa880000] _byte_map_base: 0x00000225aa080000

Marking Bits: (CMBitMap*) 0x000002258b419a10
 Bits: [0x00000225aa880000, 0x00000225ac780000)

Polling page: 0x000002259a3f0000

Metaspace:

Usage:
  Non-class:      1.50 MB used.
      Class:    193.91 KB used.
       Both:      1.69 MB used.

Virtual space:
  Non-class space:       64.00 MB reserved,       1.62 MB (  3%) committed,  1 nodes.
      Class space:        1.00 GB reserved,     256.00 KB ( <1%) committed,  1 nodes.
             Both:        1.06 GB reserved,       1.88 MB ( <1%) committed. 

Chunk freelists:
   Non-Class:  11.85 MB
       Class:  15.71 MB
        Both:  27.56 MB

MaxMetaspaceSize: unlimited
CompressedClassSpaceSize: 1.00 GB
Initial GC threshold: 21.00 MB
Current GC threshold: 21.00 MB
CDS: on
 - commit_granule_bytes: 65536.
 - commit_granule_words: 8192.
 - virtual_space_node_default_size: 8388608.
 - enlarge_chunks_in_place: 1.
 - use_allocation_guard: 0.


Internal statistics:

num_allocs_failed_limit: 0.
num_arena_births: 48.
num_arena_deaths: 0.
num_vsnodes_births: 2.
num_vsnodes_deaths: 0.
num_space_committed: 30.
num_space_uncommitted: 0.
num_chunks_returned_to_freelist: 0.
num_chunks_taken_from_freelist: 69.
num_chunk_merges: 0.
num_chunk_splits: 40.
num_chunks_enlarged: 18.
num_inconsistent_stats: 0.

CodeHeap 'non-profiled nmethods': size=120064Kb used=195Kb max_used=195Kb free=119869Kb
 bounds [0x00000225a1ed0000, 0x00000225a2140000, 0x00000225a9410000]
CodeHeap 'profiled nmethods': size=120000Kb used=639Kb max_used=639Kb free=119360Kb
 bounds [0x000002259a410000, 0x000002259a680000, 0x00000225a1940000]
CodeHeap 'non-nmethods': size=5696Kb used=1303Kb max_used=1317Kb free=4392Kb
 bounds [0x00000225a1940000, 0x00000225a1bb0000, 0x00000225a1ed0000]
CodeCache: size=245760Kb, used=2137Kb, max_used=2151Kb, free=243621Kb
 total_blobs=1066, nmethods=644, adapters=328, full_count=0
Compilation: enabled, stopped_count=0, restarted_count=0

Compilation events (20 events):
Event: 0.209 Thread 0x000002258b41f290 nmethod 631 0x000002259a4aae88 code [0x000002259a4aafa0, 0x000002259a4ab0c8]
Event: 0.209 Thread 0x000002258b41f290  632       3       java.lang.StringLatin1::compareTo (41 bytes)
Event: 0.209 Thread 0x000002258b41d080 nmethod 634 0x00000225a1effb88 code [0x00000225a1effc80, 0x00000225a1effd28]
Event: 0.209 Thread 0x000002258b41d080  635       4       java.util.LinkedList$ListItr::next (56 bytes)
Event: 0.209 Thread 0x000002258b41f290 nmethod 632 0x000002259a4ab188 code [0x000002259a4ab2e0, 0x000002259a4ab638]
Event: 0.209 Thread 0x000002258b41f290  628       3       java.lang.Class::getMethod (59 bytes)
Event: 0.210 Thread 0x000002258b41f290 nmethod 628 0x000002259a4ab688 code [0x000002259a4ab8c0, 0x000002259a4ac430]
Event: 0.210 Thread 0x000002258b41f290  625   !   3       java.lang.Class::getTypeName (46 bytes)
Event: 0.211 Thread 0x000002258b41f290 nmethod 625 0x000002259a4ac508 code [0x000002259a4ac880, 0x000002259a4ae0f8]
Event: 0.211 Thread 0x000002258b41f290  641       3       java.util.ArrayList::add (65 bytes)
Event: 0.211 Thread 0x000002258b41f290 nmethod 641 0x000002259a4ae188 code [0x000002259a4ae300, 0x000002259a4ae918]
Event: 0.211 Thread 0x000002258b41f290  639       3       java.util.stream.PipelineHelper::<init> (5 bytes)
Event: 0.211 Thread 0x000002258b41f290 nmethod 639 0x000002259a4ae988 code [0x000002259a4aeaa0, 0x000002259a4aec08]
Event: 0.211 Thread 0x000002258b41f290  636       1       java.lang.reflect.Method::getAnnotationBytes (5 bytes)
Event: 0.211 Thread 0x000002258b41f290 nmethod 636 0x00000225a1effe88 code [0x00000225a1efffa0, 0x00000225a1f00068]
Event: 0.211 Thread 0x000002258b41f290  637       1       java.lang.reflect.Modifier::methodModifiers (4 bytes)
Event: 0.211 Thread 0x000002258b41f290 nmethod 637 0x00000225a1f00188 code [0x00000225a1f002a0, 0x00000225a1f00348]
Event: 0.211 Thread 0x000002258b41f290  640       3       java.lang.StringConcatHelper::stringOf (20 bytes)
Event: 0.211 Thread 0x000002258b41f290 nmethod 640 0x000002259a4aec88 code [0x000002259a4aedc0, 0x000002259a4aefe0]
Event: 0.211 Thread 0x000002258b41f290  643       3       java.lang.reflect.Method::isVarArgs (5 bytes)

GC Heap History (0 events):
No events

Dll operation events (6 events):
Event: 0.009 Loaded shared library C:\Program Files\Java\jdk-23\bin\java.dll
Event: 0.039 Loaded shared library C:\Program Files\Java\jdk-23\bin\jsvml.dll
Event: 0.063 Loaded shared library C:\Program Files\Java\jdk-23\bin\net.dll
Event: 0.065 Loaded shared library C:\Program Files\Java\jdk-23\bin\nio.dll
Event: 0.068 Loaded shared library C:\Program Files\Java\jdk-23\bin\zip.dll
Event: 0.140 Loaded shared library C:\Users\jjacq\AppData\Local\Programs\Python\Python313\Lib\site-packages\_jpype.cp313-win_amd64.pyd

Deoptimization events (20 events):
Event: 0.077 Thread 0x000002258b267f70 DEOPT PACKING pc=0x000002259a4231c1 sp=0x00000080ad4db9b0
Event: 0.077 Thread 0x000002258b267f70 DEOPT UNPACKING pc=0x00000225a1994b22 sp=0x00000080ad4dae20 mode 0
Event: 0.078 Thread 0x000002258b267f70 DEOPT PACKING pc=0x000002259a4231c1 sp=0x00000080ad4dc020
Event: 0.078 Thread 0x000002258b267f70 DEOPT UNPACKING pc=0x00000225a1994b22 sp=0x00000080ad4db4a8 mode 0
Event: 0.078 Thread 0x000002258b267f70 DEOPT PACKING pc=0x000002259a4231c1 sp=0x00000080ad4db9b0
Event: 0.078 Thread 0x000002258b267f70 DEOPT UNPACKING pc=0x00000225a1994b22 sp=0x00000080ad4dae20 mode 0
Event: 0.079 Thread 0x000002258b267f70 DEOPT PACKING pc=0x000002259a4231c1 sp=0x00000080ad4db9b0
Event: 0.079 Thread 0x000002258b267f70 DEOPT UNPACKING pc=0x00000225a1994b22 sp=0x00000080ad4dae20 mode 0
Event: 0.079 Thread 0x000002258b267f70 DEOPT PACKING pc=0x000002259a4231c1 sp=0x00000080ad4db9b0
Event: 0.079 Thread 0x000002258b267f70 DEOPT UNPACKING pc=0x00000225a1994b22 sp=0x00000080ad4dae20 mode 0
Event: 0.079 Thread 0x000002258b267f70 DEOPT PACKING pc=0x000002259a4231c1 sp=0x00000080ad4db9b0
Event: 0.079 Thread 0x000002258b267f70 DEOPT UNPACKING pc=0x00000225a1994b22 sp=0x00000080ad4dae20 mode 0
Event: 0.079 Thread 0x000002258b267f70 DEOPT PACKING pc=0x000002259a4231c1 sp=0x00000080ad4db9b0
Event: 0.079 Thread 0x000002258b267f70 DEOPT UNPACKING pc=0x00000225a1994b22 sp=0x00000080ad4dae20 mode 0
Event: 0.079 Thread 0x000002258b267f70 DEOPT PACKING pc=0x000002259a4231c1 sp=0x00000080ad4db9b0
Event: 0.079 Thread 0x000002258b267f70 DEOPT UNPACKING pc=0x00000225a1994b22 sp=0x00000080ad4dae20 mode 0
Event: 0.094 Thread 0x000002258b267f70 Uncommon trap: trap_request=0xffffff45 fr.pc=0x00000225a1ed7bf4 relative=0x0000000000000234
Event: 0.094 Thread 0x000002258b267f70 Uncommon trap: reason=unstable_if action=reinterpret pc=0x00000225a1ed7bf4 method=jdk.internal.util.ArraysSupport.hashCodeOfUnsigned([BIII)I @ 1 c2
Event: 0.094 Thread 0x000002258b267f70 DEOPT PACKING pc=0x00000225a1ed7bf4 sp=0x00000080ad4d7bb0
Event: 0.094 Thread 0x000002258b267f70 DEOPT UNPACKING pc=0x00000225a1994402 sp=0x00000080ad4d7b30 mode 2

Classes loaded (20 events):
Event: 0.192 Loading class java/io/ObjectInputStream
Event: 0.192 Loading class java/io/ObjectInput
Event: 0.192 Loading class java/io/ObjectInput done
Event: 0.192 Loading class java/io/ObjectStreamConstants
Event: 0.192 Loading class java/io/ObjectStreamConstants done
Event: 0.192 Loading class java/io/ObjectInputStream done
Event: 0.192 Loading class java/io/ObjectOutputStream
Event: 0.193 Loading class java/io/ObjectOutput
Event: 0.193 Loading class java/io/ObjectOutput done
Event: 0.193 Loading class java/io/ObjectOutputStream done
Event: 0.197 Loading class jdk/internal/vm/annotation/ForceInline
Event: 0.197 Loading class jdk/internal/vm/annotation/ForceInline done
Event: 0.203 Loading class java/lang/Deprecated
Event: 0.203 Loading class java/lang/Deprecated done
Event: 0.203 Loading class java/lang/annotation/Documented
Event: 0.203 Loading class java/lang/annotation/Documented done
Event: 0.208 Loading class java/nio/charset/CharacterCodingException
Event: 0.208 Loading class java/nio/charset/CharacterCodingException done
Event: 0.208 Loading class java/lang/foreign/MemorySegment
Event: 0.208 Loading class java/lang/foreign/MemorySegment done

Classes unloaded (0 events):
No events

Classes redefined (0 events):
No events

Internal exceptions (13 events):
Event: 0.086 Thread 0x000002258b267f70 Exception <a 'java/lang/NoClassDefFoundError'{0x000000008b9acef8}: org/jpype/classloader/DynamicClassLoader> (0x000000008b9acef8) 
thrown [s\open\src\hotspot\share\classfile\systemDictionary.cpp, line 302]
Event: 0.124 Thread 0x000002258b267f70 Exception <a 'java/lang/NoSuchMethodError'{0x000000008b853cf0}: 'void java.lang.invoke.DirectMethodHandle$Holder.invokeSpecial(java.lang.Object, java.lang.Object, java.lang.Object)'> (0x000000008b853cf0) 
thrown [s\open\src\hotspot\share\interpreter\linkResolver.cpp, line 796]
Event: 0.126 Thread 0x000002258b267f70 Exception <a 'java/lang/NoSuchMethodError'{0x000000008b85d6a0}: 'void java.lang.invoke.DirectMethodHandle$Holder.invokeStatic(java.lang.Object, int, java.lang.Object)'> (0x000000008b85d6a0) 
thrown [s\open\src\hotspot\share\interpreter\linkResolver.cpp, line 796]
Event: 0.144 Thread 0x000002258b267f70 Exception <a 'java/lang/NoSuchMethodError'{0x000000008b8c10b0}: 'int java.lang.invoke.DirectMethodHandle$Holder.invokeStaticInit(java.lang.Object, java.lang.Object)'> (0x000000008b8c10b0) 
thrown [s\open\src\hotspot\share\interpreter\linkResolver.cpp, line 796]
Event: 0.145 Thread 0x000002258b267f70 Exception <a 'java/lang/NoSuchMethodError'{0x000000008b8c71e8}: 'java.lang.Object java.lang.invoke.DirectMethodHandle$Holder.invokeStaticInit(java.lang.Object, int)'> (0x000000008b8c71e8) 
thrown [s\open\src\hotspot\share\interpreter\linkResolver.cpp, line 796]
Event: 0.149 Thread 0x000002258b267f70 Exception <a 'java/lang/NoSuchMethodError'{0x000000008b8e7c58}: 'void java.lang.invoke.DirectMethodHandle$Holder.invokeStatic(java.lang.Object, java.lang.Object, java.lang.Object, java.lang.Object)'> (0x000000008b8e7c58) 
thrown [s\open\src\hotspot\share\interpreter\linkResolver.cpp, line 796]
Event: 0.156 Thread 0x000002258b267f70 Exception <a 'java/lang/NoSuchMethodError'{0x000000008b711c90}: 'java.lang.Object java.lang.invoke.DirectMethodHandle$Holder.invokeInterface(java.lang.Object, java.lang.Object)'> (0x000000008b711c90) 
thrown [s\open\src\hotspot\share\interpreter\linkResolver.cpp, line 796]
Event: 0.156 Thread 0x000002258b267f70 Exception <a 'java/lang/IncompatibleClassChangeError'{0x000000008b715270}: Found class java.lang.Object, but interface was expected> (0x000000008b715270) 
thrown [s\open\src\hotspot\share\interpreter\linkResolver.cpp, line 863]
Event: 0.156 Thread 0x000002258b267f70 Exception <a 'java/lang/NoSuchMethodError'{0x000000008b718238}: 'void java.lang.invoke.DirectMethodHandle$Holder.invokeStatic(java.lang.Object, java.lang.Object)'> (0x000000008b718238) 
thrown [s\open\src\hotspot\share\interpreter\linkResolver.cpp, line 796]
Event: 0.158 Thread 0x000002258b267f70 Exception <a 'java/lang/NoSuchMethodError'{0x000000008b722570}: 'java.lang.Object java.lang.invoke.Invokers$Holder.invokeExact_MT(java.lang.Object, java.lang.Object, java.lang.Object, java.lang.Object, java.lang.Object)'> (0x000000008b722570) 
thrown [s\open\src\hotspot\share\interpreter\linkResolver.cpp, line 796]
Event: 0.159 Thread 0x000002258b267f70 Exception <a 'java/lang/NoSuchMethodError'{0x000000008b726a80}: 'int java.lang.invoke.DirectMethodHandle$Holder.invokeSpecial(java.lang.Object, java.lang.Object, java.lang.Object)'> (0x000000008b726a80) 
thrown [s\open\src\hotspot\share\interpreter\linkResolver.cpp, line 796]
Event: 0.160 Thread 0x000002258b267f70 Exception <a 'java/lang/NoSuchMethodError'{0x000000008b737900}: 'int java.lang.invoke.Invokers$Holder.invokeExact_MT(java.lang.Object, java.lang.Object, java.lang.Object)'> (0x000000008b737900) 
thrown [s\open\src\hotspot\share\interpreter\linkResolver.cpp, line 796]
Event: 0.185 Thread 0x000002258b267f70 Exception <a 'java/lang/IncompatibleClassChangeError'{0x000000008b7ea360}: Found class java.lang.Object, but interface was expected> (0x000000008b7ea360) 
thrown [s\open\src\hotspot\share\interpreter\linkResolver.cpp, line 863]

VM Operations (2 events):
Event: 0.076 Executing VM operation: HandshakeAllThreads (Deoptimize)
Event: 0.076 Executing VM operation: HandshakeAllThreads (Deoptimize) done

Memory protections (0 events):
No events

Nmethod flushes (0 events):
No events

Events (12 events):
Event: 0.024 Thread 0x000002258b267f70 Thread added: 0x000002258b267f70
Event: 0.035 Thread 0x000002258b267f70 Thread added: 0x000002258b268c90
Event: 0.036 Thread 0x000002258b267f70 Thread added: 0x000002258b269320
Event: 0.036 Thread 0x000002258b267f70 Thread added: 0x000002258b26ad60
Event: 0.036 Thread 0x000002258b267f70 Thread added: 0x000002258b26b3f0
Event: 0.036 Thread 0x000002258b267f70 Thread added: 0x000002258b264460
Event: 0.036 Thread 0x000002258b267f70 Thread added: 0x000002258b264af0
Event: 0.036 Thread 0x000002258b267f70 Thread added: 0x000002258b41d080
Event: 0.036 Thread 0x000002258b267f70 Thread added: 0x000002258b41f290
Event: 0.059 Thread 0x000002258b267f70 Thread added: 0x000002258b26ba80
Event: 0.062 Thread 0x000002258b267f70 Thread added: 0x000002258b26c110
Event: 0.169 Thread 0x000002258b267f70 Thread added: 0x000002258b265180


Dynamic libraries:
0x00007ff783310000 - 0x00007ff78332a000 	c:\Users\jjacq\AppData\Local\Programs\Python\Python313\python.exe
0x00007ffa1ea10000 - 0x00007ffa1ec27000 	C:\Windows\SYSTEM32\ntdll.dll
0x00007ffa1cf80000 - 0x00007ffa1d044000 	C:\Windows\System32\KERNEL32.DLL
0x00007ffa1c200000 - 0x00007ffa1c5b7000 	C:\Windows\System32\KERNELBASE.dll
0x00007ffa1c5f0000 - 0x00007ffa1c701000 	C:\Windows\System32\ucrtbase.dll
0x00007ff97eb30000 - 0x00007ff97f17c000 	c:\Users\jjacq\AppData\Local\Programs\Python\Python313\python313.dll
0x00007ff9f5a80000 - 0x00007ff9f5a9e000 	c:\Users\jjacq\AppData\Local\Programs\Python\Python313\VCRUNTIME140.dll
0x00007ffa1ca80000 - 0x00007ffa1caf1000 	C:\Windows\System32\WS2_32.dll
0x00007ffa1e8b0000 - 0x00007ffa1e9c4000 	C:\Windows\System32\RPCRT4.dll
0x00007ffa1c5c0000 - 0x00007ffa1c5e8000 	C:\Windows\System32\bcrypt.dll
0x00007ffa1d4d0000 - 0x00007ffa1d582000 	C:\Windows\System32\ADVAPI32.dll
0x00007ffa1a920000 - 0x00007ffa1a92a000 	C:\Windows\SYSTEM32\VERSION.dll
0x00007ffa1c760000 - 0x00007ffa1c807000 	C:\Windows\System32\msvcrt.dll
0x00007ffa1e800000 - 0x00007ffa1e8a8000 	C:\Windows\System32\sechost.dll
0x00007ffa1be40000 - 0x00007ffa1bebb000 	C:\Windows\System32\bcryptprimitives.dll
0x00000225d3380000 - 0x00000225d3390000 	c:\Users\jjacq\AppData\Local\Programs\Python\Python313\python3.DLL
0x00007ffa13c60000 - 0x00007ffa13c6b000 	c:\Users\jjacq\AppData\Local\Programs\Python\Python313\DLLs\_wmi.pyd
0x00007ffa1e720000 - 0x00007ffa1e7f7000 	C:\Windows\System32\OLEAUT32.dll
0x00007ffa1c160000 - 0x00007ffa1c1fa000 	C:\Windows\System32\msvcp_win.dll
0x00007ffa1d0e0000 - 0x00007ffa1d46e000 	C:\Windows\System32\combase.dll
0x00007ffa13740000 - 0x00007ffa13841000 	C:\Windows\SYSTEM32\PROPSYS.dll
0x00007ffa13c50000 - 0x00007ffa13c5c000 	c:\Users\jjacq\AppData\Local\Programs\Python\Python313\VCRUNTIME140_1.dll
0x00007ff9e8fb0000 - 0x00007ff9e90b5000 	C:\Users\jjacq\AppData\Roaming\Python\Python313\site-packages\zmq\backend\cython\_zmq.cp313-win_amd64.pyd
0x00007ffa1a4e0000 - 0x00007ffa1a50d000 	C:\Windows\SYSTEM32\IPHLPAPI.DLL
0x00007ffa1b410000 - 0x00007ffa1b41c000 	C:\Windows\SYSTEM32\CRYPTBASE.DLL
0x00007ffa03030000 - 0x00007ffa03046000 	c:\Users\jjacq\AppData\Local\Programs\Python\Python313\DLLs\_socket.pyd
0x00007ffa053b0000 - 0x00007ffa053b9000 	c:\Users\jjacq\AppData\Local\Programs\Python\Python313\DLLs\select.pyd
0x00007ffa13c20000 - 0x00007ffa13c4e000 	c:\Users\jjacq\AppData\Local\Programs\Python\Python313\DLLs\_ssl.pyd
0x00007ffa1bec0000 - 0x00007ffa1c026000 	C:\Windows\System32\CRYPT32.dll
0x00007ff998fa0000 - 0x00007ff9994a3000 	c:\Users\jjacq\AppData\Local\Programs\Python\Python313\DLLs\libcrypto-3.dll
0x00007ffa1d6e0000 - 0x00007ffa1d88f000 	C:\Windows\System32\USER32.dll
0x00007ffa1c710000 - 0x00007ffa1c736000 	C:\Windows\System32\win32u.dll
0x00007ff9ec330000 - 0x00007ff9ec3f3000 	c:\Users\jjacq\AppData\Local\Programs\Python\Python313\DLLs\libssl-3.dll
0x00007ffa1da70000 - 0x00007ffa1da99000 	C:\Windows\System32\GDI32.dll
0x00007ffa1bd20000 - 0x00007ffa1be38000 	C:\Windows\System32\gdi32full.dll
0x00007ffa1d6a0000 - 0x00007ffa1d6d1000 	C:\Windows\System32\IMM32.DLL
0x00007ffa12a50000 - 0x00007ffa12a62000 	c:\Users\jjacq\AppData\Local\Programs\Python\Python313\DLLs\_asyncio.pyd
0x00007ffa0bf00000 - 0x00007ffa0bf0e000 	c:\Users\jjacq\AppData\Local\Programs\Python\Python313\DLLs\_overlapped.pyd
0x00007ffa1b1a0000 - 0x00007ffa1b209000 	C:\Windows\system32\mswsock.dll
0x00007ffa02e60000 - 0x00007ffa02e75000 	c:\Users\jjacq\AppData\Local\Programs\Python\Python313\DLLs\_bz2.pyd
0x00007ff9e6570000 - 0x00007ff9e6597000 	c:\Users\jjacq\AppData\Local\Programs\Python\Python313\DLLs\_lzma.pyd
0x00007ffa054d0000 - 0x00007ffa054d9000 	c:\Users\jjacq\AppData\Local\Programs\Python\Python313\DLLs\_queue.pyd
0x00007ffa0bee0000 - 0x00007ffa0bef0000 	c:\Users\jjacq\AppData\Local\Programs\Python\Python313\DLLs\_hashlib.pyd
0x00007ffa0bed0000 - 0x00007ffa0bed8000 	C:\Users\jjacq\AppData\Roaming\Python\Python313\site-packages\tornado\speedups.pyd
0x00007ff9e3490000 - 0x00007ff9e34b2000 	c:\Users\jjacq\AppData\Local\Programs\Python\Python313\DLLs\_ctypes.pyd
0x00007ffa1e4d0000 - 0x00007ffa1e675000 	C:\Windows\System32\ole32.dll
0x00007ffa05150000 - 0x00007ffa0515b000 	c:\Users\jjacq\AppData\Local\Programs\Python\Python313\DLLs\libffi-8.dll
0x00007ffa05190000 - 0x00007ffa051d5000 	c:\Users\jjacq\AppData\Local\Programs\Python\Python313\DLLs\_decimal.pyd
0x00007ffa0be40000 - 0x00007ffa0be48000 	c:\Users\jjacq\AppData\Local\Programs\Python\Python313\DLLs\_uuid.pyd
0x00007ffa1daa0000 - 0x00007ffa1e309000 	C:\Windows\System32\shell32.DLL
0x00007ffa089b0000 - 0x00007ffa089d0000 	c:\Users\jjacq\AppData\Local\Programs\Python\Python313\DLLs\_sqlite3.pyd
0x00007ff9e05e0000 - 0x00007ff9e0758000 	c:\Users\jjacq\AppData\Local\Programs\Python\Python313\DLLs\sqlite3.dll
0x00007ffa05310000 - 0x00007ffa05342000 	c:\Users\jjacq\AppData\Local\Programs\Python\Python313\DLLs\pyexpat.pyd
0x00007ff9e0d60000 - 0x00007ff9e0e0f000 	c:\Users\jjacq\AppData\Local\Programs\Python\Python313\DLLs\unicodedata.pyd
0x00007ffa1ad40000 - 0x00007ffa1ad58000 	C:\Windows\SYSTEM32\kernel.appcore.dll
0x00007ffa18930000 - 0x00007ffa189e1000 	C:\Windows\system32\uxtheme.dll
0x00007ffa1c9d0000 - 0x00007ffa1ca80000 	C:\Windows\System32\clbcatq.dll
0x00007ffa06ce0000 - 0x00007ffa06cfd000 	C:\Windows\SYSTEM32\amsi.dll
0x00007ffa1b2b0000 - 0x00007ffa1b2d8000 	C:\Windows\SYSTEM32\USERENV.dll
0x00007ffa1bc50000 - 0x00007ffa1bc77000 	C:\Windows\SYSTEM32\profapi.dll
0x00007ff9fef90000 - 0x00007ff9ff013000 	C:\ProgramData\Microsoft\Windows Defender\Platform\4.18.24090.11-0\MpOav.dll
0x00007ffa05250000 - 0x00007ffa05264000 	C:\Users\jjacq\AppData\Roaming\Python\Python313\site-packages\psutil\_psutil_windows.pyd
0x00007ffa1d9a0000 - 0x00007ffa1d9a8000 	C:\Windows\System32\PSAPI.DLL
0x00007ffa1ba40000 - 0x00007ffa1ba8d000 	C:\Windows\SYSTEM32\POWRPROF.dll
0x00007ffa08e00000 - 0x00007ffa08e59000 	C:\Windows\SYSTEM32\pdh.dll
0x00007ffa1ba20000 - 0x00007ffa1ba33000 	C:\Windows\SYSTEM32\UMPDC.dll
0x00007ffa1aaf0000 - 0x00007ffa1ab04000 	C:\Windows\SYSTEM32\wtsapi32.dll
0x00007ffa1d990000 - 0x00007ffa1d999000 	C:\Windows\System32\NSI.dll
0x00007ffa15780000 - 0x00007ffa15799000 	C:\Windows\SYSTEM32\dhcpcsvc6.DLL
0x00007ffa156c0000 - 0x00007ffa156df000 	C:\Windows\SYSTEM32\dhcpcsvc.DLL
0x00007ffa1a510000 - 0x00007ffa1a612000 	C:\Windows\SYSTEM32\DNSAPI.dll
0x00007ff9f9e00000 - 0x00007ff9f9e66000 	C:\Users\jjacq\AppData\Roaming\Python\Python313\site-packages\debugpy\_vendored\pydevd\_pydevd_bundle\pydevd_cython.cp313-win_amd64.pyd
0x00007ff9ec410000 - 0x00007ff9ec466000 	C:\Users\jjacq\AppData\Roaming\Python\Python313\site-packages\debugpy\_vendored\pydevd\_pydevd_sys_monitoring\_pydevd_sys_monitoring_cython.cp313-win_amd64.pyd
0x00007ff999710000 - 0x00007ff999b22000 	c:\Users\jjacq\AppData\Local\Programs\Python\Python313\Lib\site-packages\numpy\_core\_multiarray_umath.cp313-win_amd64.pyd
0x00007ff9e0cc0000 - 0x00007ff9e0d5b000 	c:\Users\jjacq\AppData\Local\Programs\Python\Python313\Lib\site-packages\numpy.libs\msvcp140-23ebcc0b37c8e3d074511f362feac48b.dll
0x00007ff9961b0000 - 0x00007ff99750d000 	c:\Users\jjacq\AppData\Local\Programs\Python\Python313\Lib\site-packages\numpy.libs\libscipy_openblas64_-c16e4918366c6bc1f1cd71e28ca36fc0.dll
0x00007ffa05230000 - 0x00007ffa0524e000 	c:\Users\jjacq\AppData\Local\Programs\Python\Python313\Lib\site-packages\numpy\linalg\_umath_linalg.cp313-win_amd64.pyd
0x00007ffa05120000 - 0x00007ffa0514e000 	c:\Users\jjacq\AppData\Local\Programs\Python\Python313\Lib\site-packages\numpy\random\bit_generator.cp313-win_amd64.pyd
0x00007ff9ef8b0000 - 0x00007ff9ef8dd000 	c:\Users\jjacq\AppData\Local\Programs\Python\Python313\Lib\site-packages\numpy\random\_common.cp313-win_amd64.pyd
0x00007ff9e0540000 - 0x00007ff9e05e0000 	c:\Users\jjacq\AppData\Local\Programs\Python\Python313\Lib\site-packages\numpy\random\mtrand.cp313-win_amd64.pyd
0x00007ff9eace0000 - 0x00007ff9ead1b000 	c:\Users\jjacq\AppData\Local\Programs\Python\Python313\Lib\site-packages\numpy\random\_bounded_integers.cp313-win_amd64.pyd
0x00007ffa05160000 - 0x00007ffa0517a000 	c:\Users\jjacq\AppData\Local\Programs\Python\Python313\Lib\site-packages\numpy\random\_mt19937.cp313-win_amd64.pyd
0x00007ffa02f50000 - 0x00007ffa02f68000 	c:\Users\jjacq\AppData\Local\Programs\Python\Python313\Lib\site-packages\numpy\random\_philox.cp313-win_amd64.pyd
0x00007ff9f9de0000 - 0x00007ff9f9dfb000 	c:\Users\jjacq\AppData\Local\Programs\Python\Python313\Lib\site-packages\numpy\random\_pcg64.cp313-win_amd64.pyd
0x00007ff9ee8f0000 - 0x00007ff9ee903000 	c:\Users\jjacq\AppData\Local\Programs\Python\Python313\Lib\site-packages\numpy\random\_sfc64.cp313-win_amd64.pyd
0x00007ff9e0480000 - 0x00007ff9e053c000 	c:\Users\jjacq\AppData\Local\Programs\Python\Python313\Lib\site-packages\numpy\random\_generator.cp313-win_amd64.pyd
0x00007ffa04f60000 - 0x00007ffa04f6b000 	c:\Users\jjacq\AppData\Local\Programs\Python\Python313\Lib\site-packages\pandas\_libs\pandas_parser.cp313-win_amd64.pyd
0x00007ffa04f00000 - 0x00007ffa04f0c000 	c:\Users\jjacq\AppData\Local\Programs\Python\Python313\Lib\site-packages\pandas\_libs\pandas_datetime.cp313-win_amd64.pyd
0x00007ff9dc7e0000 - 0x00007ff9dc8f7000 	c:\Users\jjacq\AppData\Local\Programs\Python\Python313\Lib\site-packages\pandas\_libs\interval.cp313-win_amd64.pyd
0x00007ff998dd0000 - 0x00007ff998f97000 	c:\Users\jjacq\AppData\Local\Programs\Python\Python313\Lib\site-packages\pandas\_libs\hashtable.cp313-win_amd64.pyd
0x00007ff9eacb0000 - 0x00007ff9eacdd000 	c:\Users\jjacq\AppData\Local\Programs\Python\Python313\Lib\site-packages\pandas\_libs\missing.cp313-win_amd64.pyd
0x00007ff9ea3e0000 - 0x00007ff9ea40d000 	c:\Users\jjacq\AppData\Local\Programs\Python\Python313\Lib\site-packages\pandas\_libs\tslibs\dtypes.cp313-win_amd64.pyd
0x00007ff9ed2f0000 - 0x00007ff9ed305000 	c:\Users\jjacq\AppData\Local\Programs\Python\Python313\Lib\site-packages\pandas\_libs\tslibs\ccalendar.cp313-win_amd64.pyd
0x00007ff9ea3c0000 - 0x00007ff9ea3e0000 	c:\Users\jjacq\AppData\Local\Programs\Python\Python313\Lib\site-packages\pandas\_libs\tslibs\np_datetime.cp313-win_amd64.pyd
0x00007ff9ea380000 - 0x00007ff9ea3bc000 	c:\Users\jjacq\AppData\Local\Programs\Python\Python313\Lib\site-packages\pandas\_libs\tslibs\conversion.cp313-win_amd64.pyd
0x00007ff9e9cb0000 - 0x00007ff9e9cc1000 	c:\Users\jjacq\AppData\Local\Programs\Python\Python313\Lib\site-packages\pandas\_libs\tslibs\base.cp313-win_amd64.pyd
0x00007ff9dc060000 - 0x00007ff9dc13f000 	c:\Users\jjacq\AppData\Local\Programs\Python\Python313\Lib\site-packages\pandas\_libs\tslibs\offsets.cp313-win_amd64.pyd
0x00007ff9b4940000 - 0x00007ff9b49c0000 	c:\Users\jjacq\AppData\Local\Programs\Python\Python313\Lib\site-packages\pandas\_libs\tslibs\timestamps.cp313-win_amd64.pyd
0x00007ff9e9c70000 - 0x00007ff9e9ca4000 	c:\Users\jjacq\AppData\Local\Programs\Python\Python313\Lib\site-packages\pandas\_libs\tslibs\nattype.cp313-win_amd64.pyd
0x00007ff9b48c0000 - 0x00007ff9b4938000 	c:\Users\jjacq\AppData\Local\Programs\Python\Python313\Lib\site-packages\pandas\_libs\tslibs\timedeltas.cp313-win_amd64.pyd
0x00007ff9e6e20000 - 0x00007ff9e6e5a000 	c:\Users\jjacq\AppData\Local\Programs\Python\Python313\Lib\site-packages\pandas\_libs\tslibs\timezones.cp313-win_amd64.pyd
0x00007ffa04ca0000 - 0x00007ffa04cad000 	c:\Users\jjacq\AppData\Local\Programs\Python\Python313\DLLs\_zoneinfo.pyd
0x00000225ef6e0000 - 0x00000225ef6e3000 	C:\Windows\SYSTEM32\tzres.dll
0x00007ff9e0430000 - 0x00007ff9e0476000 	c:\Users\jjacq\AppData\Local\Programs\Python\Python313\Lib\site-packages\pandas\_libs\tslibs\fields.cp313-win_amd64.pyd
0x00007ff9e0b80000 - 0x00007ff9e0bc0000 	c:\Users\jjacq\AppData\Local\Programs\Python\Python313\Lib\site-packages\pandas\_libs\tslibs\tzconversion.cp313-win_amd64.pyd
0x00007ff9e6e00000 - 0x00007ff9e6e14000 	c:\Users\jjacq\AppData\Local\Programs\Python\Python313\Lib\site-packages\pandas\_libs\properties.cp313-win_amd64.pyd
0x00007ff99b460000 - 0x00007ff99b4b3000 	c:\Users\jjacq\AppData\Local\Programs\Python\Python313\Lib\site-packages\pandas\_libs\tslibs\parsing.cp313-win_amd64.pyd
0x00007ff9ddcc0000 - 0x00007ff9ddd0e000 	c:\Users\jjacq\AppData\Local\Programs\Python\Python313\Lib\site-packages\pandas\_libs\tslibs\strptime.cp313-win_amd64.pyd
0x00007ff99b3f0000 - 0x00007ff99b459000 	c:\Users\jjacq\AppData\Local\Programs\Python\Python313\Lib\site-packages\pandas\_libs\tslibs\period.cp313-win_amd64.pyd
0x00007ff9dc7a0000 - 0x00007ff9dc7d3000 	c:\Users\jjacq\AppData\Local\Programs\Python\Python313\Lib\site-packages\pandas\_libs\tslibs\vectorized.cp313-win_amd64.pyd
0x00007ffa02e00000 - 0x00007ffa02e10000 	c:\Users\jjacq\AppData\Local\Programs\Python\Python313\Lib\site-packages\pandas\_libs\ops_dispatch.cp313-win_amd64.pyd
0x00007ff998c00000 - 0x00007ff998dc2000 	c:\Users\jjacq\AppData\Local\Programs\Python\Python313\Lib\site-packages\pandas\_libs\algos.cp313-win_amd64.pyd
0x00007ff998b50000 - 0x00007ff998bf7000 	c:\Users\jjacq\AppData\Local\Programs\Python\Python313\Lib\site-packages\pandas\_libs\lib.cp313-win_amd64.pyd
0x00007ff9cb560000 - 0x00007ff9cb595000 	c:\Users\jjacq\AppData\Local\Programs\Python\Python313\Lib\site-packages\pandas\_libs\ops.cp313-win_amd64.pyd
0x00007ff9c7c10000 - 0x00007ff9c7c3c000 	c:\Users\jjacq\AppData\Local\Programs\Python\Python313\Lib\site-packages\pandas\_libs\hashing.cp313-win_amd64.pyd
0x00007ff9e0ca0000 - 0x00007ff9e0cbc000 	c:\Users\jjacq\AppData\Local\Programs\Python\Python313\Lib\site-packages\pandas\_libs\arrays.cp313-win_amd64.pyd
0x00007ff99b3a0000 - 0x00007ff99b3e3000 	c:\Users\jjacq\AppData\Local\Programs\Python\Python313\Lib\site-packages\pandas\_libs\tslib.cp313-win_amd64.pyd
0x00007ff998a70000 - 0x00007ff998b42000 	c:\Users\jjacq\AppData\Local\Programs\Python\Python313\Lib\site-packages\pandas\_libs\sparse.cp313-win_amd64.pyd
0x00007ff9996b0000 - 0x00007ff999701000 	c:\Users\jjacq\AppData\Local\Programs\Python\Python313\Lib\site-packages\pandas\_libs\internals.cp313-win_amd64.pyd
0x00007ff9e0320000 - 0x00007ff9e0331000 	c:\Users\jjacq\AppData\Local\Programs\Python\Python313\Lib\site-packages\pandas\_libs\indexing.cp313-win_amd64.pyd
0x00007ff9989b0000 - 0x00007ff998a66000 	c:\Users\jjacq\AppData\Local\Programs\Python\Python313\Lib\site-packages\pandas\_libs\index.cp313-win_amd64.pyd
0x00007ff99b540000 - 0x00007ff99b574000 	c:\Users\jjacq\AppData\Local\Programs\Python\Python313\Lib\site-packages\pandas\_libs\writers.cp313-win_amd64.pyd
0x00007ff9960a0000 - 0x00007ff9961af000 	c:\Users\jjacq\AppData\Local\Programs\Python\Python313\Lib\site-packages\pandas\_libs\join.cp313-win_amd64.pyd
0x00007ff998950000 - 0x00007ff9989a9000 	c:\Users\jjacq\AppData\Local\Programs\Python\Python313\Lib\site-packages\pandas\_libs\window\aggregations.cp313-win_amd64.pyd
0x00007ff9975f0000 - 0x00007ff99768b000 	c:\Users\jjacq\AppData\Local\Programs\Python\Python313\Lib\site-packages\pandas.libs\msvcp140-0f2ea95580b32bcfc81c235d5751ce78.dll
0x00007ff9b93c0000 - 0x00007ff9b93ec000 	c:\Users\jjacq\AppData\Local\Programs\Python\Python313\Lib\site-packages\pandas\_libs\window\indexers.cp313-win_amd64.pyd
0x00007ff996050000 - 0x00007ff996091000 	c:\Users\jjacq\AppData\Local\Programs\Python\Python313\Lib\site-packages\pandas\_libs\reshape.cp313-win_amd64.pyd
0x00007ff995e20000 - 0x00007ff996044000 	c:\Users\jjacq\AppData\Local\Programs\Python\Python313\Lib\site-packages\pandas\_libs\groupby.cp313-win_amd64.pyd

dbghelp: loaded successfully - version: 4.0.5 - missing functions: none
symbol engine: initialized successfully - sym options: 0x614 - pdb path: .;c:\Users\jjacq\AppData\Local\Programs\Python\Python313;C:\Windows\SYSTEM32;c:\Users\jjacq\AppData\Local\Programs\Python\Python313\DLLs;C:\Users\jjacq\AppData\Roaming\Python\Python313\site-packages\zmq\backend\cython;C:\Users\jjacq\AppData\Roaming\Python\Python313\site-packages\tornado;C:\ProgramData\Microsoft\Windows Defender\Platform\4.18.24090.11-0;C:\Users\jjacq\AppData\Roaming\Python\Python313\site-packages\psutil;C:\Users\jjacq\AppData\Roaming\Python\Python313\site-packages\debugpy\_vendored\pydevd\_pydevd_bundle;C:\Users\jjacq\AppData\Roaming\Python\Python313\site-packages\debugpy\_vendored\pydevd\_pydevd_sys_monitoring;c:\Users\jjacq\AppData\Local\Programs\Python\Python313\Lib\site-packages\numpy\_core;c:\Users\jjacq\AppData\Local\Programs\Python\Python313\Lib\site-packages\numpy.libs;c:\Users\jjacq\AppData\Local\Programs\Python\Python313\Lib\site-packages\numpy\linalg;c:\Users\jjacq\AppData\Local\Programs\Python\Python313\Lib\site-packages\numpy\random;c:\Users\jjacq\AppData\Local\Programs\Python\Python313\Lib\site-packages\pandas\_libs;c:\Users\jjacq\AppData\Local\Programs\Python\Python313\Lib\site-packages\pandas\_libs\tslibs;c:\Users\jjacq\AppData\Local\Programs\Python\Python313\Lib\site-packages\pandas\_libs\window;c:\Users\jjacq\AppData\Local\Programs\Python\Python313\Lib\site-packages\pandas.libs;c:\Users\jjacq\AppData\Local\Programs\Python\Python313\Lib\site-packages\sklearn\__check_build;c:\Users\jjacq\AppData\Local\Programs\Python\Python313\Lib\site-packages\sklearn\.libs;c:\Users\jjacq\AppData\Local\Programs\Python\Python313\Lib\site-packages\scipy\_lib;c:\Users\jjacq\AppData\Local\Programs\Python\Python313\Lib\site-packages\numpy\fft;c:\Users\jjacq\AppData\Local\Programs\Python\Python313\Lib\site-packages\scipy\sparse;c:\Users\jjacq\AppData\Local\Programs\Python\Python313\Lib\site-packages\scipy\linalg;c:\Users\jjacq\AppData\Local\Programs\Python\Python313\Lib\site-packages\scipy.libs;c:\Users\jjacq\AppData\Local\Programs\Python\Python313\Lib\site-packages\scipy\sparse\linalg\_dsolve;c:\Users\jjacq\AppData\Local\Programs\Python\Python313\Lib\site-packages\scipy\sparse\linalg\_eigen\arpack;c:\Users\jjacq\AppData\Local\Programs\Python\Python313\Lib\site-packages\scipy\sparse\linalg\_propack;c:\Users\jjacq\AppData\Local\Programs\Python\Python313\Lib\site-packages\scipy\sparse\csgraph;c:\Users\jjacq\AppData\Local\Programs\Python\Python313\Lib\site-packages\scipy\special;c:\Users\jjacq\AppData\Local\Programs\Python\Python313\Lib\site-packages\scipy\spatial;c:\Users\jjacq\AppData\Local\Programs\Python\Python313\Lib\site-packages\scipy\spatial\transform;c:\Users\jjacq\AppData\Local\Programs\Python\Python313\Lib\site-packages\scipy\optimize;c:\Users\jjacq\AppData\Local\Programs\Python\Python313\Lib\site-packages\scipy\optimize\_trlib;c:\Users\jjacq\AppData\Local\Programs\Python\Python313\Lib\site-packages\scipy\optimize\_lsq;c:\Users\jjacq\AppData\Local\Programs\Python\Python313\Lib\site-packages\scipy\optimize\_highs;c:\Users\jjacq\AppData\Local\Programs\Python\Python313\Lib\site-packages\scipy\integrate;c:\Users\jjacq\AppData\Local\Programs\Python\Python313\Lib\site-packages\scipy\interpolate;c:\Users\jjacq\AppData\Local\Programs\Python\Python313\Lib\site-packages\scipy\stats;c:\Users\jjacq\AppData\Local\Programs\Python\Python313\Lib\site-packages\scipy\stats\_levy_stable;c:\Users\jjacq\AppData\Local\Programs\Python\Python313\Lib\site-packages\scipy\_lib\_uarray;c:\Users\jjacq\AppData\Local\Programs\Python\Python313\Lib\site-packages\scipy\fft\_pocketfft;c:\Users\jjacq\AppData\Local\Programs\Python\Python313\Lib\site-packages\scipy\stats\_rcont;c:\Users\jjacq\AppData\Local\Programs\Python\Python313\Lib\site-packages\scipy\stats\_unuran;c:\Users\jjacq\AppData\Local\Programs\Python\Python313\Lib\site-packages\scipy\ndimage;c:\Users\jjacq\AppData\Local\Programs\Python\Python313\Lib\site-packages\sklearn\utils;c:\Users\jjacq\AppData\Local\Programs\Python\Python313\Lib\site-packages\sklearn\metrics\cluster;c:\Users\jjacq\AppData\Local\Programs\Python\Python313\Lib\site-packages\sklearn\preprocessing;c:\Users\jjacq\AppData\Local\Programs\Python\Python313\Lib\site-packages\sklearn\metrics;c:\Users\jjacq\AppData\Local\Programs\Python\Python313\Lib\site-packages\sklearn\metrics\_pairwise_distances_reduction;c:\Users\jjacq\AppData\Local\Programs\Python\Python313\Lib\site-packages\sklearn\tree;c:\Users\jjacq\AppData\Local\Programs\Python\Python313\Lib\site-packages\sklearn\neighbors;c:\Users\jjacq\AppData\Local\Programs\Python\Python313\Lib\site-packages\sklearn\linear_model;c:\Users\jjacq\AppData\Local\Programs\Python\Python313\Lib\site-packages\sklearn\_loss;c:\Users\jjacq\AppData\Local\Programs\Python\Python313\Lib\site-packages\sklearn\svm;c:\Users\jjacq\AppData\Local\Programs\Python\Python313\Lib\site-packages\sklearn\decomposition;c:\Users\jjacq\AppData\Local\Programs\Python\Python313\Lib\site-packages\sklearn\ensemble;c:\Users\jjacq\AppData\Local\Programs\Python\Python313\Lib\site-packages\sklearn\ensemble\_hist_gradient_boosting;c:\Users\jjacq\AppData\Local\Programs\Python\Python313\Lib\site-packages\scipy\io\matlab;c:\Users\jjacq\AppData\Local\Programs\Python\Python313\Lib\site-packages\sklearn\datasets;c:\Users\jjacq\AppData\Local\Programs\Python\Python313\Lib\site-packages\sklearn\feature_extraction;c:\Users\jjacq\AppData\Local\Programs\Python\Python313\Lib\site-packages\matplotlib;c:\Users\jjacq\AppData\Local\Programs\Python\Python313\Lib\site-packages\PIL;c:\Users\jjacq\AppData\Local\Programs\Python\Python313\Lib\site-packages\kiwisolver;c:\Users\jjacq\AppData\Local\Programs\Python\Python313\Lib\site-packages;C:\Program Files\Java\jdk-23\bin\server;C:\Program Files\Java\jdk-23\bin

VM Arguments:
java_command: <unknown>
java_class_path (initial): c:\Users\jjacq\AppData\Local\Programs\Python\Python313\Lib\site-packages\jpmml_evaluator\resources\jpmml-evaluator-python-1.3-SNAPSHOT.jar;c:\Users\jjacq\AppData\Local\Programs\Python\Python313\Lib\site-packages\jpmml_evaluator\dependencies\codemodel-3.0.1.jar;c:\Users\jjacq\AppData\Local\Programs\Python\Python313\Lib\site-packages\jpmml_evaluator\dependencies\commons-math3-3.6.1.jar;c:\Users\jjacq\AppData\Local\Programs\Python\Python313\Lib\site-packages\jpmml_evaluator\dependencies\failureaccess-1.0.2.jar;c:\Users\jjacq\AppData\Local\Programs\Python\Python313\Lib\site-packages\jpmml_evaluator\dependencies\guava-33.3.1-jre.jar;c:\Users\jjacq\AppData\Local\Programs\Python\Python313\Lib\site-packages\jpmml_evaluator\dependencies\istack-commons-runtime-4.0.1.jar;c:\Users\jjacq\AppData\Local\Programs\Python\Python313\Lib\site-packages\jpmml_evaluator\dependencies\jackson-annotations-2.17.2.jar;c:\Users\jjacq\AppData\Local\Programs\Python\Python313\Lib\site-packages\jpmml_evaluator\dependencies\jakarta.activation-2.0.1.jar;c:\Users\jjacq\AppData\Local\Programs\Python\Python313\Lib\site-packages\jpmml_evaluator\dependencies\jakarta.xml.bind-api-3.0.1.jar;c:\Users\jjacq\AppData\Local\Programs\Python\Python313\Lib\site-packages\jpmml_evaluator\dependencies\jaxb-core-3.0.2.jar;c:\Users\jjacq\AppData\Local\Programs\Python\Python313\Lib\site-packages\jpmml_evaluator\dependencies\jaxb-runtime-3.0.2.jar;c:\Users\jjacq\AppData\Local\Programs\Python\Python313\Lib\site-packages\jpmml_evaluator\dependencies\jpmml-codemodel-1.1.7.jar;c:\Users\jjacq\AppData\Local\Programs\Python\Python313\Lib\site-packages\jpmml_evaluator\dependencies\pickle-1.5.jar;c:\Users\jjacq\AppData\Local\Programs\Python\Python313\Lib\site-packages\jpmml_evaluator\dependencies\pmml-converter-1.5.7.jar;c:\Users\jjacq\AppData\Local\Programs\Python\Python313\Lib\site-packages\jpmml_evaluator\dependencies\pmml-evaluator-1.6.6.jar;c:\Users\jjacq\AppData\Local\Programs\Python\Python313\Lib\site-packages\jpmml_evaluator\dependencies\pmml-evaluator-metro-1.6.6.jar;c:\Users\jjacq\AppData\Local\Programs\Python\Python313\Lib\site-packages\jpmml_evaluator\dependencies\pmml-evaluator-reporting-1.6.6.jar;c:\Users\jjacq\AppData\Local\Programs\Python\Python313\Lib\site-packages\jpmml_evaluator\dependencies\pmml-model-1.6.6.jar;c:\Users\jjacq\AppData\Local\Programs\Python\Python313\Lib\site-packages\jpmml_evaluator\dependencies\pmml-model-metro-1.6.6.jar;c:\Users\jjacq\AppData\Local\Programs\Python\Python313\Lib\site-packages\jpmml_evaluator\dependencies\pmml-python-1.2.4.jar;c:\Users\jjacq\AppData\Local\Programs\Python\Python313\Lib\site-packages\jpmml_evaluator\dependencies\pmml-transpiler-1.3.7.jar;c:\Users\jjacq\AppData\Local\Programs\Python\Python313\Lib\site-packages\jpmml_evaluator\dependencies\serpent-1.40.jar;c:\Users\jjacq\AppData\Local\Programs\Python\Python313\Lib\site-packages\jpmml_evaluator\dependencies\slf4j-api-1.7.36.jar;c:\Users\jjacq\AppData\Local\Programs\Python\Python313\Lib\site-packages\jpmml_evaluator\dependencies\slf4j-jdk14-1.7.36.jar
Launcher Type: generic

[Global flags]
     intx CICompilerCount                          = 4                                         {product} {ergonomic}
     uint ConcGCThreads                            = 3                                         {product} {ergonomic}
     uint G1ConcRefinementThreads                  = 10                                        {product} {ergonomic}
   size_t G1HeapRegionSize                         = 1048576                                   {product} {ergonomic}
   size_t InitialHeapSize                          = 130023424                                 {product} {ergonomic}
   size_t MarkStackSize                            = 4194304                                   {product} {ergonomic}
   size_t MarkStackSizeMax                         = 536870912                                 {product} {ergonomic}
   size_t MaxHeapSize                              = 2080374784                                {product} {ergonomic}
   size_t MaxNewSize                               = 1247805440                                {product} {ergonomic}
   size_t MinHeapDeltaBytes                        = 1048576                                   {product} {ergonomic}
   size_t MinHeapSize                              = 8388608                                   {product} {ergonomic}
    uintx NonNMethodCodeHeapSize                   = 5832704                                {pd product} {ergonomic}
    uintx NonProfiledCodeHeapSize                  = 122945536                              {pd product} {ergonomic}
    uintx ProfiledCodeHeapSize                     = 122880000                              {pd product} {ergonomic}
    uintx ReservedCodeCacheSize                    = 251658240                              {pd product} {ergonomic}
     bool SegmentedCodeCache                       = true                                      {product} {ergonomic}
   size_t SoftMaxHeapSize                          = 2080374784                             {manageable} {ergonomic}
     bool UseCompressedOops                        = true                           {product lp64_product} {ergonomic}
     bool UseG1GC                                  = true                                      {product} {ergonomic}
     bool UseLargePagesIndividualAllocation        = false                                  {pd product} {ergonomic}

Logging:
Log output configuration:
 #0: stdout all=warning uptime,level,tags foldmultilines=false
 #1: stderr all=off uptime,level,tags foldmultilines=false

Environment Variables:
JAVA_HOME=C:\Program Files\Java\jdk-23
PATH=c:\Users\jjacq\AppData\Local\Programs\Python\Python313;c:\Users\jjacq\AppData\Roaming\Python\Python313\Scripts;C:\Windows\system32;C:\Windows;C:\Windows\System32\Wbem;C:\Windows\System32\WindowsPowerShell\v1.0\;C:\Windows\System32\OpenSSH\;C:\Program Files\Git\cmd;C:\Program Files\dotnet\;C:\Program Files\Graphviz\bin;C:\Users\jjacq\AppData\Local\Programs\Python\Python313;C:\Users\jjacq\AppData\Local\Programs\Python\Python313\Scripts;C:\Users\jjacq\AppData\Local\Microsoft\WindowsApps;C:\Users\jjacq\AppData\Local\Programs\Microsoft VS Code\bin;C:\Program Files\Java\jdk-23\bin;C:\Users\jjacq\AppData\Local\Programs\Python\Python313\;C:\Users\jjacq\AppData\Local\Programs\Python\Python313\Scripts\;;C:\Windows\system32;C:\Windows;C:\Windows\System32\Wbem;C:\Windows\System32\WindowsPowerShell\v1.0\;C:\Windows\System32\OpenSSH\;C:\Program Files\Git\cmd;C:\Program Files\dotnet\;C:\Program Files\Graphviz\bin;C:\Users\jjacq\AppData\Local\Programs\Python\Python313;C:\Users\jjacq\AppData\Local\Programs\Python\Python313\Scripts;C:\Users\jjacq\AppData\Local\Microsoft\WindowsApps;C:\Users\jjacq\AppData\Local\Programs\Microsoft VS Code\bin;C:\Program Files\Java\jdk-23\bin;C:\Users\jjacq\AppData\Local\Programs\Python\Python313\;C:\Users\jjacq\AppData\Local\Programs\Python\Python313\Scripts\;;C:/Program Files/Graphviz/bin/;C:/Program Files/Graphviz/bin/
USERNAME=jjacq
TERM=xterm-color
OS=Windows_NT
PROCESSOR_IDENTIFIER=Intel64 Family 6 Model 154 Stepping 4, GenuineIntel
TMP=C:\Users\jjacq\AppData\Local\Temp
TEMP=C:\Users\jjacq\AppData\Local\Temp




Periodic native trim disabled

---------------  S Y S T E M  ---------------

OS:
 Windows 11 , 64 bit Build 22621 (10.0.22621.3958)
OS uptime: 1 days 14:44 hours
Hyper-V role detected

CPU: total 12 (initial active 12) (6 cores per cpu, 2 threads per core) family 6 model 154 stepping 4 microcode 0x423, cx8, cmov, fxsr, ht, mmx, 3dnowpref, sse, sse2, sse3, ssse3, sse4.1, sse4.2, popcnt, lzcnt, tsc, tscinvbit, avx, avx2, aes, erms, clmul, bmi1, bmi2, adx, sha, fma, vzeroupper, clflush, clflushopt, clwb, hv, serialize, rdtscp, rdpid, fsrm, gfni, f16c, cet_ibt, cet_ss
Processor Information for processor 0
  Max Mhz: 1300, Current Mhz: 1300, Mhz Limit: 1300
Processor Information for processor 1
  Max Mhz: 1300, Current Mhz: 1300, Mhz Limit: 1300
Processor Information for processor 2
  Max Mhz: 1300, Current Mhz: 1300, Mhz Limit: 1300
Processor Information for processor 3
  Max Mhz: 1300, Current Mhz: 1300, Mhz Limit: 1300
Processor Information for processor 4
  Max Mhz: 1300, Current Mhz: 900, Mhz Limit: 897
Processor Information for processor 5
  Max Mhz: 1300, Current Mhz: 900, Mhz Limit: 897
Processor Information for processor 6
  Max Mhz: 1300, Current Mhz: 900, Mhz Limit: 897
Processor Information for processor 7
  Max Mhz: 1300, Current Mhz: 900, Mhz Limit: 897
Processor Information for processor 8
  Max Mhz: 1300, Current Mhz: 900, Mhz Limit: 897
Processor Information for processor 9
  Max Mhz: 1300, Current Mhz: 900, Mhz Limit: 897
Processor Information for processor 10
  Max Mhz: 1300, Current Mhz: 900, Mhz Limit: 897
Processor Information for processor 11
  Max Mhz: 1300, Current Mhz: 900, Mhz Limit: 897

Memory: 4k page, system-wide physical 7933M (2265M free)
TotalPageFile size 19197M (AvailPageFile size 8242M)
current process WorkingSet (physical memory assigned to process): 286M, peak: 286M
current process commit charge ("private bytes"): 1209M, peak: 1209M

vm_info: Java HotSpot(TM) 64-Bit Server VM (23.0.1+11-39) for windows-amd64 JRE (23.0.1+11-39), built on 2024-09-30T07:20:43Z with MS VC++ 17.6 (VS2022)

END.
