#
# A fatal error has been detected by the Java Runtime Environment:
#
#  EXCEPTION_ACCESS_VIOLATION (0xc0000005) at pc=0x00007ff97ecf648f, pid=26616, tid=29620
#
# JRE version: Java(TM) SE Runtime Environment (23.0.1+11) (build 23.0.1+11-39)
# Java VM: Java HotSpot(TM) 64-Bit Server VM (23.0.1+11-39, mixed mode, sharing, tiered, compressed oops, compressed class ptrs, g1 gc, windows-amd64)
# Problematic frame:
# C  [python313.dll+0x1c648f]
#
# No core dump will be written. Minidumps are not enabled by default on client versions of Windows
#
# If you would like to submit a bug report, please visit:
#   https://bugreport.java.com/bugreport/crash.jsp
# The crash happened outside the Java Virtual Machine in native code.
# See problematic frame for where to report the bug.
#

---------------  S U M M A R Y ------------

Command Line: 

Host: 12th Gen Intel(R) Core(TM) i5-1235U, 12 cores, 7G,  Windows 11 , 64 bit Build 22621 (10.0.22621.3958)
Time: Tue Nov  5 09:53:25 2024 Mitteleuropäische Zeit elapsed time: 3.042763 seconds (0d 0h 0m 3s)

---------------  T H R E A D  ---------------

Current thread (0x0000029697a2a0c0):  JavaThread "main"             [_thread_in_native, id=29620, stack(0x000000e426000000,0x000000e4262e0000) (2944K)]

Stack: [0x000000e426000000,0x000000e4262e0000],  sp=0x000000e4262db2c0,  free space=2924k
Native frames: (J=compiled Java code, j=interpreted, Vv=VM code, C=native code)
C  [python313.dll+0x1c648f]  (no source info available)
C  0x00007ff970e8a947  (no source info available)
C  0x00007ff970e4c9bf  (no source info available)
C  0x00007ff970e7a9be  (no source info available)
C  [python313.dll+0x56732]  (no source info available)
C  [python313.dll+0x564f0]  (no source info available)
C  0x00007ff970e7a1fd  (no source info available)
C  [python313.dll+0x11587]  (no source info available)
C  [python313.dll+0x892bd]  (no source info available)
C  [python313.dll+0x872ec]  (no source info available)
C  [python313.dll+0x7df51]  (no source info available)
C  [python313.dll+0x7de9b]  (no source info available)
C  0x00007ff970e7e254  (no source info available)
C  0x00007ff970e6c9eb  (no source info available)
C  0x00000296adefd207  (no source info available)

The last pc belongs to native method entry point (kind = native) (printed below).
Java frames: (J=compiled Java code, j=interpreted, Vv=VM code)
j  org.jpype.manager.TypeFactoryNative.newWrapper(JJ)V+0
j  org.jpype.JPypeContext.newWrapper(J)V+16
v  ~StubRoutines::call_stub 0x00000296adef0fcd
j  org.jpype.manager.TypeFactoryNative.newWrapper(JJ)V+0
j  org.jpype.JPypeContext.newWrapper(J)V+16
v  ~StubRoutines::call_stub 0x00000296adef0fcd

siginfo: EXCEPTION_ACCESS_VIOLATION (0xc0000005), reading address 0x0000000000000018


Registers:
RAX=0x0000000000000000, RBX=0x0000000000000020, RCX=0x000000e4262db310, RDX=0x0000000000000020
RSP=0x000000e4262db2c0, RBP=0x0000000000000000, RSI=0x0000000000000020, RDI=0x000000e4262db310
R8 =0x000000000000561c, R9 =0x0000000000000003, R10=0x000002969c4ac800, R11=0x000000e4262db380
R12=0x000000e4262dba20, R13=0x00000296c03c4a70, R14=0x0000000000000000, R15=0x000000e4262dba60
RIP=0x00007ff97ecf648f, EFLAGS=0x0000000000010202


Register to memory mapping:

RAX=0x0 is null
RBX=0x0000000000000020 is an unknown value
RCX=0x000000e4262db310 is pointing into the stack for thread: 0x0000029697a2a0c0
RDX=0x0000000000000020 is an unknown value
RSP=0x000000e4262db2c0 is pointing into the stack for thread: 0x0000029697a2a0c0
RBP=0x0 is null
RSI=0x0000000000000020 is an unknown value
RDI=0x000000e4262db310 is pointing into the stack for thread: 0x0000029697a2a0c0
R8 =0x000000000000561c is an unknown value
R9 =0x0000000000000003 is an unknown value
R10=0x000002969c4ac800 points into unknown readable memory: 0x0000004000000002 | 02 00 00 00 40 00 00 00
R11=0x000000e4262db380 is pointing into the stack for thread: 0x0000029697a2a0c0
R12=0x000000e4262dba20 is pointing into the stack for thread: 0x0000029697a2a0c0
R13=0x00000296c03c4a70 points into unknown readable memory: 0x00007ff970e969e0 | e0 69 e9 70 f9 7f 00 00
R14=0x0 is null
R15=0x000000e4262dba60 is pointing into the stack for thread: 0x0000029697a2a0c0

Top of Stack: (sp=0x000000e4262db2c0)
0x000000e4262db2c0:   0000029697a2a480 00000296c00cbc78
0x000000e4262db2d0:   000000e4262db4c0 00007ff97053f536
0x000000e4262db2e0:   0000000000000000 00007ff970e8a947
0x000000e4262db2f0:   0000029697a0f750 0000000000000000
0x000000e4262db300:   0000000000000020 0000029698f2fe40
0x000000e4262db310:   0000029697a2a0c0 00007ff9704ddc2b
0x000000e4262db320:   00000296df580d0b 0000000000000000
0x000000e4262db330:   0000000000000020 0000000000000000
0x000000e4262db340:   0000029697a2a0c0 00007ff97053b644
0x000000e4262db350:   0000000000000000 0000000000000000
0x000000e4262db360:   0000000000000000 00007ff970e7248f
0x000000e4262db370:   0000029697a2a0c0 0000000000000000
0x000000e4262db380:   000000e4262dba60 0000000000000000
0x000000e4262db390:   0000029697a1df62 00007ff970e718a4
0x000000e4262db3a0:   0000000000000002 0000000000000000
0x000000e4262db3b0:   00000296c03c4a70 000002960000561c
0x000000e4262db3c0:   000002969722d220 00007ff97eb3b8c0
0x000000e4262db3d0:   0000000000000100 0000000000000000
0x000000e4262db3e0:   0000000000000001 00007ffa1ea4c330
0x000000e4262db3f0:   0000029697a2a0c0 00000296e4de3f50
0x000000e4262db400:   00000296e4de3ee8 00007ff970e628f0
0x000000e4262db410:   000000e4262db520 0000000000000000
0x000000e4262db420:   0000000200000000 0000029600000000
0x000000e4262db430:   00001e87afa3df35 00007ff97ede612a
0x000000e4262db440:   00007ff97f05bc60 00007ff970e7dcb8
0x000000e4262db450:   0000000000000002 00000296e4de3ee0
0x000000e4262db460:   0000000000000000 0000000000000000
0x000000e4262db470:   000000e4262db830 0000000000000000
0x000000e4262db480:   00000000000e4930 0000000000000000
0x000000e4262db490:   00007ff97f05bc60 0000000000000000
0x000000e4262db4a0:   0000000000000000 0000029698f2fe40
0x000000e4262db4b0:   0000029698f2fe40 00007ff970e4c9bf 

Instructions: (pc=0x00007ff97ecf648f)
0x00007ff97ecf638f:   e9 36 fd e5 ff 83 39 00 7c 0b 48 83 29 01 75 05
0x00007ff97ecf639f:   e8 7c 6c e8 ff 49 8b 47 10 4c 8d 05 45 0f 0f 00
0x00007ff97ecf63af:   48 85 c0 4c 8d 0d bf 02 0f 00 48 8d 15 98 d4 16
0x00007ff97ecf63bf:   00 4d 0f 45 c8 4c 8d 05 9d 98 0f 00 4c 0f 45 c0
0x00007ff97ecf63cf:   41 8d 44 24 01 89 44 24 28 48 89 74 24 20 e9 b9
0x00007ff97ecf63df:   fa e5 ff 49 8b 14 c1 8b 0a 83 c1 01 74 02 89 0a
0x00007ff97ecf63ef:   48 ff c0 49 3b c0 72 eb e9 ac cc e6 ff 48 8b 41
0x00007ff97ecf63ff:   10 48 85 c0 0f 8e ad cc e6 ff 4b 8d 14 c1 4c 8b
0x00007ff97ecf640f:   1a 45 8b 0b 41 83 c1 01 74 03 45 89 0b 48 83 c2
0x00007ff97ecf641f:   08 48 83 e8 01 75 e7 e9 8b cc e6 ff cc 49 83 fa
0x00007ff97ecf642f:   01 49 0f 45 c3 4d 3b d1 4d 8b ca 4c 8d 1d af 9a
0x00007ff97ecf643f:   0f 00 eb 12 49 83 f9 01 49 0f 45 c3 4c 8d 1d b6
0x00007ff97ecf644f:   bd 0f 00 4d 3b d1 48 8b 0d 0c c5 37 00 4d 0f 45
0x00007ff97ecf645f:   c3 48 89 54 24 28 48 8d 15 84 5a 2f 00 48 89 44
0x00007ff97ecf646f:   24 20 e8 4a 11 e8 ff 90 e9 f4 9e e7 ff e8 d7 ec
0x00007ff97ecf647f:   ff ff 90 e9 dd a3 e7 ff cc 48 8b 81 70 03 00 00
0x00007ff97ecf648f:   48 8b 48 18 48 03 48 10 48 8d 41 07 48 83 e0 f8
0x00007ff97ecf649f:   48 03 c2 48 8d 51 01 48 8d 14 d0 e9 66 b3 e7 ff
0x00007ff97ecf64af:   4c 39 70 08 0f 85 e0 b3 e7 ff e9 45 b4 e7 ff 48
0x00007ff97ecf64bf:   8b cd e8 86 2b fa ff 48 8b d8 e9 cb b3 e7 ff 4c
0x00007ff97ecf64cf:   8b 05 4b 70 43 00 33 d2 48 8b cb ff d0 90 e9 de
0x00007ff97ecf64df:   b3 e7 ff 48 8b 0d a7 c4 37 00 48 8d 15 50 c8 16
0x00007ff97ecf64ef:   00 e8 6b 16 f0 ff 33 c0 e9 78 bb e7 ff 4c 8b 05
0x00007ff97ecf64ff:   1d 70 43 00 33 d2 48 8b cb ff d0 90 e9 50 bb e7
0x00007ff97ecf650f:   ff 48 8b ce e8 34 2b fa ff 90 e9 0e be e7 ff e8
0x00007ff97ecf651f:   05 2b fa ff 33 ff e9 48 ca e7 ff 89 05 50 60 35
0x00007ff97ecf652f:   00 e9 1e ca e7 ff 4c 8b 05 e4 6f 43 00 33 d2 48
0x00007ff97ecf653f:   8b cf ff d0 90 e9 21 ca e7 ff cc 48 8b 0d 3f c4
0x00007ff97ecf654f:   37 00 48 8d 15 e8 c7 16 00 e8 03 16 f0 ff 90 e9
0x00007ff97ecf655f:   96 e3 e7 ff ba 1c 00 00 00 e9 7a e1 e7 ff e8 b6
0x00007ff97ecf656f:   2a fa ff 90 e9 81 e3 e7 ff 48 8b ca e9 96 e1 e7
0x00007ff97ecf657f:   ff 89 05 fa 5f 35 00 e9 b3 e1 e7 ff 4c 8b 05 8e 


Stack slot to memory mapping:

stack at sp + 0 slots: 0x0000029697a2a480 points into unknown readable memory: 0x00007ff970cd5e00 | 00 5e cd 70 f9 7f 00 00
stack at sp + 1 slots: 0x00000296c00cbc78 points into unknown readable memory: 0x00000296bc4060f8 | f8 60 40 bc 96 02 00 00
stack at sp + 2 slots: 0x000000e4262db4c0 is pointing into the stack for thread: 0x0000029697a2a0c0
stack at sp + 3 slots: 0x00007ff97053f536 points into unknown readable memory: 4c 8d
stack at sp + 4 slots: 0x0 is null
stack at sp + 5 slots: 0x00007ff970e8a947 points into unknown readable memory: eb
stack at sp + 6 slots: 0x0000029697a0f750 points into unknown readable memory: 0x0000000000000004 | 04 00 00 00 00 00 00 00
stack at sp + 7 slots: 0x0 is null

Lock stack of current Java thread (top to bottom):
LockStack[1]: org.jpype.manager.TypeFactoryNative 
{0x000000008b8aeb88} - klass: 'org/jpype/manager/TypeFactoryNative'
 - ---- fields (total size 3 words):
 - public 'context' 'J' @16  0 (0x0000000000000000)
LockStack[0]: org.jpype.manager.TypeFactoryNative 
{0x000000008b8aeb88} - klass: 'org/jpype/manager/TypeFactoryNative'
 - ---- fields (total size 3 words):
 - public 'context' 'J' @16  0 (0x0000000000000000)

native method entry point (kind = native)  [0x00000296adefcde0, 0x00000296adefd938]  2904 bytes
[MachCode]
  0x00000296adefcde0: 488b 4b08 | 0fb7 492e | 584c 8d74 | ccf8 6800 | 0000 0068 | 0000 0000 | 5055 488b | ec41 5568 
  0x00000296adefce00: 0000 0000 | 4c8b 6b08 | 4d8d 6d38 | 5348 8b53 | 0848 8b52 | 0848 8b52 | 1848 8b52 | 7048 8b12 
  0x00000296adefce20: 5248 8b53 | 1048 85d2 | 0f84 0700 | 0000 4881 | c210 0100 | 0052 488b | 5308 488b | 5208 488b 
  0x00000296adefce40: 5210 5249 | 8bc6 482b | c548 c1e8 | 0350 6800 | 0000 0068 | f7ff ffff | 41c6 8771 | 0400 0001 
  0x00000296adefce60: 488b 4310 | 4885 c074 | 208b 88cc | 0000 0083 | c102 8988 | cc00 0000 | 2388 e000 | 0000 0f84 
  0x00000296adefce80: 000a 0000 | e9cf 0000 | 0048 8b43 | 1848 85c0 | 0f85 b000 | 0000 e805 | 0000 00e9 | 9900 0000 
  0x00000296adefcea0: 488b d348 | 8d44 2408 | 4c89 6dc0 | 498b cfc5 | f877 4989 | afb0 0300 | 0049 8987 | a003 0000 
  0x00000296adefcec0: 4883 ec20 | 40f6 c40f | 0f84 1900 | 0000 4883 | ec08 48b8 | 9026 4c70 | f97f 0000 | ffd0 4883 
  0x00000296adefcee0: c408 e90c | 0000 0048 | b890 264c | 70f9 7f00 | 00ff d048 | 83c4 2049 | c787 a003 | 0000 0000 
  0x00000296adefcf00: 0000 49c7 | 87b0 0300 | 0000 0000 | 0049 c787 | a803 0000 | 0000 0000 | c5f8 7749 | 837f 0800 
  0x00000296adefcf20: 0f84 0500 | 0000 e995 | 3fff ff4c | 8b6d c04c | 8b75 c84e | 8d74 f500 | c348 8b43 | 1848 85c0 
  0x00000296adefcf40: 0f84 1200 | 0000 8b48 | 0883 c102 | 8948 0823 | 481c 0f84 | 2c09 0000 | 493b a7e8 | 0400 000f 
  0x00000296adefcf60: 8748 0000 | 0089 8424 | 00f0 ffff | 8984 2400 | e0ff ff89 | 8424 00d0 | ffff 8984 | 2400 c0ff 
  0x00000296adefcf80: ff89 8424 | 00b0 ffff | 8984 2400 | a0ff ff89 | 8424 0090 | ffff 8984 | 2400 80ff | ff49 3ba7 
  0x00000296adefcfa0: e004 0000 | 7607 4989 | a7e8 0400 | 0041 c687 | 7104 0000 | 0049 ba41 | add3 70f9 | 7f00 0041 
  0x00000296adefcfc0: 803a 000f | 843e 0000 | 0048 8b55 | e849 8bcf | 4883 ec20 | 40f6 c40f | 0f84 1900 | 0000 4883 
  0x00000296adefcfe0: ec08 48b8 | 10ee 8370 | f97f 0000 | ffd0 4883 | c408 e90c | 0000 0048 | b810 ee83 | 70f9 7f00 
  0x00000296adefd000: 00ff d048 | 83c4 2048 | 8b5d e84c | 8b5b 0845 | 0fb7 5b2e | 41c1 e303 | 492b e348 | 83ec 2048 
  0x00000296adefd020: 83e4 f04c | 8b5b 604d | 85db 0f85 | ab00 0000 | e805 0000 | 00e9 9900 | 0000 488b | d348 8d44 
  0x00000296adefd040: 2408 4c89 | 6dc0 498b | cfc5 f877 | 4989 afb0 | 0300 0049 | 8987 a003 | 0000 4883 | ec20 40f6 
  0x00000296adefd060: c40f 0f84 | 1900 0000 | 4883 ec08 | 48b8 f04d | 4c70 f97f | 0000 ffd0 | 4883 c408 | e90c 0000 
  0x00000296adefd080: 0048 b8f0 | 4d4c 70f9 | 7f00 00ff | d048 83c4 | 2049 c787 | a003 0000 | 0000 0000 | 49c7 87b0 
  0x00000296adefd0a0: 0300 0000 | 0000 0049 | c787 a803 | 0000 0000 | 0000 c5f8 | 7749 837f | 0800 0f84 | 0500 0000 
  0x00000296adefd0c0: e9fb 3dff | ff4c 8b6d | c04c 8b75 | c84e 8d74 | f500 c348 | 8b5d e84c | 8b5b 6041 | ffd3 488b 
  0x00000296adefd0e0: 5de8 4889 | 4518 448b | 5b28 41f6 | c308 0f84 | 1b00 0000 | 4c8b 5b08 | 4d8b 5b08 | 4d8b 5b18 
  0x00000296adefd100: 4d8b 5b70 | 4d8b 1b4c | 895d 1048 | 8d55 1048 | 8b43 5849 | ba60 3c84 | 70f9 7f00 | 0049 3bc2 
  0x00000296adefd120: 0f85 ab00 | 0000 e805 | 0000 00e9 | 9900 0000 | 488b d348 | 8d44 2408 | 4c89 6dc0 | 498b cfc5 
  0x00000296adefd140: f877 4989 | afb0 0300 | 0049 8987 | a003 0000 | 4883 ec20 | 40f6 c40f | 0f84 1900 | 0000 4883 
  0x00000296adefd160: ec08 48b8 | f04d 4c70 | f97f 0000 | ffd0 4883 | c408 e90c | 0000 0048 | b8f0 4d4c | 70f9 7f00 
  0x00000296adefd180: 00ff d048 | 83c4 2049 | c787 a003 | 0000 0000 | 0000 49c7 | 87b0 0300 | 0000 0000 | 0049 c787 
  0x00000296adefd1a0: a803 0000 | 0000 0000 | c5f8 7749 | 837f 0800 | 0f84 0500 | 0000 e905 | 3dff ff4c | 8b6d c04c 
  0x00000296adefd1c0: 8b75 c84e | 8d74 f500 | c348 8b5d | e848 8b43 | 5849 8d8f | c003 0000 | c5f8 7749 | 89af b003 
  0x00000296adefd1e0: 0000 49ba | d8d1 efad | 9602 0000 | 4d89 97a8 | 0300 0049 | 89a7 a003 | 0000 41c7 | 8744 0400 
  0x00000296adefd200: 0004 0000 | 00ff d0c5 | f877 4883 | ec10 c5fb | 1104 2448 | 83ec 1048 | 8904 2448 | c744 2408 
  0x00000296adefd220: 0000 0000 | 41c7 8744 | 0400 0005 | 0000 00f0 | 8344 24c0 | 0049 3baf | 4804 0000 | 0f87 0e00 
  0x00000296adefd240: 0000 4183 | bf40 0400 | 0000 0f84 | 2000 0000 | 498b cf4c | 8be4 4883 | ec20 4883 | e4f0 48b8 
  0x00000296adefd260: 90a9 4d70 | f97f 0000 | ffd0 498b | e44d 33e4 | 41c7 8744 | 0400 0008 | 0000 0049 | c787 a003 
  0x00000296adefd280: 0000 0000 | 0000 49c7 | 87b0 0300 | 0000 0000 | 0049 c787 | a803 0000 | 0000 0000 | c5f8 774d 
  0x00000296adefd2a0: 8b9f 3004 | 0000 41c7 | 8300 0100 | 0000 0000 | 0049 bbda | a5ef ad96 | 0200 004c | 3b5d 180f 
  0x00000296adefd2c0: 8524 0200 | 0048 8b04 | 2448 83c4 | 1048 85c0 | 0f84 fe01 | 0000 a803 | 0f85 0800 | 0000 488b 
  0x00000296adefd2e0: 00e9 ee01 | 0000 a801 | 0f85 0900 | 0000 488b | 40fe e9dd | 0100 0048 | 8b40 ff41 | 807f 3800 
  0x00000296adefd300: 0f84 ce01 | 0000 4883 | f800 0f84 | c401 0000 | 4d8b 5f28 | 4983 fb00 | 0f84 1400 | 0000 4983 
  0x00000296adefd320: eb08 4d89 | 5f28 4d03 | 5f30 4989 | 03e9 a201 | 0000 4881 | ecd0 0000 | 0048 8904 | 2448 894c 
  0x00000296adefd340: 2408 4889 | 5424 1048 | 8974 2418 | 4889 7c24 | 204c 8944 | 2428 4c89 | 4c24 304c | 8954 2438 
  0x00000296adefd360: 4c89 5c24 | 40c5 fb11 | 4424 50c5 | fb11 4c24 | 58c5 fb11 | 5424 60c5 | fb11 5c24 | 68c5 fb11 
  0x00000296adefd380: 6424 70c5 | fb11 6c24 | 78c5 fb11 | b424 8000 | 0000 c5fb | 11bc 2488 | 0000 00c5 | 7b11 8424 
  0x00000296adefd3a0: 9000 0000 | c57b 118c | 2498 0000 | 00c5 7b11 | 9424 a000 | 0000 c57b | 119c 24a8 | 0000 00c5 
  0x00000296adefd3c0: 7b11 a424 | b000 0000 | c57b 11ac | 24b8 0000 | 00c5 7b11 | b424 c000 | 0000 c57b | 11bc 24c8 
  0x00000296adefd3e0: 0000 0049 | 8bd7 488b | c848 83ec | 2040 f6c4 | 0f0f 8419 | 0000 0048 | 83ec 0848 | b8e0 0741 
  0x00000296adefd400: 70f9 7f00 | 00ff d048 | 83c4 08e9 | 0c00 0000 | 48b8 e007 | 4170 f97f | 0000 ffd0 | 4883 c420 
  0x00000296adefd420: c57b 10bc | 24c8 0000 | 00c5 7b10 | b424 c000 | 0000 c57b | 10ac 24b8 | 0000 00c5 | 7b10 a424 
  0x00000296adefd440: b000 0000 | c57b 109c | 24a8 0000 | 00c5 7b10 | 9424 a000 | 0000 c57b | 108c 2498 | 0000 00c5 
  0x00000296adefd460: 7b10 8424 | 9000 0000 | c5fb 10bc | 2488 0000 | 00c5 fb10 | b424 8000 | 0000 c5fb | 106c 2478 
  0x00000296adefd480: c5fb 1064 | 2470 c5fb | 105c 2468 | c5fb 1054 | 2460 c5fb | 104c 2458 | c5fb 1044 | 2450 4c8b 
  0x00000296adefd4a0: 5c24 404c | 8b54 2438 | 4c8b 4c24 | 304c 8b44 | 2428 488b | 7c24 2048 | 8b74 2418 | 488b 5424 
  0x00000296adefd4c0: 1048 8b4c | 2408 488b | 0424 4881 | c4d0 0000 | 00c5 f877 | 4889 4510 | 4883 ec10 | 4889 0424 
  0x00000296adefd4e0: 48c7 4424 | 0800 0000 | 0041 83bf | c804 0000 | 020f 85bf | 0000 0048 | 81ec 8000 | 0000 4889 
  0x00000296adefd500: 4424 7848 | 894c 2470 | 4889 5424 | 6848 895c | 2460 4889 | 6c24 5048 | 8974 2448 | 4889 7c24 
  0x00000296adefd520: 404c 8944 | 2438 4c89 | 4c24 304c | 8954 2428 | 4c89 5c24 | 204c 8964 | 2418 4c89 | 6c24 104c 
  0x00000296adefd540: 8974 2408 | 4c89 3c24 | 4c8b e448 | 83ec 2048 | 83e4 f048 | b8c0 2284 | 70f9 7f00 | 00ff d049 
  0x00000296adefd560: 8be4 4c8b | 3c24 4c8b | 7424 084c | 8b6c 2410 | 4c8b 6424 | 184c 8b5c | 2420 4c8b | 5424 284c 
  0x00000296adefd580: 8b4c 2430 | 4c8b 4424 | 3848 8b7c | 2440 488b | 7424 4848 | 8b6c 2450 | 488b 5c24 | 6048 8b54 
  0x00000296adefd5a0: 2468 488b | 4c24 7048 | 8b44 2478 | 4881 c480 | 0000 004d | 33e4 488b | 5de8 4c8b | 6b08 4d8d 
  0x00000296adefd5c0: 6d38 4983 | 7f08 000f | 84bb 0000 | 00e8 0500 | 0000 e996 | 0000 0048 | 8d44 2408 | 4c89 6dc0 
  0x00000296adefd5e0: 498b cfc5 | f877 4989 | afb0 0300 | 0049 8987 | a003 0000 | 4883 ec20 | 40f6 c40f | 0f84 1900 
  0x00000296adefd600: 0000 4883 | ec08 48b8 | 006c 4c70 | f97f 0000 | ffd0 4883 | c408 e90c | 0000 0048 | b800 6c4c 
  0x00000296adefd620: 70f9 7f00 | 00ff d048 | 83c4 2049 | c787 a003 | 0000 0000 | 0000 49c7 | 87b0 0300 | 0000 0000 
  0x00000296adefd640: 0049 c787 | a803 0000 | 0000 0000 | c5f8 7749 | 837f 0800 | 0f84 0500 | 0000 e961 | 38ff ff4c 
  0x00000296adefd660: 8b6d c04c | 8b75 c84e | 8d74 f500 | c348 b940 | d5ab 70f9 | 7f00 0048 | 83e4 f048 | b870 4a72 
  0x00000296adefd680: 70f9 7f00 | 00ff d0f4 | 448b 5b28 | 41f6 c320 | 0f84 7901 | 0000 488d | 55a8 4c8b | 5a08 4d85 
  0x00000296adefd6a0: db0f 85bb | 0000 00e8 | 0500 0000 | e996 0000 | 0048 8d44 | 2408 4c89 | 6dc0 498b | cfc5 f877 
  0x00000296adefd6c0: 4989 afb0 | 0300 0049 | 8987 a003 | 0000 4883 | ec20 40f6 | c40f 0f84 | 1900 0000 | 4883 ec08 
  0x00000296adefd6e0: 48b8 306b | 4c70 f97f | 0000 ffd0 | 4883 c408 | e90c 0000 | 0048 b830 | 6b4c 70f9 | 7f00 00ff 
  0x00000296adefd700: d048 83c4 | 2049 c787 | a003 0000 | 0000 0000 | 49c7 87b0 | 0300 0000 | 0000 0049 | c787 a803 
  0x00000296adefd720: 0000 0000 | 0000 c5f8 | 7749 837f | 0800 0f84 | 0500 0000 | e987 37ff | ff4c 8b6d | c04c 8b75 
  0x00000296adefd740: c84e 8d74 | f500 c348 | b940 d5ab | 70f9 7f00 | 0048 83e4 | f048 b870 | 4a72 70f9 | 7f00 00ff 
  0x00000296adefd760: d0f4 4c89 | 6dc0 4c8b | 4a08 48c7 | 4208 0000 | 0000 458b | 8718 0600 | 004f 3b4c | 07f8 0f85 
  0x00000296adefd780: 4900 0000 | 4183 af18 | 0600 0008 | 4f3b 4c07 | f00f 842a | 0000 0049 | 8b01 a802 | 0f85 1200 
  0x00000296adefd7a0: 0000 4c8b | c049 83c8 | 01f0 4d0f | b101 0f84 | 0d00 0000 | 4183 8718 | 0600 0008 | e90c 0000 
  0x00000296adefd7c0: 0049 ff8f | 5005 0000 | e93e 0000 | 004c 894a | 0848 8bca | 4883 ec20 | 40f6 c40f | 0f84 1900 
  0x00000296adefd7e0: 0000 4883 | ec08 48b8 | f03d 4c70 | f97f 0000 | ffd0 4883 | c408 e90c | 0000 0048 | b8f0 3d4c 
  0x00000296adefd800: 70f9 7f00 | 00ff d048 | 83c4 204c | 8b6d c049 | ba41 add3 | 70f9 7f00 | 0041 803a | 000f 843e 
  0x00000296adefd820: 0000 0048 | 8b55 e849 | 8bcf 4883 | ec20 40f6 | c40f 0f84 | 1900 0000 | 4883 ec08 | 48b8 10ee 
  0x00000296adefd840: 8370 f97f | 0000 ffd0 | 4883 c408 | e90c 0000 | 0048 b810 | ee83 70f9 | 7f00 00ff | d048 83c4 
  0x00000296adefd860: 2048 8b04 | 2448 83c4 | 10c5 fb10 | 0424 4883 | c410 4c8b | 5d18 41ff | d34c 8b5d | f8c9 5f49 
  0x00000296adefd880: 8be3 ffe7 | ba00 0000 | 00e8 0500 | 0000 e996 | 0000 0048 | 8d44 2408 | 4c89 6dc0 | 498b cfc5 
  0x00000296adefd8a0: f877 4989 | afb0 0300 | 0049 8987 | a003 0000 | 4883 ec20 | 40f6 c40f | 0f84 1900 | 0000 4883 
  0x00000296adefd8c0: ec08 48b8 | a031 4c70 | f97f 0000 | ffd0 4883 | c408 e90c | 0000 0048 | b8a0 314c | 70f9 7f00 
  0x00000296adefd8e0: 00ff d048 | 83c4 2049 | c787 a003 | 0000 0000 | 0000 49c7 | 87b0 0300 | 0000 0000 | 0049 c787 
  0x00000296adefd900: a803 0000 | 0000 0000 | c5f8 7749 | 837f 0800 | 0f84 0500 | 0000 e9a5 | 35ff ff4c | 8b6d c04c 
  0x00000296adefd920: 8b75 c84e | 8d74 f500 | c348 8b5d | e8e9 26f6 | ffff 660f | 1f44 0000 
[/MachCode]

---------------  P R O C E S S  ---------------

Threads class SMR info:
_java_thread_list=0x00000296c03c6480, length=12, elements={
0x0000029697a2a0c0, 0x0000029697a2a750, 0x0000029697a2ceb0, 0x0000029697a2ade0,
0x0000029697a2b470, 0x0000029697a29a30, 0x0000029697a27960, 0x0000029697b565d0,
0x0000029697b521b0, 0x0000029697a2d540, 0x0000029697a27ff0, 0x0000029697a2bb00
}

Java Threads: ( => current thread )
=>0x0000029697a2a0c0 JavaThread "main"                              [_thread_in_native, id=29620, stack(0x000000e426000000,0x000000e4262e0000) (2944K)]
  0x0000029697a2a750 JavaThread "Reference Handler"          daemon [_thread_blocked, id=28652, stack(0x000000e42e8c0000,0x000000e42eba0000) (2944K)]
  0x0000029697a2ceb0 JavaThread "Finalizer"                  daemon [_thread_blocked, id=26532, stack(0x000000e42eba0000,0x000000e42ee80000) (2944K)]
  0x0000029697a2ade0 JavaThread "Signal Dispatcher"          daemon [_thread_blocked, id=30684, stack(0x000000e42ee80000,0x000000e42f160000) (2944K)]
  0x0000029697a2b470 JavaThread "Attach Listener"            daemon [_thread_blocked, id=6660, stack(0x000000e42f160000,0x000000e42f440000) (2944K)]
  0x0000029697a29a30 JavaThread "Service Thread"             daemon [_thread_blocked, id=20236, stack(0x000000e42f440000,0x000000e42f720000) (2944K)]
  0x0000029697a27960 JavaThread "Monitor Deflation Thread"   daemon [_thread_blocked, id=36192, stack(0x000000e42f720000,0x000000e42fa00000) (2944K)]
  0x0000029697b565d0 JavaThread "C2 CompilerThread0"         daemon [_thread_blocked, id=33632, stack(0x000000e42fa00000,0x000000e42fce0000) (2944K)]
  0x0000029697b521b0 JavaThread "C1 CompilerThread0"         daemon [_thread_blocked, id=22988, stack(0x000000e42fce0000,0x000000e42ffc0000) (2944K)]
  0x0000029697a2d540 JavaThread "Notification Thread"        daemon [_thread_blocked, id=15976, stack(0x000000e42ffc0000,0x000000e4302a0000) (2944K)]
  0x0000029697a27ff0 JavaThread "Common-Cleaner"             daemon [_thread_blocked, id=30304, stack(0x000000e4302a0000,0x000000e430580000) (2944K)]
  0x0000029697a2bb00 JavaThread "Python Reference Queue"     daemon [_thread_blocked, id=24700, stack(0x000000e430580000,0x000000e430860000) (2944K)]
Total: 12

Other Threads:
  0x0000029697ab5cf0 VMThread "VM Thread"                           [id=20588, stack(0x000000e42e5e0000,0x000000e42e8c0000) (2944K)]
  0x0000029697522080 WatcherThread "VM Periodic Task Thread"        [id=29796, stack(0x000000e42e300000,0x000000e42e5e0000) (2944K)]
  0x0000029697abc080 WorkerThread "GC Thread#0"                     [id=30920, stack(0x000000e42d4a0000,0x000000e42d780000) (2944K)]
  0x000002969d8059b0 ConcurrentGCThread "G1 Main Marker"            [id=35096, stack(0x000000e42d780000,0x000000e42da60000) (2944K)]
  0x0000029697ab7a70 WorkerThread "G1 Conc#0"                       [id=8084, stack(0x000000e42da60000,0x000000e42dd40000) (2944K)]
  0x00000296976772e0 ConcurrentGCThread "G1 Refine#0"               [id=36348, stack(0x000000e42dd40000,0x000000e42e020000) (2944K)]
  0x0000029697771450 ConcurrentGCThread "G1 Service"                [id=29176, stack(0x000000e42e020000,0x000000e42e300000) (2944K)]
Total: 7

Threads with active compile tasks:
Total: 0

VM state: not at safepoint (normal execution)

VM Mutex/Monitor currently owned by a thread: None

Heap address: 0x0000000084000000, size: 1984 MB, Compressed Oops mode: 32-bit

CDS archive(s) mapped at: [0x0000029700000000-0x0000029700d70000-0x0000029700d70000), size 14090240, SharedBaseAddress: 0x0000029700000000, ArchiveRelocationMode: 1.
Compressed class space mapped at: 0x0000029701000000-0x0000029741000000, reserved size: 1073741824
Narrow klass base: 0x0000029700000000, Narrow klass shift: 0, Narrow klass range: 0x41000000

GC Precious Log:
 CardTable entry size: 512
 Card Set container configuration: InlinePtr #cards 5 size 8 Array Of Cards #cards 10 size 36 Howl #buckets 4 coarsen threshold 1843 Howl Bitmap #cards 512 size 80 coarsen threshold 460 Card regions per heap region 1 cards per card region 2048
 CPUs: 12 total, 12 available
 Memory: 7933M
 Large Page Support: Disabled
 NUMA Support: Disabled
 Compressed Oops: Enabled (32-bit)
 Heap Region Size: 1M
 Heap Min Capacity: 8M
 Heap Initial Capacity: 124M
 Heap Max Capacity: 1984M
 Pre-touch: Disabled
 Parallel Workers: 10
 Concurrent Workers: 3
 Concurrent Refinement Workers: 10
 Periodic GC: Disabled

Heap:
 garbage-first heap   total reserved 2031616K, committed 126976K, used 5120K [0x0000000084000000, 0x0000000100000000)
  region size 1024K, 7 young (7168K), 0 survivors (0K)
 Metaspace       used 1746K, committed 1920K, reserved 1114112K
  class space    used 193K, committed 256K, reserved 1048576K

Heap Regions: E=young(eden), S=young(survivor), O=old, HS=humongous(starts), HC=humongous(continues), CS=collection set, F=free, TAMS=top-at-mark-start, PB=parsable bottom
|   0|0x0000000084000000, 0x0000000084000000, 0x0000000084100000|  0%| F|  |TAMS 0x0000000084000000| PB 0x0000000084000000| Untracked |  0
|   1|0x0000000084100000, 0x0000000084100000, 0x0000000084200000|  0%| F|  |TAMS 0x0000000084100000| PB 0x0000000084100000| Untracked |  0
|   2|0x0000000084200000, 0x0000000084200000, 0x0000000084300000|  0%| F|  |TAMS 0x0000000084200000| PB 0x0000000084200000| Untracked |  0
|   3|0x0000000084300000, 0x0000000084300000, 0x0000000084400000|  0%| F|  |TAMS 0x0000000084300000| PB 0x0000000084300000| Untracked |  0
|   4|0x0000000084400000, 0x0000000084400000, 0x0000000084500000|  0%| F|  |TAMS 0x0000000084400000| PB 0x0000000084400000| Untracked |  0
|   5|0x0000000084500000, 0x0000000084500000, 0x0000000084600000|  0%| F|  |TAMS 0x0000000084500000| PB 0x0000000084500000| Untracked |  0
|   6|0x0000000084600000, 0x0000000084600000, 0x0000000084700000|  0%| F|  |TAMS 0x0000000084600000| PB 0x0000000084600000| Untracked |  0
|   7|0x0000000084700000, 0x0000000084700000, 0x0000000084800000|  0%| F|  |TAMS 0x0000000084700000| PB 0x0000000084700000| Untracked |  0
|   8|0x0000000084800000, 0x0000000084800000, 0x0000000084900000|  0%| F|  |TAMS 0x0000000084800000| PB 0x0000000084800000| Untracked |  0
|   9|0x0000000084900000, 0x0000000084900000, 0x0000000084a00000|  0%| F|  |TAMS 0x0000000084900000| PB 0x0000000084900000| Untracked |  0
|  10|0x0000000084a00000, 0x0000000084a00000, 0x0000000084b00000|  0%| F|  |TAMS 0x0000000084a00000| PB 0x0000000084a00000| Untracked |  0
|  11|0x0000000084b00000, 0x0000000084b00000, 0x0000000084c00000|  0%| F|  |TAMS 0x0000000084b00000| PB 0x0000000084b00000| Untracked |  0
|  12|0x0000000084c00000, 0x0000000084c00000, 0x0000000084d00000|  0%| F|  |TAMS 0x0000000084c00000| PB 0x0000000084c00000| Untracked |  0
|  13|0x0000000084d00000, 0x0000000084d00000, 0x0000000084e00000|  0%| F|  |TAMS 0x0000000084d00000| PB 0x0000000084d00000| Untracked |  0
|  14|0x0000000084e00000, 0x0000000084e00000, 0x0000000084f00000|  0%| F|  |TAMS 0x0000000084e00000| PB 0x0000000084e00000| Untracked |  0
|  15|0x0000000084f00000, 0x0000000084f00000, 0x0000000085000000|  0%| F|  |TAMS 0x0000000084f00000| PB 0x0000000084f00000| Untracked |  0
|  16|0x0000000085000000, 0x0000000085000000, 0x0000000085100000|  0%| F|  |TAMS 0x0000000085000000| PB 0x0000000085000000| Untracked |  0
|  17|0x0000000085100000, 0x0000000085100000, 0x0000000085200000|  0%| F|  |TAMS 0x0000000085100000| PB 0x0000000085100000| Untracked |  0
|  18|0x0000000085200000, 0x0000000085200000, 0x0000000085300000|  0%| F|  |TAMS 0x0000000085200000| PB 0x0000000085200000| Untracked |  0
|  19|0x0000000085300000, 0x0000000085300000, 0x0000000085400000|  0%| F|  |TAMS 0x0000000085300000| PB 0x0000000085300000| Untracked |  0
|  20|0x0000000085400000, 0x0000000085400000, 0x0000000085500000|  0%| F|  |TAMS 0x0000000085400000| PB 0x0000000085400000| Untracked |  0
|  21|0x0000000085500000, 0x0000000085500000, 0x0000000085600000|  0%| F|  |TAMS 0x0000000085500000| PB 0x0000000085500000| Untracked |  0
|  22|0x0000000085600000, 0x0000000085600000, 0x0000000085700000|  0%| F|  |TAMS 0x0000000085600000| PB 0x0000000085600000| Untracked |  0
|  23|0x0000000085700000, 0x0000000085700000, 0x0000000085800000|  0%| F|  |TAMS 0x0000000085700000| PB 0x0000000085700000| Untracked |  0
|  24|0x0000000085800000, 0x0000000085800000, 0x0000000085900000|  0%| F|  |TAMS 0x0000000085800000| PB 0x0000000085800000| Untracked |  0
|  25|0x0000000085900000, 0x0000000085900000, 0x0000000085a00000|  0%| F|  |TAMS 0x0000000085900000| PB 0x0000000085900000| Untracked |  0
|  26|0x0000000085a00000, 0x0000000085a00000, 0x0000000085b00000|  0%| F|  |TAMS 0x0000000085a00000| PB 0x0000000085a00000| Untracked |  0
|  27|0x0000000085b00000, 0x0000000085b00000, 0x0000000085c00000|  0%| F|  |TAMS 0x0000000085b00000| PB 0x0000000085b00000| Untracked |  0
|  28|0x0000000085c00000, 0x0000000085c00000, 0x0000000085d00000|  0%| F|  |TAMS 0x0000000085c00000| PB 0x0000000085c00000| Untracked |  0
|  29|0x0000000085d00000, 0x0000000085d00000, 0x0000000085e00000|  0%| F|  |TAMS 0x0000000085d00000| PB 0x0000000085d00000| Untracked |  0
|  30|0x0000000085e00000, 0x0000000085e00000, 0x0000000085f00000|  0%| F|  |TAMS 0x0000000085e00000| PB 0x0000000085e00000| Untracked |  0
|  31|0x0000000085f00000, 0x0000000085f00000, 0x0000000086000000|  0%| F|  |TAMS 0x0000000085f00000| PB 0x0000000085f00000| Untracked |  0
|  32|0x0000000086000000, 0x0000000086000000, 0x0000000086100000|  0%| F|  |TAMS 0x0000000086000000| PB 0x0000000086000000| Untracked |  0
|  33|0x0000000086100000, 0x0000000086100000, 0x0000000086200000|  0%| F|  |TAMS 0x0000000086100000| PB 0x0000000086100000| Untracked |  0
|  34|0x0000000086200000, 0x0000000086200000, 0x0000000086300000|  0%| F|  |TAMS 0x0000000086200000| PB 0x0000000086200000| Untracked |  0
|  35|0x0000000086300000, 0x0000000086300000, 0x0000000086400000|  0%| F|  |TAMS 0x0000000086300000| PB 0x0000000086300000| Untracked |  0
|  36|0x0000000086400000, 0x0000000086400000, 0x0000000086500000|  0%| F|  |TAMS 0x0000000086400000| PB 0x0000000086400000| Untracked |  0
|  37|0x0000000086500000, 0x0000000086500000, 0x0000000086600000|  0%| F|  |TAMS 0x0000000086500000| PB 0x0000000086500000| Untracked |  0
|  38|0x0000000086600000, 0x0000000086600000, 0x0000000086700000|  0%| F|  |TAMS 0x0000000086600000| PB 0x0000000086600000| Untracked |  0
|  39|0x0000000086700000, 0x0000000086700000, 0x0000000086800000|  0%| F|  |TAMS 0x0000000086700000| PB 0x0000000086700000| Untracked |  0
|  40|0x0000000086800000, 0x0000000086800000, 0x0000000086900000|  0%| F|  |TAMS 0x0000000086800000| PB 0x0000000086800000| Untracked |  0
|  41|0x0000000086900000, 0x0000000086900000, 0x0000000086a00000|  0%| F|  |TAMS 0x0000000086900000| PB 0x0000000086900000| Untracked |  0
|  42|0x0000000086a00000, 0x0000000086a00000, 0x0000000086b00000|  0%| F|  |TAMS 0x0000000086a00000| PB 0x0000000086a00000| Untracked |  0
|  43|0x0000000086b00000, 0x0000000086b00000, 0x0000000086c00000|  0%| F|  |TAMS 0x0000000086b00000| PB 0x0000000086b00000| Untracked |  0
|  44|0x0000000086c00000, 0x0000000086c00000, 0x0000000086d00000|  0%| F|  |TAMS 0x0000000086c00000| PB 0x0000000086c00000| Untracked |  0
|  45|0x0000000086d00000, 0x0000000086d00000, 0x0000000086e00000|  0%| F|  |TAMS 0x0000000086d00000| PB 0x0000000086d00000| Untracked |  0
|  46|0x0000000086e00000, 0x0000000086e00000, 0x0000000086f00000|  0%| F|  |TAMS 0x0000000086e00000| PB 0x0000000086e00000| Untracked |  0
|  47|0x0000000086f00000, 0x0000000086f00000, 0x0000000087000000|  0%| F|  |TAMS 0x0000000086f00000| PB 0x0000000086f00000| Untracked |  0
|  48|0x0000000087000000, 0x0000000087000000, 0x0000000087100000|  0%| F|  |TAMS 0x0000000087000000| PB 0x0000000087000000| Untracked |  0
|  49|0x0000000087100000, 0x0000000087100000, 0x0000000087200000|  0%| F|  |TAMS 0x0000000087100000| PB 0x0000000087100000| Untracked |  0
|  50|0x0000000087200000, 0x0000000087200000, 0x0000000087300000|  0%| F|  |TAMS 0x0000000087200000| PB 0x0000000087200000| Untracked |  0
|  51|0x0000000087300000, 0x0000000087300000, 0x0000000087400000|  0%| F|  |TAMS 0x0000000087300000| PB 0x0000000087300000| Untracked |  0
|  52|0x0000000087400000, 0x0000000087400000, 0x0000000087500000|  0%| F|  |TAMS 0x0000000087400000| PB 0x0000000087400000| Untracked |  0
|  53|0x0000000087500000, 0x0000000087500000, 0x0000000087600000|  0%| F|  |TAMS 0x0000000087500000| PB 0x0000000087500000| Untracked |  0
|  54|0x0000000087600000, 0x0000000087600000, 0x0000000087700000|  0%| F|  |TAMS 0x0000000087600000| PB 0x0000000087600000| Untracked |  0
|  55|0x0000000087700000, 0x0000000087700000, 0x0000000087800000|  0%| F|  |TAMS 0x0000000087700000| PB 0x0000000087700000| Untracked |  0
|  56|0x0000000087800000, 0x0000000087800000, 0x0000000087900000|  0%| F|  |TAMS 0x0000000087800000| PB 0x0000000087800000| Untracked |  0
|  57|0x0000000087900000, 0x0000000087900000, 0x0000000087a00000|  0%| F|  |TAMS 0x0000000087900000| PB 0x0000000087900000| Untracked |  0
|  58|0x0000000087a00000, 0x0000000087a00000, 0x0000000087b00000|  0%| F|  |TAMS 0x0000000087a00000| PB 0x0000000087a00000| Untracked |  0
|  59|0x0000000087b00000, 0x0000000087b00000, 0x0000000087c00000|  0%| F|  |TAMS 0x0000000087b00000| PB 0x0000000087b00000| Untracked |  0
|  60|0x0000000087c00000, 0x0000000087c00000, 0x0000000087d00000|  0%| F|  |TAMS 0x0000000087c00000| PB 0x0000000087c00000| Untracked |  0
|  61|0x0000000087d00000, 0x0000000087d00000, 0x0000000087e00000|  0%| F|  |TAMS 0x0000000087d00000| PB 0x0000000087d00000| Untracked |  0
|  62|0x0000000087e00000, 0x0000000087e00000, 0x0000000087f00000|  0%| F|  |TAMS 0x0000000087e00000| PB 0x0000000087e00000| Untracked |  0
|  63|0x0000000087f00000, 0x0000000087f00000, 0x0000000088000000|  0%| F|  |TAMS 0x0000000087f00000| PB 0x0000000087f00000| Untracked |  0
|  64|0x0000000088000000, 0x0000000088000000, 0x0000000088100000|  0%| F|  |TAMS 0x0000000088000000| PB 0x0000000088000000| Untracked |  0
|  65|0x0000000088100000, 0x0000000088100000, 0x0000000088200000|  0%| F|  |TAMS 0x0000000088100000| PB 0x0000000088100000| Untracked |  0
|  66|0x0000000088200000, 0x0000000088200000, 0x0000000088300000|  0%| F|  |TAMS 0x0000000088200000| PB 0x0000000088200000| Untracked |  0
|  67|0x0000000088300000, 0x0000000088300000, 0x0000000088400000|  0%| F|  |TAMS 0x0000000088300000| PB 0x0000000088300000| Untracked |  0
|  68|0x0000000088400000, 0x0000000088400000, 0x0000000088500000|  0%| F|  |TAMS 0x0000000088400000| PB 0x0000000088400000| Untracked |  0
|  69|0x0000000088500000, 0x0000000088500000, 0x0000000088600000|  0%| F|  |TAMS 0x0000000088500000| PB 0x0000000088500000| Untracked |  0
|  70|0x0000000088600000, 0x0000000088600000, 0x0000000088700000|  0%| F|  |TAMS 0x0000000088600000| PB 0x0000000088600000| Untracked |  0
|  71|0x0000000088700000, 0x0000000088700000, 0x0000000088800000|  0%| F|  |TAMS 0x0000000088700000| PB 0x0000000088700000| Untracked |  0
|  72|0x0000000088800000, 0x0000000088800000, 0x0000000088900000|  0%| F|  |TAMS 0x0000000088800000| PB 0x0000000088800000| Untracked |  0
|  73|0x0000000088900000, 0x0000000088900000, 0x0000000088a00000|  0%| F|  |TAMS 0x0000000088900000| PB 0x0000000088900000| Untracked |  0
|  74|0x0000000088a00000, 0x0000000088a00000, 0x0000000088b00000|  0%| F|  |TAMS 0x0000000088a00000| PB 0x0000000088a00000| Untracked |  0
|  75|0x0000000088b00000, 0x0000000088b00000, 0x0000000088c00000|  0%| F|  |TAMS 0x0000000088b00000| PB 0x0000000088b00000| Untracked |  0
|  76|0x0000000088c00000, 0x0000000088c00000, 0x0000000088d00000|  0%| F|  |TAMS 0x0000000088c00000| PB 0x0000000088c00000| Untracked |  0
|  77|0x0000000088d00000, 0x0000000088d00000, 0x0000000088e00000|  0%| F|  |TAMS 0x0000000088d00000| PB 0x0000000088d00000| Untracked |  0
|  78|0x0000000088e00000, 0x0000000088e00000, 0x0000000088f00000|  0%| F|  |TAMS 0x0000000088e00000| PB 0x0000000088e00000| Untracked |  0
|  79|0x0000000088f00000, 0x0000000088f00000, 0x0000000089000000|  0%| F|  |TAMS 0x0000000088f00000| PB 0x0000000088f00000| Untracked |  0
|  80|0x0000000089000000, 0x0000000089000000, 0x0000000089100000|  0%| F|  |TAMS 0x0000000089000000| PB 0x0000000089000000| Untracked |  0
|  81|0x0000000089100000, 0x0000000089100000, 0x0000000089200000|  0%| F|  |TAMS 0x0000000089100000| PB 0x0000000089100000| Untracked |  0
|  82|0x0000000089200000, 0x0000000089200000, 0x0000000089300000|  0%| F|  |TAMS 0x0000000089200000| PB 0x0000000089200000| Untracked |  0
|  83|0x0000000089300000, 0x0000000089300000, 0x0000000089400000|  0%| F|  |TAMS 0x0000000089300000| PB 0x0000000089300000| Untracked |  0
|  84|0x0000000089400000, 0x0000000089400000, 0x0000000089500000|  0%| F|  |TAMS 0x0000000089400000| PB 0x0000000089400000| Untracked |  0
|  85|0x0000000089500000, 0x0000000089500000, 0x0000000089600000|  0%| F|  |TAMS 0x0000000089500000| PB 0x0000000089500000| Untracked |  0
|  86|0x0000000089600000, 0x0000000089600000, 0x0000000089700000|  0%| F|  |TAMS 0x0000000089600000| PB 0x0000000089600000| Untracked |  0
|  87|0x0000000089700000, 0x0000000089700000, 0x0000000089800000|  0%| F|  |TAMS 0x0000000089700000| PB 0x0000000089700000| Untracked |  0
|  88|0x0000000089800000, 0x0000000089800000, 0x0000000089900000|  0%| F|  |TAMS 0x0000000089800000| PB 0x0000000089800000| Untracked |  0
|  89|0x0000000089900000, 0x0000000089900000, 0x0000000089a00000|  0%| F|  |TAMS 0x0000000089900000| PB 0x0000000089900000| Untracked |  0
|  90|0x0000000089a00000, 0x0000000089a00000, 0x0000000089b00000|  0%| F|  |TAMS 0x0000000089a00000| PB 0x0000000089a00000| Untracked |  0
|  91|0x0000000089b00000, 0x0000000089b00000, 0x0000000089c00000|  0%| F|  |TAMS 0x0000000089b00000| PB 0x0000000089b00000| Untracked |  0
|  92|0x0000000089c00000, 0x0000000089c00000, 0x0000000089d00000|  0%| F|  |TAMS 0x0000000089c00000| PB 0x0000000089c00000| Untracked |  0
|  93|0x0000000089d00000, 0x0000000089d00000, 0x0000000089e00000|  0%| F|  |TAMS 0x0000000089d00000| PB 0x0000000089d00000| Untracked |  0
|  94|0x0000000089e00000, 0x0000000089e00000, 0x0000000089f00000|  0%| F|  |TAMS 0x0000000089e00000| PB 0x0000000089e00000| Untracked |  0
|  95|0x0000000089f00000, 0x0000000089f00000, 0x000000008a000000|  0%| F|  |TAMS 0x0000000089f00000| PB 0x0000000089f00000| Untracked |  0
|  96|0x000000008a000000, 0x000000008a000000, 0x000000008a100000|  0%| F|  |TAMS 0x000000008a000000| PB 0x000000008a000000| Untracked |  0
|  97|0x000000008a100000, 0x000000008a100000, 0x000000008a200000|  0%| F|  |TAMS 0x000000008a100000| PB 0x000000008a100000| Untracked |  0
|  98|0x000000008a200000, 0x000000008a200000, 0x000000008a300000|  0%| F|  |TAMS 0x000000008a200000| PB 0x000000008a200000| Untracked |  0
|  99|0x000000008a300000, 0x000000008a300000, 0x000000008a400000|  0%| F|  |TAMS 0x000000008a300000| PB 0x000000008a300000| Untracked |  0
| 100|0x000000008a400000, 0x000000008a400000, 0x000000008a500000|  0%| F|  |TAMS 0x000000008a400000| PB 0x000000008a400000| Untracked |  0
| 101|0x000000008a500000, 0x000000008a500000, 0x000000008a600000|  0%| F|  |TAMS 0x000000008a500000| PB 0x000000008a500000| Untracked |  0
| 102|0x000000008a600000, 0x000000008a600000, 0x000000008a700000|  0%| F|  |TAMS 0x000000008a600000| PB 0x000000008a600000| Untracked |  0
| 103|0x000000008a700000, 0x000000008a700000, 0x000000008a800000|  0%| F|  |TAMS 0x000000008a700000| PB 0x000000008a700000| Untracked |  0
| 104|0x000000008a800000, 0x000000008a800000, 0x000000008a900000|  0%| F|  |TAMS 0x000000008a800000| PB 0x000000008a800000| Untracked |  0
| 105|0x000000008a900000, 0x000000008a900000, 0x000000008aa00000|  0%| F|  |TAMS 0x000000008a900000| PB 0x000000008a900000| Untracked |  0
| 106|0x000000008aa00000, 0x000000008aa00000, 0x000000008ab00000|  0%| F|  |TAMS 0x000000008aa00000| PB 0x000000008aa00000| Untracked |  0
| 107|0x000000008ab00000, 0x000000008ab00000, 0x000000008ac00000|  0%| F|  |TAMS 0x000000008ab00000| PB 0x000000008ab00000| Untracked |  0
| 108|0x000000008ac00000, 0x000000008ac00000, 0x000000008ad00000|  0%| F|  |TAMS 0x000000008ac00000| PB 0x000000008ac00000| Untracked |  0
| 109|0x000000008ad00000, 0x000000008ad00000, 0x000000008ae00000|  0%| F|  |TAMS 0x000000008ad00000| PB 0x000000008ad00000| Untracked |  0
| 110|0x000000008ae00000, 0x000000008ae00000, 0x000000008af00000|  0%| F|  |TAMS 0x000000008ae00000| PB 0x000000008ae00000| Untracked |  0
| 111|0x000000008af00000, 0x000000008af00000, 0x000000008b000000|  0%| F|  |TAMS 0x000000008af00000| PB 0x000000008af00000| Untracked |  0
| 112|0x000000008b000000, 0x000000008b000000, 0x000000008b100000|  0%| F|  |TAMS 0x000000008b000000| PB 0x000000008b000000| Untracked |  0
| 113|0x000000008b100000, 0x000000008b100000, 0x000000008b200000|  0%| F|  |TAMS 0x000000008b100000| PB 0x000000008b100000| Untracked |  0
| 114|0x000000008b200000, 0x000000008b200000, 0x000000008b300000|  0%| F|  |TAMS 0x000000008b200000| PB 0x000000008b200000| Untracked |  0
| 115|0x000000008b300000, 0x000000008b300000, 0x000000008b400000|  0%| F|  |TAMS 0x000000008b300000| PB 0x000000008b300000| Untracked |  0
| 116|0x000000008b400000, 0x000000008b400000, 0x000000008b500000|  0%| F|  |TAMS 0x000000008b400000| PB 0x000000008b400000| Untracked |  0
| 117|0x000000008b500000, 0x000000008b57ae38, 0x000000008b600000| 48%| E|  |TAMS 0x000000008b500000| PB 0x000000008b500000| Complete |  0
| 118|0x000000008b600000, 0x000000008b700000, 0x000000008b700000|100%| E|CS|TAMS 0x000000008b600000| PB 0x000000008b600000| Complete |  0
| 119|0x000000008b700000, 0x000000008b800000, 0x000000008b800000|100%| E|CS|TAMS 0x000000008b700000| PB 0x000000008b700000| Complete |  0
| 120|0x000000008b800000, 0x000000008b900000, 0x000000008b900000|100%| E|CS|TAMS 0x000000008b800000| PB 0x000000008b800000| Complete |  0
| 121|0x000000008b900000, 0x000000008ba00000, 0x000000008ba00000|100%| E|CS|TAMS 0x000000008b900000| PB 0x000000008b900000| Complete |  0
| 122|0x000000008ba00000, 0x000000008bb00000, 0x000000008bb00000|100%| E|  |TAMS 0x000000008ba00000| PB 0x000000008ba00000| Complete |  0
| 123|0x000000008bb00000, 0x000000008bc00000, 0x000000008bc00000|100%| E|CS|TAMS 0x000000008bb00000| PB 0x000000008bb00000| Complete |  0

Card table byte_map: [0x00000296b6a30000,0x00000296b6e10000] _byte_map_base: 0x00000296b6610000

Marking Bits: (CMBitMap*) 0x0000029697b51420
 Bits: [0x00000296b6e10000, 0x00000296b8d10000)

Polling page: 0x00000296a69a0000

Metaspace:

Usage:
  Non-class:      1.52 MB used.
      Class:    193.91 KB used.
       Both:      1.71 MB used.

Virtual space:
  Non-class space:       64.00 MB reserved,       1.62 MB (  3%) committed,  1 nodes.
      Class space:        1.00 GB reserved,     256.00 KB ( <1%) committed,  1 nodes.
             Both:        1.06 GB reserved,       1.88 MB ( <1%) committed. 

Chunk freelists:
   Non-Class:  11.85 MB
       Class:  15.71 MB
        Both:  27.56 MB

MaxMetaspaceSize: unlimited
CompressedClassSpaceSize: 1.00 GB
Initial GC threshold: 21.00 MB
Current GC threshold: 21.00 MB
CDS: on
 - commit_granule_bytes: 65536.
 - commit_granule_words: 8192.
 - virtual_space_node_default_size: 8388608.
 - enlarge_chunks_in_place: 1.
 - use_allocation_guard: 0.


Internal statistics:

num_allocs_failed_limit: 0.
num_arena_births: 48.
num_arena_deaths: 0.
num_vsnodes_births: 2.
num_vsnodes_deaths: 0.
num_space_committed: 30.
num_space_uncommitted: 0.
num_chunks_returned_to_freelist: 0.
num_chunks_taken_from_freelist: 70.
num_chunk_merges: 0.
num_chunk_splits: 40.
num_chunks_enlarged: 18.
num_inconsistent_stats: 0.

CodeHeap 'non-profiled nmethods': size=120064Kb used=196Kb max_used=196Kb free=119867Kb
 bounds [0x00000296ae480000, 0x00000296ae6f0000, 0x00000296b59c0000]
CodeHeap 'profiled nmethods': size=120000Kb used=678Kb max_used=678Kb free=119321Kb
 bounds [0x00000296a69c0000, 0x00000296a6c30000, 0x00000296adef0000]
CodeHeap 'non-nmethods': size=5696Kb used=1302Kb max_used=1316Kb free=4393Kb
 bounds [0x00000296adef0000, 0x00000296ae160000, 0x00000296ae480000]
CodeCache: size=245760Kb, used=2176Kb, max_used=2190Kb, free=243581Kb
 total_blobs=1078, nmethods=656, adapters=328, full_count=0
Compilation: enabled, stopped_count=0, restarted_count=0

Compilation events (20 events):
Event: 3.006 Thread 0x0000029697b521b0 nmethod 647 0x00000296a6a5fc88 code [0x00000296a6a5fda0, 0x00000296a6a5fec0]
Event: 3.006 Thread 0x0000029697b521b0  648   !   3       java.lang.reflect.Executable::declaredAnnotations (85 bytes)
Event: 3.006 Thread 0x0000029697b565d0  645       4       org.jpype.manager.MethodResolution::of (2 bytes)
Event: 3.006 Thread 0x0000029697b565d0 nmethod 645 0x00000296ae4b0f08 code [0x00000296ae4b1000, 0x00000296ae4b1068]
Event: 3.007 Thread 0x0000029697b521b0 nmethod 648 0x00000296a6a5ff88 code [0x00000296a6a60140, 0x00000296a6a60ab8]
Event: 3.007 Thread 0x0000029697b521b0  652       3       org.jpype.manager.MethodResolution::isMoreSpecificThan (65 bytes)
Event: 3.007 Thread 0x0000029697b521b0 nmethod 652 0x00000296a6a60b08 code [0x00000296a6a60cc0, 0x00000296a6a61508]
Event: 3.007 Thread 0x0000029697b521b0  651       3       java.lang.reflect.Method::isVarArgs (5 bytes)
Event: 3.007 Thread 0x0000029697b521b0 nmethod 651 0x00000296a6a61588 code [0x00000296a6a616a0, 0x00000296a6a61878]
Event: 3.007 Thread 0x0000029697b521b0  653       3       org.jpype.manager.MethodResolution::isMoreSpecificThan (519 bytes)
Event: 3.009 Thread 0x0000029697b521b0 nmethod 653 0x00000296a6a61908 code [0x00000296a6a61f80, 0x00000296a6a65e10]
Event: 3.009 Thread 0x0000029697b521b0  649       3       org.jpype.manager.TypeManager::isBeanMutator (61 bytes)
Event: 3.009 Thread 0x0000029697b521b0 nmethod 649 0x00000296a6a65f08 code [0x00000296a6a660a0, 0x00000296a6a66770]
Event: 3.009 Thread 0x0000029697b521b0  650       3       org.jpype.manager.TypeManager::isBeanAccessor (60 bytes)
Event: 3.009 Thread 0x0000029697b521b0 nmethod 650 0x00000296a6a66808 code [0x00000296a6a669a0, 0x00000296a6a67070]
Event: 3.009 Thread 0x0000029697b521b0  654       3       java.util.StringJoiner::<init> (63 bytes)
Event: 3.010 Thread 0x0000029697b521b0 nmethod 654 0x00000296a6a67108 code [0x00000296a6a672e0, 0x00000296a6a67c28]
Event: 3.010 Thread 0x0000029697b521b0  655       3       java.util.StringJoiner::toString (53 bytes)
Event: 3.010 Thread 0x0000029697b521b0 nmethod 655 0x00000296a6a67c88 code [0x00000296a6a67dc0, 0x00000296a6a67fb8]
Event: 3.010 Thread 0x0000029697b521b0  656       3       java.lang.System$2::join (11 bytes)

GC Heap History (0 events):
No events

Dll operation events (6 events):
Event: 0.086 Loaded shared library C:\Program Files\Java\jdk-23\bin\java.dll
Event: 0.236 Loaded shared library C:\Program Files\Java\jdk-23\bin\jsvml.dll
Event: 0.266 Loaded shared library C:\Program Files\Java\jdk-23\bin\net.dll
Event: 0.270 Loaded shared library C:\Program Files\Java\jdk-23\bin\nio.dll
Event: 0.345 Loaded shared library C:\Program Files\Java\jdk-23\bin\zip.dll
Event: 2.911 Loaded shared library C:\Users\jjacq\AppData\Local\Programs\Python\Python313\Lib\site-packages\_jpype.cp313-win_amd64.pyd

Deoptimization events (20 events):
Event: 0.530 Thread 0x0000029697a2a0c0 DEOPT PACKING pc=0x00000296a69d2441 sp=0x000000e4262db940
Event: 0.530 Thread 0x0000029697a2a0c0 DEOPT UNPACKING pc=0x00000296adf44b22 sp=0x000000e4262dadb0 mode 0
Event: 0.530 Thread 0x0000029697a2a0c0 DEOPT PACKING pc=0x00000296a69d2441 sp=0x000000e4262db940
Event: 0.530 Thread 0x0000029697a2a0c0 DEOPT UNPACKING pc=0x00000296adf44b22 sp=0x000000e4262dadb0 mode 0
Event: 0.530 Thread 0x0000029697a2a0c0 DEOPT PACKING pc=0x00000296a69d2441 sp=0x000000e4262db940
Event: 0.530 Thread 0x0000029697a2a0c0 DEOPT UNPACKING pc=0x00000296adf44b22 sp=0x000000e4262dadb0 mode 0
Event: 0.530 Thread 0x0000029697a2a0c0 DEOPT PACKING pc=0x00000296a69d2441 sp=0x000000e4262db940
Event: 0.530 Thread 0x0000029697a2a0c0 DEOPT UNPACKING pc=0x00000296adf44b22 sp=0x000000e4262dadb0 mode 0
Event: 0.530 Thread 0x0000029697a2a0c0 DEOPT PACKING pc=0x00000296a69d2441 sp=0x000000e4262db940
Event: 0.530 Thread 0x0000029697a2a0c0 DEOPT UNPACKING pc=0x00000296adf44b22 sp=0x000000e4262dadb0 mode 0
Event: 0.530 Thread 0x0000029697a2a0c0 DEOPT PACKING pc=0x00000296a69d2441 sp=0x000000e4262db940
Event: 0.530 Thread 0x0000029697a2a0c0 DEOPT UNPACKING pc=0x00000296adf44b22 sp=0x000000e4262dadb0 mode 0
Event: 0.530 Thread 0x0000029697a2a0c0 DEOPT PACKING pc=0x00000296a69d2441 sp=0x000000e4262db940
Event: 0.530 Thread 0x0000029697a2a0c0 DEOPT UNPACKING pc=0x00000296adf44b22 sp=0x000000e4262dadb0 mode 0
Event: 0.530 Thread 0x0000029697a2a0c0 DEOPT PACKING pc=0x00000296a69d2441 sp=0x000000e4262db940
Event: 0.530 Thread 0x0000029697a2a0c0 DEOPT UNPACKING pc=0x00000296adf44b22 sp=0x000000e4262dadb0 mode 0
Event: 2.803 Thread 0x0000029697a2a0c0 Uncommon trap: trap_request=0xffffff45 fr.pc=0x00000296ae4874f4 relative=0x0000000000000234
Event: 2.803 Thread 0x0000029697a2a0c0 Uncommon trap: reason=unstable_if action=reinterpret pc=0x00000296ae4874f4 method=jdk.internal.util.ArraysSupport.hashCodeOfUnsigned([BIII)I @ 1 c2
Event: 2.804 Thread 0x0000029697a2a0c0 DEOPT PACKING pc=0x00000296ae4874f4 sp=0x000000e4262d7b40
Event: 2.804 Thread 0x0000029697a2a0c0 DEOPT UNPACKING pc=0x00000296adf44402 sp=0x000000e4262d7ac0 mode 2

Classes loaded (20 events):
Event: 2.981 Loading class java/io/ObjectInputStream
Event: 2.981 Loading class java/io/ObjectInput
Event: 2.981 Loading class java/io/ObjectInput done
Event: 2.981 Loading class java/io/ObjectStreamConstants
Event: 2.981 Loading class java/io/ObjectStreamConstants done
Event: 2.981 Loading class java/io/ObjectInputStream done
Event: 2.981 Loading class java/io/ObjectOutputStream
Event: 2.982 Loading class java/io/ObjectOutput
Event: 2.982 Loading class java/io/ObjectOutput done
Event: 2.982 Loading class java/io/ObjectOutputStream done
Event: 2.987 Loading class jdk/internal/vm/annotation/ForceInline
Event: 2.987 Loading class jdk/internal/vm/annotation/ForceInline done
Event: 2.994 Loading class java/lang/Deprecated
Event: 2.994 Loading class java/lang/Deprecated done
Event: 2.995 Loading class java/lang/annotation/Documented
Event: 2.995 Loading class java/lang/annotation/Documented done
Event: 3.001 Loading class java/nio/charset/CharacterCodingException
Event: 3.001 Loading class java/nio/charset/CharacterCodingException done
Event: 3.001 Loading class java/lang/foreign/MemorySegment
Event: 3.002 Loading class java/lang/foreign/MemorySegment done

Classes unloaded (0 events):
No events

Classes redefined (0 events):
No events

Internal exceptions (13 events):
Event: 2.743 Thread 0x0000029697a2a0c0 Exception <a 'java/lang/NoClassDefFoundError'{0x000000008b9ad0b8}: org/jpype/classloader/DynamicClassLoader> (0x000000008b9ad0b8) 
thrown [s\open\src\hotspot\share\classfile\systemDictionary.cpp, line 302]
Event: 2.882 Thread 0x0000029697a2a0c0 Exception <a 'java/lang/NoSuchMethodError'{0x000000008b853d48}: 'void java.lang.invoke.DirectMethodHandle$Holder.invokeSpecial(java.lang.Object, java.lang.Object, java.lang.Object)'> (0x000000008b853d48) 
thrown [s\open\src\hotspot\share\interpreter\linkResolver.cpp, line 796]
Event: 2.885 Thread 0x0000029697a2a0c0 Exception <a 'java/lang/NoSuchMethodError'{0x000000008b85d6f8}: 'void java.lang.invoke.DirectMethodHandle$Holder.invokeStatic(java.lang.Object, int, java.lang.Object)'> (0x000000008b85d6f8) 
thrown [s\open\src\hotspot\share\interpreter\linkResolver.cpp, line 796]
Event: 2.916 Thread 0x0000029697a2a0c0 Exception <a 'java/lang/NoSuchMethodError'{0x000000008b8c1108}: 'int java.lang.invoke.DirectMethodHandle$Holder.invokeStaticInit(java.lang.Object, java.lang.Object)'> (0x000000008b8c1108) 
thrown [s\open\src\hotspot\share\interpreter\linkResolver.cpp, line 796]
Event: 2.917 Thread 0x0000029697a2a0c0 Exception <a 'java/lang/NoSuchMethodError'{0x000000008b8c7240}: 'java.lang.Object java.lang.invoke.DirectMethodHandle$Holder.invokeStaticInit(java.lang.Object, int)'> (0x000000008b8c7240) 
thrown [s\open\src\hotspot\share\interpreter\linkResolver.cpp, line 796]
Event: 2.924 Thread 0x0000029697a2a0c0 Exception <a 'java/lang/NoSuchMethodError'{0x000000008b8e7cb0}: 'void java.lang.invoke.DirectMethodHandle$Holder.invokeStatic(java.lang.Object, java.lang.Object, java.lang.Object, java.lang.Object)'> (0x000000008b8e7cb0) 
thrown [s\open\src\hotspot\share\interpreter\linkResolver.cpp, line 796]
Event: 2.932 Thread 0x0000029697a2a0c0 Exception <a 'java/lang/NoSuchMethodError'{0x000000008b711d38}: 'java.lang.Object java.lang.invoke.DirectMethodHandle$Holder.invokeInterface(java.lang.Object, java.lang.Object)'> (0x000000008b711d38) 
thrown [s\open\src\hotspot\share\interpreter\linkResolver.cpp, line 796]
Event: 2.932 Thread 0x0000029697a2a0c0 Exception <a 'java/lang/IncompatibleClassChangeError'{0x000000008b715318}: Found class java.lang.Object, but interface was expected> (0x000000008b715318) 
thrown [s\open\src\hotspot\share\interpreter\linkResolver.cpp, line 863]
Event: 2.933 Thread 0x0000029697a2a0c0 Exception <a 'java/lang/NoSuchMethodError'{0x000000008b7182e0}: 'void java.lang.invoke.DirectMethodHandle$Holder.invokeStatic(java.lang.Object, java.lang.Object)'> (0x000000008b7182e0) 
thrown [s\open\src\hotspot\share\interpreter\linkResolver.cpp, line 796]
Event: 2.934 Thread 0x0000029697a2a0c0 Exception <a 'java/lang/NoSuchMethodError'{0x000000008b722618}: 'java.lang.Object java.lang.invoke.Invokers$Holder.invokeExact_MT(java.lang.Object, java.lang.Object, java.lang.Object, java.lang.Object, java.lang.Object)'> (0x000000008b722618) 
thrown [s\open\src\hotspot\share\interpreter\linkResolver.cpp, line 796]
Event: 2.935 Thread 0x0000029697a2a0c0 Exception <a 'java/lang/NoSuchMethodError'{0x000000008b726b28}: 'int java.lang.invoke.DirectMethodHandle$Holder.invokeSpecial(java.lang.Object, java.lang.Object, java.lang.Object)'> (0x000000008b726b28) 
thrown [s\open\src\hotspot\share\interpreter\linkResolver.cpp, line 796]
Event: 2.938 Thread 0x0000029697a2a0c0 Exception <a 'java/lang/NoSuchMethodError'{0x000000008b7379a8}: 'int java.lang.invoke.Invokers$Holder.invokeExact_MT(java.lang.Object, java.lang.Object, java.lang.Object)'> (0x000000008b7379a8) 
thrown [s\open\src\hotspot\share\interpreter\linkResolver.cpp, line 796]
Event: 2.969 Thread 0x0000029697a2a0c0 Exception <a 'java/lang/IncompatibleClassChangeError'{0x000000008b7ea408}: Found class java.lang.Object, but interface was expected> (0x000000008b7ea408) 
thrown [s\open\src\hotspot\share\interpreter\linkResolver.cpp, line 863]

VM Operations (2 events):
Event: 0.850 Executing VM operation: HandshakeAllThreads (Deoptimize)
Event: 0.850 Executing VM operation: HandshakeAllThreads (Deoptimize) done

Memory protections (0 events):
No events

Nmethod flushes (0 events):
No events

Events (12 events):
Event: 0.184 Thread 0x0000029697a2a0c0 Thread added: 0x0000029697a2a0c0
Event: 0.224 Thread 0x0000029697a2a0c0 Thread added: 0x0000029697a2a750
Event: 0.224 Thread 0x0000029697a2a0c0 Thread added: 0x0000029697a2ceb0
Event: 0.225 Thread 0x0000029697a2a0c0 Thread added: 0x0000029697a2ade0
Event: 0.225 Thread 0x0000029697a2a0c0 Thread added: 0x0000029697a2b470
Event: 0.225 Thread 0x0000029697a2a0c0 Thread added: 0x0000029697a29a30
Event: 0.225 Thread 0x0000029697a2a0c0 Thread added: 0x0000029697a27960
Event: 0.226 Thread 0x0000029697a2a0c0 Thread added: 0x0000029697b565d0
Event: 0.226 Thread 0x0000029697a2a0c0 Thread added: 0x0000029697b521b0
Event: 0.259 Thread 0x0000029697a2a0c0 Thread added: 0x0000029697a2d540
Event: 0.262 Thread 0x0000029697a2a0c0 Thread added: 0x0000029697a27ff0
Event: 2.948 Thread 0x0000029697a2a0c0 Thread added: 0x0000029697a2bb00


Dynamic libraries:
0x00007ff783310000 - 0x00007ff78332a000 	c:\Users\jjacq\AppData\Local\Programs\Python\Python313\python.exe
0x00007ffa1ea10000 - 0x00007ffa1ec27000 	C:\Windows\SYSTEM32\ntdll.dll
0x00007ffa1cf80000 - 0x00007ffa1d044000 	C:\Windows\System32\KERNEL32.DLL
0x00007ffa1c200000 - 0x00007ffa1c5b7000 	C:\Windows\System32\KERNELBASE.dll
0x00007ffa1c5f0000 - 0x00007ffa1c701000 	C:\Windows\System32\ucrtbase.dll
0x00007ff9f5a80000 - 0x00007ff9f5a9e000 	c:\Users\jjacq\AppData\Local\Programs\Python\Python313\VCRUNTIME140.dll
0x00007ff97eb30000 - 0x00007ff97f17c000 	c:\Users\jjacq\AppData\Local\Programs\Python\Python313\python313.dll
0x00007ffa1ca80000 - 0x00007ffa1caf1000 	C:\Windows\System32\WS2_32.dll
0x00007ffa1e8b0000 - 0x00007ffa1e9c4000 	C:\Windows\System32\RPCRT4.dll
0x00007ffa1c5c0000 - 0x00007ffa1c5e8000 	C:\Windows\System32\bcrypt.dll
0x00007ffa1d4d0000 - 0x00007ffa1d582000 	C:\Windows\System32\ADVAPI32.dll
0x00007ffa1c760000 - 0x00007ffa1c807000 	C:\Windows\System32\msvcrt.dll
0x00007ffa1a920000 - 0x00007ffa1a92a000 	C:\Windows\SYSTEM32\VERSION.dll
0x00007ffa1e800000 - 0x00007ffa1e8a8000 	C:\Windows\System32\sechost.dll
0x00007ffa1be40000 - 0x00007ffa1bebb000 	C:\Windows\System32\bcryptprimitives.dll
0x00000296df680000 - 0x00000296df690000 	c:\Users\jjacq\AppData\Local\Programs\Python\Python313\python3.DLL
0x00007ffa05320000 - 0x00007ffa0532b000 	c:\Users\jjacq\AppData\Local\Programs\Python\Python313\DLLs\_wmi.pyd
0x00007ffa1e720000 - 0x00007ffa1e7f7000 	C:\Windows\System32\OLEAUT32.dll
0x00007ffa1c160000 - 0x00007ffa1c1fa000 	C:\Windows\System32\msvcp_win.dll
0x00007ffa1d0e0000 - 0x00007ffa1d46e000 	C:\Windows\System32\combase.dll
0x00007ffa13740000 - 0x00007ffa13841000 	C:\Windows\SYSTEM32\PROPSYS.dll
0x00007ffa05310000 - 0x00007ffa0531c000 	c:\Users\jjacq\AppData\Local\Programs\Python\Python313\VCRUNTIME140_1.dll
0x00007ff9dc8b0000 - 0x00007ff9dc9b5000 	C:\Users\jjacq\AppData\Roaming\Python\Python313\site-packages\zmq\backend\cython\_zmq.cp313-win_amd64.pyd
0x00007ffa1a4e0000 - 0x00007ffa1a50d000 	C:\Windows\SYSTEM32\IPHLPAPI.DLL
0x00007ffa1b410000 - 0x00007ffa1b41c000 	C:\Windows\SYSTEM32\CRYPTBASE.DLL
0x00007ffa03030000 - 0x00007ffa03046000 	c:\Users\jjacq\AppData\Local\Programs\Python\Python313\DLLs\_socket.pyd
0x00007ffa053b0000 - 0x00007ffa053b9000 	c:\Users\jjacq\AppData\Local\Programs\Python\Python313\DLLs\select.pyd
0x00007ffa05240000 - 0x00007ffa0526e000 	c:\Users\jjacq\AppData\Local\Programs\Python\Python313\DLLs\_ssl.pyd
0x00007ffa1bec0000 - 0x00007ffa1c026000 	C:\Windows\System32\CRYPT32.dll
0x00007ff9dc7e0000 - 0x00007ff9dc8a3000 	c:\Users\jjacq\AppData\Local\Programs\Python\Python313\DLLs\libssl-3.dll
0x00007ff981930000 - 0x00007ff981e33000 	c:\Users\jjacq\AppData\Local\Programs\Python\Python313\DLLs\libcrypto-3.dll
0x00007ffa1d6e0000 - 0x00007ffa1d88f000 	C:\Windows\System32\USER32.dll
0x00007ffa1c710000 - 0x00007ffa1c736000 	C:\Windows\System32\win32u.dll
0x00007ffa1da70000 - 0x00007ffa1da99000 	C:\Windows\System32\GDI32.dll
0x00007ffa1bd20000 - 0x00007ffa1be38000 	C:\Windows\System32\gdi32full.dll
0x00007ffa1d6a0000 - 0x00007ffa1d6d1000 	C:\Windows\System32\IMM32.DLL
0x00007ffa051c0000 - 0x00007ffa051d2000 	c:\Users\jjacq\AppData\Local\Programs\Python\Python313\DLLs\_asyncio.pyd
0x00007ffa05230000 - 0x00007ffa0523e000 	c:\Users\jjacq\AppData\Local\Programs\Python\Python313\DLLs\_overlapped.pyd
0x00007ffa1b1a0000 - 0x00007ffa1b209000 	C:\Windows\system32\mswsock.dll
0x00007ffa02e60000 - 0x00007ffa02e75000 	c:\Users\jjacq\AppData\Local\Programs\Python\Python313\DLLs\_bz2.pyd
0x00007ff9e6570000 - 0x00007ff9e6597000 	c:\Users\jjacq\AppData\Local\Programs\Python\Python313\DLLs\_lzma.pyd
0x00007ffa054d0000 - 0x00007ffa054d9000 	c:\Users\jjacq\AppData\Local\Programs\Python\Python313\DLLs\_queue.pyd
0x00007ffa051b0000 - 0x00007ffa051c0000 	c:\Users\jjacq\AppData\Local\Programs\Python\Python313\DLLs\_hashlib.pyd
0x00007ffa051a0000 - 0x00007ffa051a8000 	C:\Users\jjacq\AppData\Roaming\Python\Python313\site-packages\tornado\speedups.pyd
0x00007ff9e3490000 - 0x00007ff9e34b2000 	c:\Users\jjacq\AppData\Local\Programs\Python\Python313\DLLs\_ctypes.pyd
0x00007ffa1e4d0000 - 0x00007ffa1e675000 	C:\Windows\System32\ole32.dll
0x00007ffa05150000 - 0x00007ffa0515b000 	c:\Users\jjacq\AppData\Local\Programs\Python\Python313\DLLs\libffi-8.dll
0x00007ff9e0460000 - 0x00007ff9e04a5000 	c:\Users\jjacq\AppData\Local\Programs\Python\Python313\DLLs\_decimal.pyd
0x00007ffa05190000 - 0x00007ffa05198000 	c:\Users\jjacq\AppData\Local\Programs\Python\Python313\DLLs\_uuid.pyd
0x00007ffa1daa0000 - 0x00007ffa1e309000 	C:\Windows\System32\shell32.DLL
0x00007ffa05130000 - 0x00007ffa05150000 	c:\Users\jjacq\AppData\Local\Programs\Python\Python313\DLLs\_sqlite3.pyd
0x00007ff98a670000 - 0x00007ff98a7e8000 	c:\Users\jjacq\AppData\Local\Programs\Python\Python313\DLLs\sqlite3.dll
0x00007ffa00290000 - 0x00007ffa002c2000 	c:\Users\jjacq\AppData\Local\Programs\Python\Python313\DLLs\pyexpat.pyd
0x00007ff99b410000 - 0x00007ff99b4bf000 	c:\Users\jjacq\AppData\Local\Programs\Python\Python313\DLLs\unicodedata.pyd
0x00007ffa1ad40000 - 0x00007ffa1ad58000 	C:\Windows\SYSTEM32\kernel.appcore.dll
0x00007ffa18930000 - 0x00007ffa189e1000 	C:\Windows\system32\uxtheme.dll
0x00007ffa1c9d0000 - 0x00007ffa1ca80000 	C:\Windows\System32\clbcatq.dll
0x00007ffa06ce0000 - 0x00007ffa06cfd000 	C:\Windows\SYSTEM32\amsi.dll
0x00007ffa1b2b0000 - 0x00007ffa1b2d8000 	C:\Windows\SYSTEM32\USERENV.dll
0x00007ffa1bc50000 - 0x00007ffa1bc77000 	C:\Windows\SYSTEM32\profapi.dll
0x00007ff9fef90000 - 0x00007ff9ff013000 	C:\ProgramData\Microsoft\Windows Defender\Platform\4.18.24090.11-0\MpOav.dll
0x00007ffa02f50000 - 0x00007ffa02f64000 	C:\Users\jjacq\AppData\Roaming\Python\Python313\site-packages\psutil\_psutil_windows.pyd
0x00007ffa1d9a0000 - 0x00007ffa1d9a8000 	C:\Windows\System32\PSAPI.DLL
0x00007ffa1ba40000 - 0x00007ffa1ba8d000 	C:\Windows\SYSTEM32\POWRPROF.dll
0x00007ffa08e00000 - 0x00007ffa08e59000 	C:\Windows\SYSTEM32\pdh.dll
0x00007ffa1ba20000 - 0x00007ffa1ba33000 	C:\Windows\SYSTEM32\UMPDC.dll
0x00007ffa1aaf0000 - 0x00007ffa1ab04000 	C:\Windows\SYSTEM32\wtsapi32.dll
0x00007ffa1d990000 - 0x00007ffa1d999000 	C:\Windows\System32\NSI.dll
0x00007ffa15780000 - 0x00007ffa15799000 	C:\Windows\SYSTEM32\dhcpcsvc6.DLL
0x00007ffa156c0000 - 0x00007ffa156df000 	C:\Windows\SYSTEM32\dhcpcsvc.DLL
0x00007ffa1a510000 - 0x00007ffa1a612000 	C:\Windows\SYSTEM32\DNSAPI.dll
0x00007ff99b3a0000 - 0x00007ff99b406000 	C:\Users\jjacq\AppData\Roaming\Python\Python313\site-packages\debugpy\_vendored\pydevd\_pydevd_bundle\pydevd_cython.cp313-win_amd64.pyd
0x00007ff997630000 - 0x00007ff997686000 	C:\Users\jjacq\AppData\Roaming\Python\Python313\site-packages\debugpy\_vendored\pydevd\_pydevd_sys_monitoring\_pydevd_sys_monitoring_cython.cp313-win_amd64.pyd
0x00007ff983270000 - 0x00007ff983682000 	c:\Users\jjacq\AppData\Local\Programs\Python\Python313\Lib\site-packages\numpy\_core\_multiarray_umath.cp313-win_amd64.pyd
0x00007ff98a8c0000 - 0x00007ff98a95b000 	c:\Users\jjacq\AppData\Local\Programs\Python\Python313\Lib\site-packages\numpy.libs\msvcp140-23ebcc0b37c8e3d074511f362feac48b.dll
0x00007ff977450000 - 0x00007ff9787ad000 	c:\Users\jjacq\AppData\Local\Programs\Python\Python313\Lib\site-packages\numpy.libs\libscipy_openblas64_-c16e4918366c6bc1f1cd71e28ca36fc0.dll
0x00007ff9ee8f0000 - 0x00007ff9ee90e000 	c:\Users\jjacq\AppData\Local\Programs\Python\Python313\Lib\site-packages\numpy\linalg\_umath_linalg.cp313-win_amd64.pyd
0x00007ff9e0b90000 - 0x00007ff9e0bbe000 	c:\Users\jjacq\AppData\Local\Programs\Python\Python313\Lib\site-packages\numpy\random\bit_generator.cp313-win_amd64.pyd
0x00007ff9e0430000 - 0x00007ff9e045d000 	c:\Users\jjacq\AppData\Local\Programs\Python\Python313\Lib\site-packages\numpy\random\_common.cp313-win_amd64.pyd
0x00007ff9896e0000 - 0x00007ff989780000 	c:\Users\jjacq\AppData\Local\Programs\Python\Python313\Lib\site-packages\numpy\random\mtrand.cp313-win_amd64.pyd
0x00007ff9ddcd0000 - 0x00007ff9ddd0b000 	c:\Users\jjacq\AppData\Local\Programs\Python\Python313\Lib\site-packages\numpy\random\_bounded_integers.cp313-win_amd64.pyd
0x00007ff9ec450000 - 0x00007ff9ec46a000 	c:\Users\jjacq\AppData\Local\Programs\Python\Python313\Lib\site-packages\numpy\random\_mt19937.cp313-win_amd64.pyd
0x00007ff9e0b00000 - 0x00007ff9e0b18000 	c:\Users\jjacq\AppData\Local\Programs\Python\Python313\Lib\site-packages\numpy\random\_philox.cp313-win_amd64.pyd
0x00007ff9e0320000 - 0x00007ff9e033b000 	c:\Users\jjacq\AppData\Local\Programs\Python\Python313\Lib\site-packages\numpy\random\_pcg64.cp313-win_amd64.pyd
0x00007ff9de470000 - 0x00007ff9de483000 	c:\Users\jjacq\AppData\Local\Programs\Python\Python313\Lib\site-packages\numpy\random\_sfc64.cp313-win_amd64.pyd
0x00007ff9880a0000 - 0x00007ff98815c000 	c:\Users\jjacq\AppData\Local\Programs\Python\Python313\Lib\site-packages\numpy\random\_generator.cp313-win_amd64.pyd
0x00007ffa05180000 - 0x00007ffa0518b000 	c:\Users\jjacq\AppData\Local\Programs\Python\Python313\Lib\site-packages\pandas\_libs\pandas_parser.cp313-win_amd64.pyd
0x00007ffa05120000 - 0x00007ffa0512c000 	c:\Users\jjacq\AppData\Local\Programs\Python\Python313\Lib\site-packages\pandas\_libs\pandas_datetime.cp313-win_amd64.pyd
0x00007ff987f80000 - 0x00007ff988097000 	c:\Users\jjacq\AppData\Local\Programs\Python\Python313\Lib\site-packages\pandas\_libs\interval.cp313-win_amd64.pyd
0x00007ff987840000 - 0x00007ff987a07000 	c:\Users\jjacq\AppData\Local\Programs\Python\Python313\Lib\site-packages\pandas\_libs\hashtable.cp313-win_amd64.pyd
0x00007ff9dc7b0000 - 0x00007ff9dc7dd000 	c:\Users\jjacq\AppData\Local\Programs\Python\Python313\Lib\site-packages\pandas\_libs\missing.cp313-win_amd64.pyd
0x00007ff9dc050000 - 0x00007ff9dc07d000 	c:\Users\jjacq\AppData\Local\Programs\Python\Python313\Lib\site-packages\pandas\_libs\tslibs\dtypes.cp313-win_amd64.pyd
0x00007ff9dc790000 - 0x00007ff9dc7a5000 	c:\Users\jjacq\AppData\Local\Programs\Python\Python313\Lib\site-packages\pandas\_libs\tslibs\ccalendar.cp313-win_amd64.pyd
0x00007ff9cb580000 - 0x00007ff9cb5a0000 	c:\Users\jjacq\AppData\Local\Programs\Python\Python313\Lib\site-packages\pandas\_libs\tslibs\np_datetime.cp313-win_amd64.pyd
0x00007ff99b540000 - 0x00007ff99b57c000 	c:\Users\jjacq\AppData\Local\Programs\Python\Python313\Lib\site-packages\pandas\_libs\tslibs\conversion.cp313-win_amd64.pyd
0x00007ff9cb560000 - 0x00007ff9cb571000 	c:\Users\jjacq\AppData\Local\Programs\Python\Python313\Lib\site-packages\pandas\_libs\tslibs\base.cp313-win_amd64.pyd
0x00007ff987ea0000 - 0x00007ff987f7f000 	c:\Users\jjacq\AppData\Local\Programs\Python\Python313\Lib\site-packages\pandas\_libs\tslibs\offsets.cp313-win_amd64.pyd
0x00007ff98a840000 - 0x00007ff98a8c0000 	c:\Users\jjacq\AppData\Local\Programs\Python\Python313\Lib\site-packages\pandas\_libs\tslibs\timestamps.cp313-win_amd64.pyd
0x00007ff998ea0000 - 0x00007ff998ed4000 	c:\Users\jjacq\AppData\Local\Programs\Python\Python313\Lib\site-packages\pandas\_libs\tslibs\nattype.cp313-win_amd64.pyd
0x00007ff989660000 - 0x00007ff9896d8000 	c:\Users\jjacq\AppData\Local\Programs\Python\Python313\Lib\site-packages\pandas\_libs\tslibs\timedeltas.cp313-win_amd64.pyd
0x00007ff9975f0000 - 0x00007ff99762a000 	c:\Users\jjacq\AppData\Local\Programs\Python\Python313\Lib\site-packages\pandas\_libs\tslibs\timezones.cp313-win_amd64.pyd
0x00007ffa04f60000 - 0x00007ffa04f6d000 	c:\Users\jjacq\AppData\Local\Programs\Python\Python313\DLLs\_zoneinfo.pyd
0x00000296fbc20000 - 0x00000296fbc23000 	C:\Windows\SYSTEM32\tzres.dll
0x00007ff9877f0000 - 0x00007ff987836000 	c:\Users\jjacq\AppData\Local\Programs\Python\Python313\Lib\site-packages\pandas\_libs\tslibs\fields.cp313-win_amd64.pyd
0x00007ff987d60000 - 0x00007ff987da0000 	c:\Users\jjacq\AppData\Local\Programs\Python\Python313\Lib\site-packages\pandas\_libs\tslibs\tzconversion.cp313-win_amd64.pyd
0x00007ff9c7c20000 - 0x00007ff9c7c34000 	c:\Users\jjacq\AppData\Local\Programs\Python\Python313\Lib\site-packages\pandas\_libs\properties.cp313-win_amd64.pyd
0x00007ff987790000 - 0x00007ff9877e3000 	c:\Users\jjacq\AppData\Local\Programs\Python\Python313\Lib\site-packages\pandas\_libs\tslibs\parsing.cp313-win_amd64.pyd
0x00007ff987740000 - 0x00007ff98778e000 	c:\Users\jjacq\AppData\Local\Programs\Python\Python313\Lib\site-packages\pandas\_libs\tslibs\strptime.cp313-win_amd64.pyd
0x00007ff9876d0000 - 0x00007ff987739000 	c:\Users\jjacq\AppData\Local\Programs\Python\Python313\Lib\site-packages\pandas\_libs\tslibs\period.cp313-win_amd64.pyd
0x00007ff987690000 - 0x00007ff9876c3000 	c:\Users\jjacq\AppData\Local\Programs\Python\Python313\Lib\site-packages\pandas\_libs\tslibs\vectorized.cp313-win_amd64.pyd
0x00007ffa04f00000 - 0x00007ffa04f10000 	c:\Users\jjacq\AppData\Local\Programs\Python\Python313\Lib\site-packages\pandas\_libs\ops_dispatch.cp313-win_amd64.pyd
0x00007ff987370000 - 0x00007ff987532000 	c:\Users\jjacq\AppData\Local\Programs\Python\Python313\Lib\site-packages\pandas\_libs\algos.cp313-win_amd64.pyd
0x00007ff9872c0000 - 0x00007ff987367000 	c:\Users\jjacq\AppData\Local\Programs\Python\Python313\Lib\site-packages\pandas\_libs\lib.cp313-win_amd64.pyd
0x00007ff987650000 - 0x00007ff987685000 	c:\Users\jjacq\AppData\Local\Programs\Python\Python313\Lib\site-packages\pandas\_libs\ops.cp313-win_amd64.pyd
0x00007ff9b93c0000 - 0x00007ff9b93ec000 	c:\Users\jjacq\AppData\Local\Programs\Python\Python313\Lib\site-packages\pandas\_libs\hashing.cp313-win_amd64.pyd
0x00007ff99db10000 - 0x00007ff99db2c000 	c:\Users\jjacq\AppData\Local\Programs\Python\Python313\Lib\site-packages\pandas\_libs\arrays.cp313-win_amd64.pyd
0x00007ff987270000 - 0x00007ff9872b3000 	c:\Users\jjacq\AppData\Local\Programs\Python\Python313\Lib\site-packages\pandas\_libs\tslib.cp313-win_amd64.pyd
0x00007ff982cb0000 - 0x00007ff982d82000 	c:\Users\jjacq\AppData\Local\Programs\Python\Python313\Lib\site-packages\pandas\_libs\sparse.cp313-win_amd64.pyd
0x00007ff987210000 - 0x00007ff987261000 	c:\Users\jjacq\AppData\Local\Programs\Python\Python313\Lib\site-packages\pandas\_libs\internals.cp313-win_amd64.pyd
0x00007ff99c070000 - 0x00007ff99c081000 	c:\Users\jjacq\AppData\Local\Programs\Python\Python313\Lib\site-packages\pandas\_libs\indexing.cp313-win_amd64.pyd
0x00007ff982bf0000 - 0x00007ff982ca6000 	c:\Users\jjacq\AppData\Local\Programs\Python\Python313\Lib\site-packages\pandas\_libs\index.cp313-win_amd64.pyd
0x00007ff9871d0000 - 0x00007ff987204000 	c:\Users\jjacq\AppData\Local\Programs\Python\Python313\Lib\site-packages\pandas\_libs\writers.cp313-win_amd64.pyd
0x00007ff982090000 - 0x00007ff98219f000 	c:\Users\jjacq\AppData\Local\Programs\Python\Python313\Lib\site-packages\pandas\_libs\join.cp313-win_amd64.pyd
0x00007ff983210000 - 0x00007ff983269000 	c:\Users\jjacq\AppData\Local\Programs\Python\Python313\Lib\site-packages\pandas\_libs\window\aggregations.cp313-win_amd64.pyd
0x00007ff982890000 - 0x00007ff98292b000 	c:\Users\jjacq\AppData\Local\Programs\Python\Python313\Lib\site-packages\pandas.libs\msvcp140-0f2ea95580b32bcfc81c235d5751ce78.dll
0x00007ff9981d0000 - 0x00007ff9981fc000 	c:\Users\jjacq\AppData\Local\Programs\Python\Python313\Lib\site-packages\pandas\_libs\window\indexers.cp313-win_amd64.pyd
0x00007ff982ba0000 - 0x00007ff982be1000 	c:\Users\jjacq\AppData\Local\Programs\Python\Python313\Lib\site-packages\pandas\_libs\reshape.cp313-win_amd64.pyd
0x00007ff9811a0000 - 0x00007ff9813c4000 	c:\Users\jjacq\AppData\Local\Programs\Python\Python313\Lib\site-packages\pandas\_libs\groupby.cp313-win_amd64.pyd

dbghelp: loaded successfully - version: 4.0.5 - missing functions: none
symbol engine: initialized successfully - sym options: 0x614 - pdb path: .;c:\Users\jjacq\AppData\Local\Programs\Python\Python313;C:\Windows\SYSTEM32;c:\Users\jjacq\AppData\Local\Programs\Python\Python313\DLLs;C:\Users\jjacq\AppData\Roaming\Python\Python313\site-packages\zmq\backend\cython;C:\Users\jjacq\AppData\Roaming\Python\Python313\site-packages\tornado;C:\ProgramData\Microsoft\Windows Defender\Platform\4.18.24090.11-0;C:\Users\jjacq\AppData\Roaming\Python\Python313\site-packages\psutil;C:\Users\jjacq\AppData\Roaming\Python\Python313\site-packages\debugpy\_vendored\pydevd\_pydevd_bundle;C:\Users\jjacq\AppData\Roaming\Python\Python313\site-packages\debugpy\_vendored\pydevd\_pydevd_sys_monitoring;c:\Users\jjacq\AppData\Local\Programs\Python\Python313\Lib\site-packages\numpy\_core;c:\Users\jjacq\AppData\Local\Programs\Python\Python313\Lib\site-packages\numpy.libs;c:\Users\jjacq\AppData\Local\Programs\Python\Python313\Lib\site-packages\numpy\linalg;c:\Users\jjacq\AppData\Local\Programs\Python\Python313\Lib\site-packages\numpy\random;c:\Users\jjacq\AppData\Local\Programs\Python\Python313\Lib\site-packages\pandas\_libs;c:\Users\jjacq\AppData\Local\Programs\Python\Python313\Lib\site-packages\pandas\_libs\tslibs;c:\Users\jjacq\AppData\Local\Programs\Python\Python313\Lib\site-packages\pandas\_libs\window;c:\Users\jjacq\AppData\Local\Programs\Python\Python313\Lib\site-packages\pandas.libs;c:\Users\jjacq\AppData\Local\Programs\Python\Python313\Lib\site-packages\sklearn\__check_build;c:\Users\jjacq\AppData\Local\Programs\Python\Python313\Lib\site-packages\sklearn\.libs;c:\Users\jjacq\AppData\Local\Programs\Python\Python313\Lib\site-packages\scipy\_lib;c:\Users\jjacq\AppData\Local\Programs\Python\Python313\Lib\site-packages\numpy\fft;c:\Users\jjacq\AppData\Local\Programs\Python\Python313\Lib\site-packages\scipy\sparse;c:\Users\jjacq\AppData\Local\Programs\Python\Python313\Lib\site-packages\scipy\linalg;c:\Users\jjacq\AppData\Local\Programs\Python\Python313\Lib\site-packages\scipy.libs;c:\Users\jjacq\AppData\Local\Programs\Python\Python313\Lib\site-packages\scipy\sparse\linalg\_dsolve;c:\Users\jjacq\AppData\Local\Programs\Python\Python313\Lib\site-packages\scipy\sparse\linalg\_eigen\arpack;c:\Users\jjacq\AppData\Local\Programs\Python\Python313\Lib\site-packages\scipy\sparse\linalg\_propack;c:\Users\jjacq\AppData\Local\Programs\Python\Python313\Lib\site-packages\scipy\sparse\csgraph;c:\Users\jjacq\AppData\Local\Programs\Python\Python313\Lib\site-packages\scipy\special;c:\Users\jjacq\AppData\Local\Programs\Python\Python313\Lib\site-packages\scipy\spatial;c:\Users\jjacq\AppData\Local\Programs\Python\Python313\Lib\site-packages\scipy\spatial\transform;c:\Users\jjacq\AppData\Local\Programs\Python\Python313\Lib\site-packages\scipy\optimize;c:\Users\jjacq\AppData\Local\Programs\Python\Python313\Lib\site-packages\scipy\optimize\_trlib;c:\Users\jjacq\AppData\Local\Programs\Python\Python313\Lib\site-packages\scipy\optimize\_lsq;c:\Users\jjacq\AppData\Local\Programs\Python\Python313\Lib\site-packages\scipy\optimize\_highs;c:\Users\jjacq\AppData\Local\Programs\Python\Python313\Lib\site-packages\scipy\integrate;c:\Users\jjacq\AppData\Local\Programs\Python\Python313\Lib\site-packages\scipy\interpolate;c:\Users\jjacq\AppData\Local\Programs\Python\Python313\Lib\site-packages\scipy\stats;c:\Users\jjacq\AppData\Local\Programs\Python\Python313\Lib\site-packages\scipy\stats\_levy_stable;c:\Users\jjacq\AppData\Local\Programs\Python\Python313\Lib\site-packages\scipy\_lib\_uarray;c:\Users\jjacq\AppData\Local\Programs\Python\Python313\Lib\site-packages\scipy\fft\_pocketfft;c:\Users\jjacq\AppData\Local\Programs\Python\Python313\Lib\site-packages\scipy\stats\_rcont;c:\Users\jjacq\AppData\Local\Programs\Python\Python313\Lib\site-packages\scipy\stats\_unuran;c:\Users\jjacq\AppData\Local\Programs\Python\Python313\Lib\site-packages\scipy\ndimage;c:\Users\jjacq\AppData\Local\Programs\Python\Python313\Lib\site-packages\sklearn\utils;c:\Users\jjacq\AppData\Local\Programs\Python\Python313\Lib\site-packages\sklearn\metrics\cluster;c:\Users\jjacq\AppData\Local\Programs\Python\Python313\Lib\site-packages\sklearn\preprocessing;c:\Users\jjacq\AppData\Local\Programs\Python\Python313\Lib\site-packages\sklearn\metrics;c:\Users\jjacq\AppData\Local\Programs\Python\Python313\Lib\site-packages\sklearn\metrics\_pairwise_distances_reduction;c:\Users\jjacq\AppData\Local\Programs\Python\Python313\Lib\site-packages\sklearn\tree;c:\Users\jjacq\AppData\Local\Programs\Python\Python313\Lib\site-packages\sklearn\neighbors;c:\Users\jjacq\AppData\Local\Programs\Python\Python313\Lib\site-packages\sklearn\linear_model;c:\Users\jjacq\AppData\Local\Programs\Python\Python313\Lib\site-packages\sklearn\_loss;c:\Users\jjacq\AppData\Local\Programs\Python\Python313\Lib\site-packages\sklearn\svm;c:\Users\jjacq\AppData\Local\Programs\Python\Python313\Lib\site-packages\sklearn\decomposition;c:\Users\jjacq\AppData\Local\Programs\Python\Python313\Lib\site-packages\sklearn\ensemble;c:\Users\jjacq\AppData\Local\Programs\Python\Python313\Lib\site-packages\sklearn\ensemble\_hist_gradient_boosting;c:\Users\jjacq\AppData\Local\Programs\Python\Python313\Lib\site-packages\scipy\io\matlab;c:\Users\jjacq\AppData\Local\Programs\Python\Python313\Lib\site-packages\sklearn\datasets;c:\Users\jjacq\AppData\Local\Programs\Python\Python313\Lib\site-packages\sklearn\feature_extraction;c:\Users\jjacq\AppData\Local\Programs\Python\Python313\Lib\site-packages\matplotlib;c:\Users\jjacq\AppData\Local\Programs\Python\Python313\Lib\site-packages\PIL;c:\Users\jjacq\AppData\Local\Programs\Python\Python313\Lib\site-packages\kiwisolver;c:\Users\jjacq\AppData\Local\Programs\Python\Python313\Lib\site-packages;C:\Program Files\Java\jdk-23\bin\server;C:\Program Files\Java\jdk-23\bin

VM Arguments:
java_command: <unknown>
java_class_path (initial): c:\Users\jjacq\AppData\Local\Programs\Python\Python313\Lib\site-packages\jpmml_evaluator\resources\jpmml-evaluator-python-1.3-SNAPSHOT.jar;c:\Users\jjacq\AppData\Local\Programs\Python\Python313\Lib\site-packages\jpmml_evaluator\dependencies\codemodel-3.0.1.jar;c:\Users\jjacq\AppData\Local\Programs\Python\Python313\Lib\site-packages\jpmml_evaluator\dependencies\commons-math3-3.6.1.jar;c:\Users\jjacq\AppData\Local\Programs\Python\Python313\Lib\site-packages\jpmml_evaluator\dependencies\failureaccess-1.0.2.jar;c:\Users\jjacq\AppData\Local\Programs\Python\Python313\Lib\site-packages\jpmml_evaluator\dependencies\guava-33.3.1-jre.jar;c:\Users\jjacq\AppData\Local\Programs\Python\Python313\Lib\site-packages\jpmml_evaluator\dependencies\istack-commons-runtime-4.0.1.jar;c:\Users\jjacq\AppData\Local\Programs\Python\Python313\Lib\site-packages\jpmml_evaluator\dependencies\jackson-annotations-2.17.2.jar;c:\Users\jjacq\AppData\Local\Programs\Python\Python313\Lib\site-packages\jpmml_evaluator\dependencies\jakarta.activation-2.0.1.jar;c:\Users\jjacq\AppData\Local\Programs\Python\Python313\Lib\site-packages\jpmml_evaluator\dependencies\jakarta.xml.bind-api-3.0.1.jar;c:\Users\jjacq\AppData\Local\Programs\Python\Python313\Lib\site-packages\jpmml_evaluator\dependencies\jaxb-core-3.0.2.jar;c:\Users\jjacq\AppData\Local\Programs\Python\Python313\Lib\site-packages\jpmml_evaluator\dependencies\jaxb-runtime-3.0.2.jar;c:\Users\jjacq\AppData\Local\Programs\Python\Python313\Lib\site-packages\jpmml_evaluator\dependencies\jpmml-codemodel-1.1.7.jar;c:\Users\jjacq\AppData\Local\Programs\Python\Python313\Lib\site-packages\jpmml_evaluator\dependencies\pickle-1.5.jar;c:\Users\jjacq\AppData\Local\Programs\Python\Python313\Lib\site-packages\jpmml_evaluator\dependencies\pmml-converter-1.5.7.jar;c:\Users\jjacq\AppData\Local\Programs\Python\Python313\Lib\site-packages\jpmml_evaluator\dependencies\pmml-evaluator-1.6.6.jar;c:\Users\jjacq\AppData\Local\Programs\Python\Python313\Lib\site-packages\jpmml_evaluator\dependencies\pmml-evaluator-metro-1.6.6.jar;c:\Users\jjacq\AppData\Local\Programs\Python\Python313\Lib\site-packages\jpmml_evaluator\dependencies\pmml-evaluator-reporting-1.6.6.jar;c:\Users\jjacq\AppData\Local\Programs\Python\Python313\Lib\site-packages\jpmml_evaluator\dependencies\pmml-model-1.6.6.jar;c:\Users\jjacq\AppData\Local\Programs\Python\Python313\Lib\site-packages\jpmml_evaluator\dependencies\pmml-model-metro-1.6.6.jar;c:\Users\jjacq\AppData\Local\Programs\Python\Python313\Lib\site-packages\jpmml_evaluator\dependencies\pmml-python-1.2.4.jar;c:\Users\jjacq\AppData\Local\Programs\Python\Python313\Lib\site-packages\jpmml_evaluator\dependencies\pmml-transpiler-1.3.7.jar;c:\Users\jjacq\AppData\Local\Programs\Python\Python313\Lib\site-packages\jpmml_evaluator\dependencies\serpent-1.40.jar;c:\Users\jjacq\AppData\Local\Programs\Python\Python313\Lib\site-packages\jpmml_evaluator\dependencies\slf4j-api-1.7.36.jar;c:\Users\jjacq\AppData\Local\Programs\Python\Python313\Lib\site-packages\jpmml_evaluator\dependencies\slf4j-jdk14-1.7.36.jar
Launcher Type: generic

[Global flags]
     intx CICompilerCount                          = 4                                         {product} {ergonomic}
     uint ConcGCThreads                            = 3                                         {product} {ergonomic}
     uint G1ConcRefinementThreads                  = 10                                        {product} {ergonomic}
   size_t G1HeapRegionSize                         = 1048576                                   {product} {ergonomic}
   size_t InitialHeapSize                          = 130023424                                 {product} {ergonomic}
   size_t MarkStackSize                            = 4194304                                   {product} {ergonomic}
   size_t MarkStackSizeMax                         = 536870912                                 {product} {ergonomic}
   size_t MaxHeapSize                              = 2080374784                                {product} {ergonomic}
   size_t MaxNewSize                               = 1247805440                                {product} {ergonomic}
   size_t MinHeapDeltaBytes                        = 1048576                                   {product} {ergonomic}
   size_t MinHeapSize                              = 8388608                                   {product} {ergonomic}
    uintx NonNMethodCodeHeapSize                   = 5832704                                {pd product} {ergonomic}
    uintx NonProfiledCodeHeapSize                  = 122945536                              {pd product} {ergonomic}
    uintx ProfiledCodeHeapSize                     = 122880000                              {pd product} {ergonomic}
    uintx ReservedCodeCacheSize                    = 251658240                              {pd product} {ergonomic}
     bool SegmentedCodeCache                       = true                                      {product} {ergonomic}
   size_t SoftMaxHeapSize                          = 2080374784                             {manageable} {ergonomic}
     bool UseCompressedOops                        = true                           {product lp64_product} {ergonomic}
     bool UseG1GC                                  = true                                      {product} {ergonomic}
     bool UseLargePagesIndividualAllocation        = false                                  {pd product} {ergonomic}

Logging:
Log output configuration:
 #0: stdout all=warning uptime,level,tags foldmultilines=false
 #1: stderr all=off uptime,level,tags foldmultilines=false

Environment Variables:
JAVA_HOME=C:\Program Files\Java\jdk-23
PATH=c:\Users\jjacq\AppData\Local\Programs\Python\Python313;c:\Users\jjacq\AppData\Roaming\Python\Python313\Scripts;C:\Windows\system32;C:\Windows;C:\Windows\System32\Wbem;C:\Windows\System32\WindowsPowerShell\v1.0\;C:\Windows\System32\OpenSSH\;C:\Program Files\Git\cmd;C:\Program Files\dotnet\;C:\Program Files\Graphviz\bin;C:\Users\jjacq\AppData\Local\Programs\Python\Python313;C:\Users\jjacq\AppData\Local\Programs\Python\Python313\Scripts;C:\Users\jjacq\AppData\Local\Microsoft\WindowsApps;C:\Users\jjacq\AppData\Local\Programs\Microsoft VS Code\bin;C:\Program Files\Java\jdk-23\bin;C:\Users\jjacq\AppData\Local\Programs\Python\Python313\;C:\Users\jjacq\AppData\Local\Programs\Python\Python313\Scripts\;;C:\Windows\system32;C:\Windows;C:\Windows\System32\Wbem;C:\Windows\System32\WindowsPowerShell\v1.0\;C:\Windows\System32\OpenSSH\;C:\Program Files\Git\cmd;C:\Program Files\dotnet\;C:\Program Files\Graphviz\bin;C:\Users\jjacq\AppData\Local\Programs\Python\Python313;C:\Users\jjacq\AppData\Local\Programs\Python\Python313\Scripts;C:\Users\jjacq\AppData\Local\Microsoft\WindowsApps;C:\Users\jjacq\AppData\Local\Programs\Microsoft VS Code\bin;C:\Program Files\Java\jdk-23\bin;C:\Users\jjacq\AppData\Local\Programs\Python\Python313\;C:\Users\jjacq\AppData\Local\Programs\Python\Python313\Scripts\;;C:/Program Files/Graphviz/bin/;C:/Program Files/Graphviz/bin/
USERNAME=jjacq
TERM=xterm-color
OS=Windows_NT
PROCESSOR_IDENTIFIER=Intel64 Family 6 Model 154 Stepping 4, GenuineIntel
TMP=C:\Users\jjacq\AppData\Local\Temp
TEMP=C:\Users\jjacq\AppData\Local\Temp




Periodic native trim disabled

---------------  S Y S T E M  ---------------

OS:
 Windows 11 , 64 bit Build 22621 (10.0.22621.3958)
OS uptime: 1 days 14:32 hours
Hyper-V role detected

CPU: total 12 (initial active 12) (6 cores per cpu, 2 threads per core) family 6 model 154 stepping 4 microcode 0x423, cx8, cmov, fxsr, ht, mmx, 3dnowpref, sse, sse2, sse3, ssse3, sse4.1, sse4.2, popcnt, lzcnt, tsc, tscinvbit, avx, avx2, aes, erms, clmul, bmi1, bmi2, adx, sha, fma, vzeroupper, clflush, clflushopt, clwb, hv, serialize, rdtscp, rdpid, fsrm, gfni, f16c, cet_ibt, cet_ss
Processor Information for processor 0
  Max Mhz: 1300, Current Mhz: 1300, Mhz Limit: 1300
Processor Information for processor 1
  Max Mhz: 1300, Current Mhz: 1300, Mhz Limit: 1300
Processor Information for processor 2
  Max Mhz: 1300, Current Mhz: 1300, Mhz Limit: 1300
Processor Information for processor 3
  Max Mhz: 1300, Current Mhz: 1300, Mhz Limit: 1300
Processor Information for processor 4
  Max Mhz: 1300, Current Mhz: 900, Mhz Limit: 897
Processor Information for processor 5
  Max Mhz: 1300, Current Mhz: 900, Mhz Limit: 897
Processor Information for processor 6
  Max Mhz: 1300, Current Mhz: 900, Mhz Limit: 897
Processor Information for processor 7
  Max Mhz: 1300, Current Mhz: 900, Mhz Limit: 897
Processor Information for processor 8
  Max Mhz: 1300, Current Mhz: 900, Mhz Limit: 897
Processor Information for processor 9
  Max Mhz: 1300, Current Mhz: 900, Mhz Limit: 897
Processor Information for processor 10
  Max Mhz: 1300, Current Mhz: 900, Mhz Limit: 897
Processor Information for processor 11
  Max Mhz: 1300, Current Mhz: 900, Mhz Limit: 897

Memory: 4k page, system-wide physical 7933M (697M free)
TotalPageFile size 19197M (AvailPageFile size 4360M)
current process WorkingSet (physical memory assigned to process): 286M, peak: 286M
current process commit charge ("private bytes"): 1209M, peak: 1209M

vm_info: Java HotSpot(TM) 64-Bit Server VM (23.0.1+11-39) for windows-amd64 JRE (23.0.1+11-39), built on 2024-09-30T07:20:43Z with MS VC++ 17.6 (VS2022)

END.
