#
# A fatal error has been detected by the Java Runtime Environment:
#
#  EXCEPTION_ACCESS_VIOLATION (0xc0000005) at pc=0x00007ff85513648f, pid=27032, tid=10024
#
# JRE version: Java(TM) SE Runtime Environment (23.0.1+11) (build 23.0.1+11-39)
# Java VM: Java HotSpot(TM) 64-Bit Server VM (23.0.1+11-39, mixed mode, sharing, tiered, compressed oops, compressed class ptrs, g1 gc, windows-amd64)
# Problematic frame:
# C  [python313.dll+0x1c648f]
#
# No core dump will be written. Minidumps are not enabled by default on client versions of Windows
#
# If you would like to submit a bug report, please visit:
#   https://bugreport.java.com/bugreport/crash.jsp
# The crash happened outside the Java Virtual Machine in native code.
# See problematic frame for where to report the bug.
#

---------------  S U M M A R Y ------------

Command Line: 

Host: 12th Gen Intel(R) Core(TM) i5-1235U, 12 cores, 7G,  Windows 11 , 64 bit Build 22621 (10.0.22621.3958)
Time: Sun Nov  3 19:07:26 2024 Mitteleuropäische Zeit elapsed time: 0.246909 seconds (0d 0h 0m 0s)

---------------  T H R E A D  ---------------

Current thread (0x000002c66fd8a4e0):  JavaThread "main"             [_thread_in_native, id=10024, stack(0x000000cb28200000,0x000000cb284e0000) (2944K)]

Stack: [0x000000cb28200000,0x000000cb284e0000],  sp=0x000000cb284db3d0,  free space=2924k
Native frames: (J=compiled Java code, j=interpreted, Vv=VM code, C=native code)
C  [python313.dll+0x1c648f]  (no source info available)
C  0x00007ff83978a947  (no source info available)
C  0x00007ff83974c9bf  (no source info available)
C  0x00007ff83977a9be  (no source info available)
C  [python313.dll+0x56732]  (no source info available)
C  [python313.dll+0x564f0]  (no source info available)
C  0x00007ff83977a1fd  (no source info available)
C  [python313.dll+0x11587]  (no source info available)
C  [python313.dll+0x892bd]  (no source info available)
C  [python313.dll+0x872ec]  (no source info available)
C  [python313.dll+0x7df51]  (no source info available)
C  [python313.dll+0x7de9b]  (no source info available)
C  0x00007ff83977e254  (no source info available)
C  0x00007ff83976c9eb  (no source info available)
C  0x000002c60753d207  (no source info available)

The last pc belongs to native method entry point (kind = native) (printed below).
Java frames: (J=compiled Java code, j=interpreted, Vv=VM code)
j  org.jpype.manager.TypeFactoryNative.newWrapper(JJ)V+0
j  org.jpype.JPypeContext.newWrapper(J)V+16
v  ~StubRoutines::call_stub 0x000002c607530fcd
j  org.jpype.manager.TypeFactoryNative.newWrapper(JJ)V+0
j  org.jpype.JPypeContext.newWrapper(J)V+16
v  ~StubRoutines::call_stub 0x000002c607530fcd

siginfo: EXCEPTION_ACCESS_VIOLATION (0xc0000005), reading address 0x0000000000000018


Registers:
RAX=0x0000000000000000, RBX=0x0000000000000020, RCX=0x000000cb284db420, RDX=0x0000000000000020
RSP=0x000000cb284db3d0, RBP=0x0000000000000000, RSI=0x0000000000000020, RDI=0x000000cb284db420
R8 =0x000000000000561c, R9 =0x0000000000000003, R10=0x000002c675dc8560, R11=0x000000cb284db490
R12=0x000000cb284dbb30, R13=0x000002c6c5351b60, R14=0x0000000000000000, R15=0x000000cb284dbb70
RIP=0x00007ff85513648f, EFLAGS=0x0000000000010202


Register to memory mapping:

RAX=0x0 is null
RBX=0x0000000000000020 is an unknown value
RCX=0x000000cb284db420 is pointing into the stack for thread: 0x000002c66fd8a4e0
RDX=0x0000000000000020 is an unknown value
RSP=0x000000cb284db3d0 is pointing into the stack for thread: 0x000002c66fd8a4e0
RBP=0x0 is null
RSI=0x0000000000000020 is an unknown value
RDI=0x000000cb284db420 is pointing into the stack for thread: 0x000002c66fd8a4e0
R8 =0x000000000000561c is an unknown value
R9 =0x0000000000000003 is an unknown value
R10=0x000002c675dc8560 points into unknown readable memory: 0x0000004000000002 | 02 00 00 00 40 00 00 00
R11=0x000000cb284db490 is pointing into the stack for thread: 0x000002c66fd8a4e0
R12=0x000000cb284dbb30 is pointing into the stack for thread: 0x000002c66fd8a4e0
R13=0x000002c6c5351b60 points into unknown readable memory: 0x00007ff8397969e0 | e0 69 79 39 f8 7f 00 00
R14=0x0 is null
R15=0x000000cb284dbb70 is pointing into the stack for thread: 0x000002c66fd8a4e0

Top of Stack: (sp=0x000000cb284db3d0)
0x000000cb284db3d0:   000002c66fd8a8a0 000002c6c50a9a18
0x000000cb284db3e0:   000000cb284db5d0 00007ff80a67f536
0x000000cb284db3f0:   0000000000000000 00007ff83978a947
0x000000cb284db400:   000002c673896f70 0000000000000000
0x000000cb284db410:   0000000000000020 000002c6714ef8c0
0x000000cb284db420:   000002c66fd8a4e0 00007ff80a61dc2b
0x000000cb284db430:   000002c637bf0c0b 0000000000000000
0x000000cb284db440:   0000000000000020 0000000000000000
0x000000cb284db450:   000002c66fd8a4e0 00007ff80a67b644
0x000000cb284db460:   0000000000000000 0000000000000000
0x000000cb284db470:   0000000000000000 00007ff83977248f
0x000000cb284db480:   000002c66fd8a4e0 0000000000000000
0x000000cb284db490:   000000cb284dbb70 0000000000000000
0x000000cb284db4a0:   000002c6748c7f52 00007ff8397718a4
0x000000cb284db4b0:   0000000000000002 0000000000000000
0x000000cb284db4c0:   000002c6c5351b60 000002c60000561c
0x000000cb284db4d0:   000002c66fc139b0 00007ff854f7b8c0
0x000000cb284db4e0:   0000000000000100 0000000000000000
0x000000cb284db4f0:   0000000000000001 00007ff8ae26c330
0x000000cb284db500:   000002c66fd8a4e0 000002c67493f460
0x000000cb284db510:   000002c67493f408 00007ff8397628f0
0x000000cb284db520:   000000cb284db630 0000000000000000
0x000000cb284db530:   0000000200000000 000002c600000000
0x000000cb284db540:   00003b6f5a3237d0 00007ff85522612a
0x000000cb284db550:   00007ff85549bc60 00007ff83977dcb8
0x000000cb284db560:   0000000000000002 000002c67493f400
0x000000cb284db570:   0000000000000000 0000000000000000
0x000000cb284db580:   000000cb284db940 0000000000000000
0x000000cb284db590:   00000000000e4930 0000000000000000
0x000000cb284db5a0:   00007ff85549bc60 0000000000000000
0x000000cb284db5b0:   0000000000000000 000002c6714ef8c0
0x000000cb284db5c0:   000002c6714ef8c0 00007ff83974c9bf 

Instructions: (pc=0x00007ff85513648f)
0x00007ff85513638f:   e9 36 fd e5 ff 83 39 00 7c 0b 48 83 29 01 75 05
0x00007ff85513639f:   e8 7c 6c e8 ff 49 8b 47 10 4c 8d 05 45 0f 0f 00
0x00007ff8551363af:   48 85 c0 4c 8d 0d bf 02 0f 00 48 8d 15 98 d4 16
0x00007ff8551363bf:   00 4d 0f 45 c8 4c 8d 05 9d 98 0f 00 4c 0f 45 c0
0x00007ff8551363cf:   41 8d 44 24 01 89 44 24 28 48 89 74 24 20 e9 b9
0x00007ff8551363df:   fa e5 ff 49 8b 14 c1 8b 0a 83 c1 01 74 02 89 0a
0x00007ff8551363ef:   48 ff c0 49 3b c0 72 eb e9 ac cc e6 ff 48 8b 41
0x00007ff8551363ff:   10 48 85 c0 0f 8e ad cc e6 ff 4b 8d 14 c1 4c 8b
0x00007ff85513640f:   1a 45 8b 0b 41 83 c1 01 74 03 45 89 0b 48 83 c2
0x00007ff85513641f:   08 48 83 e8 01 75 e7 e9 8b cc e6 ff cc 49 83 fa
0x00007ff85513642f:   01 49 0f 45 c3 4d 3b d1 4d 8b ca 4c 8d 1d af 9a
0x00007ff85513643f:   0f 00 eb 12 49 83 f9 01 49 0f 45 c3 4c 8d 1d b6
0x00007ff85513644f:   bd 0f 00 4d 3b d1 48 8b 0d 0c c5 37 00 4d 0f 45
0x00007ff85513645f:   c3 48 89 54 24 28 48 8d 15 84 5a 2f 00 48 89 44
0x00007ff85513646f:   24 20 e8 4a 11 e8 ff 90 e9 f4 9e e7 ff e8 d7 ec
0x00007ff85513647f:   ff ff 90 e9 dd a3 e7 ff cc 48 8b 81 70 03 00 00
0x00007ff85513648f:   48 8b 48 18 48 03 48 10 48 8d 41 07 48 83 e0 f8
0x00007ff85513649f:   48 03 c2 48 8d 51 01 48 8d 14 d0 e9 66 b3 e7 ff
0x00007ff8551364af:   4c 39 70 08 0f 85 e0 b3 e7 ff e9 45 b4 e7 ff 48
0x00007ff8551364bf:   8b cd e8 86 2b fa ff 48 8b d8 e9 cb b3 e7 ff 4c
0x00007ff8551364cf:   8b 05 4b 70 43 00 33 d2 48 8b cb ff d0 90 e9 de
0x00007ff8551364df:   b3 e7 ff 48 8b 0d a7 c4 37 00 48 8d 15 50 c8 16
0x00007ff8551364ef:   00 e8 6b 16 f0 ff 33 c0 e9 78 bb e7 ff 4c 8b 05
0x00007ff8551364ff:   1d 70 43 00 33 d2 48 8b cb ff d0 90 e9 50 bb e7
0x00007ff85513650f:   ff 48 8b ce e8 34 2b fa ff 90 e9 0e be e7 ff e8
0x00007ff85513651f:   05 2b fa ff 33 ff e9 48 ca e7 ff 89 05 50 60 35
0x00007ff85513652f:   00 e9 1e ca e7 ff 4c 8b 05 e4 6f 43 00 33 d2 48
0x00007ff85513653f:   8b cf ff d0 90 e9 21 ca e7 ff cc 48 8b 0d 3f c4
0x00007ff85513654f:   37 00 48 8d 15 e8 c7 16 00 e8 03 16 f0 ff 90 e9
0x00007ff85513655f:   96 e3 e7 ff ba 1c 00 00 00 e9 7a e1 e7 ff e8 b6
0x00007ff85513656f:   2a fa ff 90 e9 81 e3 e7 ff 48 8b ca e9 96 e1 e7
0x00007ff85513657f:   ff 89 05 fa 5f 35 00 e9 b3 e1 e7 ff 4c 8b 05 8e 


Stack slot to memory mapping:

stack at sp + 0 slots: 0x000002c66fd8a8a0 points into unknown readable memory: 0x00007ff80ae15e00 | 00 5e e1 0a f8 7f 00 00
stack at sp + 1 slots: 0x000002c6c50a9a18 points into unknown readable memory: 0x000002c6c14060f8 | f8 60 40 c1 c6 02 00 00
stack at sp + 2 slots: 0x000000cb284db5d0 is pointing into the stack for thread: 0x000002c66fd8a4e0
stack at sp + 3 slots: 0x00007ff80a67f536 points into unknown readable memory: 4c 8d
stack at sp + 4 slots: 0x0 is null
stack at sp + 5 slots: 0x00007ff83978a947 points into unknown readable memory: eb
stack at sp + 6 slots: 0x000002c673896f70 points into unknown readable memory: 0x0000000000000004 | 04 00 00 00 00 00 00 00
stack at sp + 7 slots: 0x0 is null

Lock stack of current Java thread (top to bottom):
LockStack[1]: org.jpype.manager.TypeFactoryNative 
{0x000000008b8aebb8} - klass: 'org/jpype/manager/TypeFactoryNative'
 - ---- fields (total size 3 words):
 - public 'context' 'J' @16  0 (0x0000000000000000)
LockStack[0]: org.jpype.manager.TypeFactoryNative 
{0x000000008b8aebb8} - klass: 'org/jpype/manager/TypeFactoryNative'
 - ---- fields (total size 3 words):
 - public 'context' 'J' @16  0 (0x0000000000000000)

native method entry point (kind = native)  [0x000002c60753cde0, 0x000002c60753d938]  2904 bytes
[MachCode]
  0x000002c60753cde0: 488b 4b08 | 0fb7 492e | 584c 8d74 | ccf8 6800 | 0000 0068 | 0000 0000 | 5055 488b | ec41 5568 
  0x000002c60753ce00: 0000 0000 | 4c8b 6b08 | 4d8d 6d38 | 5348 8b53 | 0848 8b52 | 0848 8b52 | 1848 8b52 | 7048 8b12 
  0x000002c60753ce20: 5248 8b53 | 1048 85d2 | 0f84 0700 | 0000 4881 | c210 0100 | 0052 488b | 5308 488b | 5208 488b 
  0x000002c60753ce40: 5210 5249 | 8bc6 482b | c548 c1e8 | 0350 6800 | 0000 0068 | f7ff ffff | 41c6 8771 | 0400 0001 
  0x000002c60753ce60: 488b 4310 | 4885 c074 | 208b 88cc | 0000 0083 | c102 8988 | cc00 0000 | 2388 e000 | 0000 0f84 
  0x000002c60753ce80: 000a 0000 | e9cf 0000 | 0048 8b43 | 1848 85c0 | 0f85 b000 | 0000 e805 | 0000 00e9 | 9900 0000 
  0x000002c60753cea0: 488b d348 | 8d44 2408 | 4c89 6dc0 | 498b cfc5 | f877 4989 | afb0 0300 | 0049 8987 | a003 0000 
  0x000002c60753cec0: 4883 ec20 | 40f6 c40f | 0f84 1900 | 0000 4883 | ec08 48b8 | 9026 600a | f87f 0000 | ffd0 4883 
  0x000002c60753cee0: c408 e90c | 0000 0048 | b890 2660 | 0af8 7f00 | 00ff d048 | 83c4 2049 | c787 a003 | 0000 0000 
  0x000002c60753cf00: 0000 49c7 | 87b0 0300 | 0000 0000 | 0049 c787 | a803 0000 | 0000 0000 | c5f8 7749 | 837f 0800 
  0x000002c60753cf20: 0f84 0500 | 0000 e995 | 3fff ff4c | 8b6d c04c | 8b75 c84e | 8d74 f500 | c348 8b43 | 1848 85c0 
  0x000002c60753cf40: 0f84 1200 | 0000 8b48 | 0883 c102 | 8948 0823 | 481c 0f84 | 2c09 0000 | 493b a7e8 | 0400 000f 
  0x000002c60753cf60: 8748 0000 | 0089 8424 | 00f0 ffff | 8984 2400 | e0ff ff89 | 8424 00d0 | ffff 8984 | 2400 c0ff 
  0x000002c60753cf80: ff89 8424 | 00b0 ffff | 8984 2400 | a0ff ff89 | 8424 0090 | ffff 8984 | 2400 80ff | ff49 3ba7 
  0x000002c60753cfa0: e004 0000 | 7607 4989 | a7e8 0400 | 0041 c687 | 7104 0000 | 0049 ba41 | ade7 0af8 | 7f00 0041 
  0x000002c60753cfc0: 803a 000f | 843e 0000 | 0048 8b55 | e849 8bcf | 4883 ec20 | 40f6 c40f | 0f84 1900 | 0000 4883 
  0x000002c60753cfe0: ec08 48b8 | 10ee 970a | f87f 0000 | ffd0 4883 | c408 e90c | 0000 0048 | b810 ee97 | 0af8 7f00 
  0x000002c60753d000: 00ff d048 | 83c4 2048 | 8b5d e84c | 8b5b 0845 | 0fb7 5b2e | 41c1 e303 | 492b e348 | 83ec 2048 
  0x000002c60753d020: 83e4 f04c | 8b5b 604d | 85db 0f85 | ab00 0000 | e805 0000 | 00e9 9900 | 0000 488b | d348 8d44 
  0x000002c60753d040: 2408 4c89 | 6dc0 498b | cfc5 f877 | 4989 afb0 | 0300 0049 | 8987 a003 | 0000 4883 | ec20 40f6 
  0x000002c60753d060: c40f 0f84 | 1900 0000 | 4883 ec08 | 48b8 f04d | 600a f87f | 0000 ffd0 | 4883 c408 | e90c 0000 
  0x000002c60753d080: 0048 b8f0 | 4d60 0af8 | 7f00 00ff | d048 83c4 | 2049 c787 | a003 0000 | 0000 0000 | 49c7 87b0 
  0x000002c60753d0a0: 0300 0000 | 0000 0049 | c787 a803 | 0000 0000 | 0000 c5f8 | 7749 837f | 0800 0f84 | 0500 0000 
  0x000002c60753d0c0: e9fb 3dff | ff4c 8b6d | c04c 8b75 | c84e 8d74 | f500 c348 | 8b5d e84c | 8b5b 6041 | ffd3 488b 
  0x000002c60753d0e0: 5de8 4889 | 4518 448b | 5b28 41f6 | c308 0f84 | 1b00 0000 | 4c8b 5b08 | 4d8b 5b08 | 4d8b 5b18 
  0x000002c60753d100: 4d8b 5b70 | 4d8b 1b4c | 895d 1048 | 8d55 1048 | 8b43 5849 | ba60 3c98 | 0af8 7f00 | 0049 3bc2 
  0x000002c60753d120: 0f85 ab00 | 0000 e805 | 0000 00e9 | 9900 0000 | 488b d348 | 8d44 2408 | 4c89 6dc0 | 498b cfc5 
  0x000002c60753d140: f877 4989 | afb0 0300 | 0049 8987 | a003 0000 | 4883 ec20 | 40f6 c40f | 0f84 1900 | 0000 4883 
  0x000002c60753d160: ec08 48b8 | f04d 600a | f87f 0000 | ffd0 4883 | c408 e90c | 0000 0048 | b8f0 4d60 | 0af8 7f00 
  0x000002c60753d180: 00ff d048 | 83c4 2049 | c787 a003 | 0000 0000 | 0000 49c7 | 87b0 0300 | 0000 0000 | 0049 c787 
  0x000002c60753d1a0: a803 0000 | 0000 0000 | c5f8 7749 | 837f 0800 | 0f84 0500 | 0000 e905 | 3dff ff4c | 8b6d c04c 
  0x000002c60753d1c0: 8b75 c84e | 8d74 f500 | c348 8b5d | e848 8b43 | 5849 8d8f | c003 0000 | c5f8 7749 | 89af b003 
  0x000002c60753d1e0: 0000 49ba | d8d1 5307 | c602 0000 | 4d89 97a8 | 0300 0049 | 89a7 a003 | 0000 41c7 | 8744 0400 
  0x000002c60753d200: 0004 0000 | 00ff d0c5 | f877 4883 | ec10 c5fb | 1104 2448 | 83ec 1048 | 8904 2448 | c744 2408 
  0x000002c60753d220: 0000 0000 | 41c7 8744 | 0400 0005 | 0000 00f0 | 8344 24c0 | 0049 3baf | 4804 0000 | 0f87 0e00 
  0x000002c60753d240: 0000 4183 | bf40 0400 | 0000 0f84 | 2000 0000 | 498b cf4c | 8be4 4883 | ec20 4883 | e4f0 48b8 
  0x000002c60753d260: 90a9 610a | f87f 0000 | ffd0 498b | e44d 33e4 | 41c7 8744 | 0400 0008 | 0000 0049 | c787 a003 
  0x000002c60753d280: 0000 0000 | 0000 49c7 | 87b0 0300 | 0000 0000 | 0049 c787 | a803 0000 | 0000 0000 | c5f8 774d 
  0x000002c60753d2a0: 8b9f 3004 | 0000 41c7 | 8300 0100 | 0000 0000 | 0049 bbda | a553 07c6 | 0200 004c | 3b5d 180f 
  0x000002c60753d2c0: 8524 0200 | 0048 8b04 | 2448 83c4 | 1048 85c0 | 0f84 fe01 | 0000 a803 | 0f85 0800 | 0000 488b 
  0x000002c60753d2e0: 00e9 ee01 | 0000 a801 | 0f85 0900 | 0000 488b | 40fe e9dd | 0100 0048 | 8b40 ff41 | 807f 3800 
  0x000002c60753d300: 0f84 ce01 | 0000 4883 | f800 0f84 | c401 0000 | 4d8b 5f28 | 4983 fb00 | 0f84 1400 | 0000 4983 
  0x000002c60753d320: eb08 4d89 | 5f28 4d03 | 5f30 4989 | 03e9 a201 | 0000 4881 | ecd0 0000 | 0048 8904 | 2448 894c 
  0x000002c60753d340: 2408 4889 | 5424 1048 | 8974 2418 | 4889 7c24 | 204c 8944 | 2428 4c89 | 4c24 304c | 8954 2438 
  0x000002c60753d360: 4c89 5c24 | 40c5 fb11 | 4424 50c5 | fb11 4c24 | 58c5 fb11 | 5424 60c5 | fb11 5c24 | 68c5 fb11 
  0x000002c60753d380: 6424 70c5 | fb11 6c24 | 78c5 fb11 | b424 8000 | 0000 c5fb | 11bc 2488 | 0000 00c5 | 7b11 8424 
  0x000002c60753d3a0: 9000 0000 | c57b 118c | 2498 0000 | 00c5 7b11 | 9424 a000 | 0000 c57b | 119c 24a8 | 0000 00c5 
  0x000002c60753d3c0: 7b11 a424 | b000 0000 | c57b 11ac | 24b8 0000 | 00c5 7b11 | b424 c000 | 0000 c57b | 11bc 24c8 
  0x000002c60753d3e0: 0000 0049 | 8bd7 488b | c848 83ec | 2040 f6c4 | 0f0f 8419 | 0000 0048 | 83ec 0848 | b8e0 0755 
  0x000002c60753d400: 0af8 7f00 | 00ff d048 | 83c4 08e9 | 0c00 0000 | 48b8 e007 | 550a f87f | 0000 ffd0 | 4883 c420 
  0x000002c60753d420: c57b 10bc | 24c8 0000 | 00c5 7b10 | b424 c000 | 0000 c57b | 10ac 24b8 | 0000 00c5 | 7b10 a424 
  0x000002c60753d440: b000 0000 | c57b 109c | 24a8 0000 | 00c5 7b10 | 9424 a000 | 0000 c57b | 108c 2498 | 0000 00c5 
  0x000002c60753d460: 7b10 8424 | 9000 0000 | c5fb 10bc | 2488 0000 | 00c5 fb10 | b424 8000 | 0000 c5fb | 106c 2478 
  0x000002c60753d480: c5fb 1064 | 2470 c5fb | 105c 2468 | c5fb 1054 | 2460 c5fb | 104c 2458 | c5fb 1044 | 2450 4c8b 
  0x000002c60753d4a0: 5c24 404c | 8b54 2438 | 4c8b 4c24 | 304c 8b44 | 2428 488b | 7c24 2048 | 8b74 2418 | 488b 5424 
  0x000002c60753d4c0: 1048 8b4c | 2408 488b | 0424 4881 | c4d0 0000 | 00c5 f877 | 4889 4510 | 4883 ec10 | 4889 0424 
  0x000002c60753d4e0: 48c7 4424 | 0800 0000 | 0041 83bf | c804 0000 | 020f 85bf | 0000 0048 | 81ec 8000 | 0000 4889 
  0x000002c60753d500: 4424 7848 | 894c 2470 | 4889 5424 | 6848 895c | 2460 4889 | 6c24 5048 | 8974 2448 | 4889 7c24 
  0x000002c60753d520: 404c 8944 | 2438 4c89 | 4c24 304c | 8954 2428 | 4c89 5c24 | 204c 8964 | 2418 4c89 | 6c24 104c 
  0x000002c60753d540: 8974 2408 | 4c89 3c24 | 4c8b e448 | 83ec 2048 | 83e4 f048 | b8c0 2298 | 0af8 7f00 | 00ff d049 
  0x000002c60753d560: 8be4 4c8b | 3c24 4c8b | 7424 084c | 8b6c 2410 | 4c8b 6424 | 184c 8b5c | 2420 4c8b | 5424 284c 
  0x000002c60753d580: 8b4c 2430 | 4c8b 4424 | 3848 8b7c | 2440 488b | 7424 4848 | 8b6c 2450 | 488b 5c24 | 6048 8b54 
  0x000002c60753d5a0: 2468 488b | 4c24 7048 | 8b44 2478 | 4881 c480 | 0000 004d | 33e4 488b | 5de8 4c8b | 6b08 4d8d 
  0x000002c60753d5c0: 6d38 4983 | 7f08 000f | 84bb 0000 | 00e8 0500 | 0000 e996 | 0000 0048 | 8d44 2408 | 4c89 6dc0 
  0x000002c60753d5e0: 498b cfc5 | f877 4989 | afb0 0300 | 0049 8987 | a003 0000 | 4883 ec20 | 40f6 c40f | 0f84 1900 
  0x000002c60753d600: 0000 4883 | ec08 48b8 | 006c 600a | f87f 0000 | ffd0 4883 | c408 e90c | 0000 0048 | b800 6c60 
  0x000002c60753d620: 0af8 7f00 | 00ff d048 | 83c4 2049 | c787 a003 | 0000 0000 | 0000 49c7 | 87b0 0300 | 0000 0000 
  0x000002c60753d640: 0049 c787 | a803 0000 | 0000 0000 | c5f8 7749 | 837f 0800 | 0f84 0500 | 0000 e961 | 38ff ff4c 
  0x000002c60753d660: 8b6d c04c | 8b75 c84e | 8d74 f500 | c348 b940 | d5bf 0af8 | 7f00 0048 | 83e4 f048 | b870 4a86 
  0x000002c60753d680: 0af8 7f00 | 00ff d0f4 | 448b 5b28 | 41f6 c320 | 0f84 7901 | 0000 488d | 55a8 4c8b | 5a08 4d85 
  0x000002c60753d6a0: db0f 85bb | 0000 00e8 | 0500 0000 | e996 0000 | 0048 8d44 | 2408 4c89 | 6dc0 498b | cfc5 f877 
  0x000002c60753d6c0: 4989 afb0 | 0300 0049 | 8987 a003 | 0000 4883 | ec20 40f6 | c40f 0f84 | 1900 0000 | 4883 ec08 
  0x000002c60753d6e0: 48b8 306b | 600a f87f | 0000 ffd0 | 4883 c408 | e90c 0000 | 0048 b830 | 6b60 0af8 | 7f00 00ff 
  0x000002c60753d700: d048 83c4 | 2049 c787 | a003 0000 | 0000 0000 | 49c7 87b0 | 0300 0000 | 0000 0049 | c787 a803 
  0x000002c60753d720: 0000 0000 | 0000 c5f8 | 7749 837f | 0800 0f84 | 0500 0000 | e987 37ff | ff4c 8b6d | c04c 8b75 
  0x000002c60753d740: c84e 8d74 | f500 c348 | b940 d5bf | 0af8 7f00 | 0048 83e4 | f048 b870 | 4a86 0af8 | 7f00 00ff 
  0x000002c60753d760: d0f4 4c89 | 6dc0 4c8b | 4a08 48c7 | 4208 0000 | 0000 458b | 8718 0600 | 004f 3b4c | 07f8 0f85 
  0x000002c60753d780: 4900 0000 | 4183 af18 | 0600 0008 | 4f3b 4c07 | f00f 842a | 0000 0049 | 8b01 a802 | 0f85 1200 
  0x000002c60753d7a0: 0000 4c8b | c049 83c8 | 01f0 4d0f | b101 0f84 | 0d00 0000 | 4183 8718 | 0600 0008 | e90c 0000 
  0x000002c60753d7c0: 0049 ff8f | 5005 0000 | e93e 0000 | 004c 894a | 0848 8bca | 4883 ec20 | 40f6 c40f | 0f84 1900 
  0x000002c60753d7e0: 0000 4883 | ec08 48b8 | f03d 600a | f87f 0000 | ffd0 4883 | c408 e90c | 0000 0048 | b8f0 3d60 
  0x000002c60753d800: 0af8 7f00 | 00ff d048 | 83c4 204c | 8b6d c049 | ba41 ade7 | 0af8 7f00 | 0041 803a | 000f 843e 
  0x000002c60753d820: 0000 0048 | 8b55 e849 | 8bcf 4883 | ec20 40f6 | c40f 0f84 | 1900 0000 | 4883 ec08 | 48b8 10ee 
  0x000002c60753d840: 970a f87f | 0000 ffd0 | 4883 c408 | e90c 0000 | 0048 b810 | ee97 0af8 | 7f00 00ff | d048 83c4 
  0x000002c60753d860: 2048 8b04 | 2448 83c4 | 10c5 fb10 | 0424 4883 | c410 4c8b | 5d18 41ff | d34c 8b5d | f8c9 5f49 
  0x000002c60753d880: 8be3 ffe7 | ba00 0000 | 00e8 0500 | 0000 e996 | 0000 0048 | 8d44 2408 | 4c89 6dc0 | 498b cfc5 
  0x000002c60753d8a0: f877 4989 | afb0 0300 | 0049 8987 | a003 0000 | 4883 ec20 | 40f6 c40f | 0f84 1900 | 0000 4883 
  0x000002c60753d8c0: ec08 48b8 | a031 600a | f87f 0000 | ffd0 4883 | c408 e90c | 0000 0048 | b8a0 3160 | 0af8 7f00 
  0x000002c60753d8e0: 00ff d048 | 83c4 2049 | c787 a003 | 0000 0000 | 0000 49c7 | 87b0 0300 | 0000 0000 | 0049 c787 
  0x000002c60753d900: a803 0000 | 0000 0000 | c5f8 7749 | 837f 0800 | 0f84 0500 | 0000 e9a5 | 35ff ff4c | 8b6d c04c 
  0x000002c60753d920: 8b75 c84e | 8d74 f500 | c348 8b5d | e8e9 26f6 | ffff 660f | 1f44 0000 
[/MachCode]

---------------  P R O C E S S  ---------------

Threads class SMR info:
_java_thread_list=0x000002c6c50d1af0, length=12, elements={
0x000002c66fd8a4e0, 0x000002c66fd8d960, 0x000002c66fd87060, 0x000002c66fd8e680,
0x000002c66fd8ed10, 0x000002c66fd8f3a0, 0x000002c66fd8fa30, 0x000002c6701191a0,
0x000002c6701168c0, 0x000002c66fd900c0, 0x000002c66fd90de0, 0x000002c66fd90750
}

Java Threads: ( => current thread )
=>0x000002c66fd8a4e0 JavaThread "main"                              [_thread_in_native, id=10024, stack(0x000000cb28200000,0x000000cb284e0000) (2944K)]
  0x000002c66fd8d960 JavaThread "Reference Handler"          daemon [_thread_blocked, id=58688, stack(0x000000cb30ac0000,0x000000cb30da0000) (2944K)]
  0x000002c66fd87060 JavaThread "Finalizer"                  daemon [_thread_blocked, id=21996, stack(0x000000cb30da0000,0x000000cb31080000) (2944K)]
  0x000002c66fd8e680 JavaThread "Signal Dispatcher"          daemon [_thread_blocked, id=75888, stack(0x000000cb31080000,0x000000cb31360000) (2944K)]
  0x000002c66fd8ed10 JavaThread "Attach Listener"            daemon [_thread_blocked, id=38076, stack(0x000000cb31360000,0x000000cb31640000) (2944K)]
  0x000002c66fd8f3a0 JavaThread "Service Thread"             daemon [_thread_blocked, id=26996, stack(0x000000cb31640000,0x000000cb31920000) (2944K)]
  0x000002c66fd8fa30 JavaThread "Monitor Deflation Thread"   daemon [_thread_blocked, id=68396, stack(0x000000cb31920000,0x000000cb31c00000) (2944K)]
  0x000002c6701191a0 JavaThread "C2 CompilerThread0"         daemon [_thread_blocked, id=40560, stack(0x000000cb31c00000,0x000000cb31ee0000) (2944K)]
  0x000002c6701168c0 JavaThread "C1 CompilerThread0"         daemon [_thread_blocked, id=16312, stack(0x000000cb31ee0000,0x000000cb321c0000) (2944K)]
  0x000002c66fd900c0 JavaThread "Notification Thread"        daemon [_thread_blocked, id=3264, stack(0x000000cb321c0000,0x000000cb324a0000) (2944K)]
  0x000002c66fd90de0 JavaThread "Common-Cleaner"             daemon [_thread_blocked, id=16760, stack(0x000000cb324a0000,0x000000cb32780000) (2944K)]
  0x000002c66fd90750 JavaThread "Python Reference Queue"     daemon [_thread_blocked, id=52172, stack(0x000000cb32780000,0x000000cb32a60000) (2944K)]
Total: 12

Other Threads:
  0x000002c66fd977d0 VMThread "VM Thread"                           [id=3364, stack(0x000000cb307e0000,0x000000cb30ac0000) (2944K)]
  0x000002c66fb82500 WatcherThread "VM Periodic Task Thread"        [id=65864, stack(0x000000cb30500000,0x000000cb307e0000) (2944K)]
  0x000002c66fd9a7c0 WorkerThread "GC Thread#0"                     [id=47704, stack(0x000000cb2f6a0000,0x000000cb2f980000) (2944K)]
  0x000002c675da82b0 ConcurrentGCThread "G1 Main Marker"            [id=1680, stack(0x000000cb2f980000,0x000000cb2fc60000) (2944K)]
  0x000002c66fd97070 WorkerThread "G1 Conc#0"                       [id=728, stack(0x000000cb2fc60000,0x000000cb2ff40000) (2944K)]
  0x000002c66f80d7a0 ConcurrentGCThread "G1 Refine#0"               [id=71328, stack(0x000000cb2ff40000,0x000000cb30220000) (2944K)]
  0x000002c66f9659d0 ConcurrentGCThread "G1 Service"                [id=54072, stack(0x000000cb30220000,0x000000cb30500000) (2944K)]
Total: 7

Threads with active compile tasks:
Total: 0

VM state: not at safepoint (normal execution)

VM Mutex/Monitor currently owned by a thread: None

Heap address: 0x0000000084000000, size: 1984 MB, Compressed Oops mode: 32-bit

CDS archive(s) mapped at: [0x000002c680000000-0x000002c680d70000-0x000002c680d70000), size 14090240, SharedBaseAddress: 0x000002c680000000, ArchiveRelocationMode: 1.
Compressed class space mapped at: 0x000002c681000000-0x000002c6c1000000, reserved size: 1073741824
Narrow klass base: 0x000002c680000000, Narrow klass shift: 0, Narrow klass range: 0x41000000

GC Precious Log:
 CardTable entry size: 512
 Card Set container configuration: InlinePtr #cards 5 size 8 Array Of Cards #cards 10 size 36 Howl #buckets 4 coarsen threshold 1843 Howl Bitmap #cards 512 size 80 coarsen threshold 460 Card regions per heap region 1 cards per card region 2048
 CPUs: 12 total, 12 available
 Memory: 7933M
 Large Page Support: Disabled
 NUMA Support: Disabled
 Compressed Oops: Enabled (32-bit)
 Heap Region Size: 1M
 Heap Min Capacity: 8M
 Heap Initial Capacity: 124M
 Heap Max Capacity: 1984M
 Pre-touch: Disabled
 Parallel Workers: 10
 Concurrent Workers: 3
 Concurrent Refinement Workers: 10
 Periodic GC: Disabled

Heap:
 garbage-first heap   total reserved 2031616K, committed 126976K, used 6144K [0x0000000084000000, 0x0000000100000000)
  region size 1024K, 7 young (7168K), 0 survivors (0K)
 Metaspace       used 1738K, committed 1920K, reserved 1114112K
  class space    used 193K, committed 256K, reserved 1048576K

Heap Regions: E=young(eden), S=young(survivor), O=old, HS=humongous(starts), HC=humongous(continues), CS=collection set, F=free, TAMS=top-at-mark-start, PB=parsable bottom
|   0|0x0000000084000000, 0x0000000084000000, 0x0000000084100000|  0%| F|  |TAMS 0x0000000084000000| PB 0x0000000084000000| Untracked |  0
|   1|0x0000000084100000, 0x0000000084100000, 0x0000000084200000|  0%| F|  |TAMS 0x0000000084100000| PB 0x0000000084100000| Untracked |  0
|   2|0x0000000084200000, 0x0000000084200000, 0x0000000084300000|  0%| F|  |TAMS 0x0000000084200000| PB 0x0000000084200000| Untracked |  0
|   3|0x0000000084300000, 0x0000000084300000, 0x0000000084400000|  0%| F|  |TAMS 0x0000000084300000| PB 0x0000000084300000| Untracked |  0
|   4|0x0000000084400000, 0x0000000084400000, 0x0000000084500000|  0%| F|  |TAMS 0x0000000084400000| PB 0x0000000084400000| Untracked |  0
|   5|0x0000000084500000, 0x0000000084500000, 0x0000000084600000|  0%| F|  |TAMS 0x0000000084500000| PB 0x0000000084500000| Untracked |  0
|   6|0x0000000084600000, 0x0000000084600000, 0x0000000084700000|  0%| F|  |TAMS 0x0000000084600000| PB 0x0000000084600000| Untracked |  0
|   7|0x0000000084700000, 0x0000000084700000, 0x0000000084800000|  0%| F|  |TAMS 0x0000000084700000| PB 0x0000000084700000| Untracked |  0
|   8|0x0000000084800000, 0x0000000084800000, 0x0000000084900000|  0%| F|  |TAMS 0x0000000084800000| PB 0x0000000084800000| Untracked |  0
|   9|0x0000000084900000, 0x0000000084900000, 0x0000000084a00000|  0%| F|  |TAMS 0x0000000084900000| PB 0x0000000084900000| Untracked |  0
|  10|0x0000000084a00000, 0x0000000084a00000, 0x0000000084b00000|  0%| F|  |TAMS 0x0000000084a00000| PB 0x0000000084a00000| Untracked |  0
|  11|0x0000000084b00000, 0x0000000084b00000, 0x0000000084c00000|  0%| F|  |TAMS 0x0000000084b00000| PB 0x0000000084b00000| Untracked |  0
|  12|0x0000000084c00000, 0x0000000084c00000, 0x0000000084d00000|  0%| F|  |TAMS 0x0000000084c00000| PB 0x0000000084c00000| Untracked |  0
|  13|0x0000000084d00000, 0x0000000084d00000, 0x0000000084e00000|  0%| F|  |TAMS 0x0000000084d00000| PB 0x0000000084d00000| Untracked |  0
|  14|0x0000000084e00000, 0x0000000084e00000, 0x0000000084f00000|  0%| F|  |TAMS 0x0000000084e00000| PB 0x0000000084e00000| Untracked |  0
|  15|0x0000000084f00000, 0x0000000084f00000, 0x0000000085000000|  0%| F|  |TAMS 0x0000000084f00000| PB 0x0000000084f00000| Untracked |  0
|  16|0x0000000085000000, 0x0000000085000000, 0x0000000085100000|  0%| F|  |TAMS 0x0000000085000000| PB 0x0000000085000000| Untracked |  0
|  17|0x0000000085100000, 0x0000000085100000, 0x0000000085200000|  0%| F|  |TAMS 0x0000000085100000| PB 0x0000000085100000| Untracked |  0
|  18|0x0000000085200000, 0x0000000085200000, 0x0000000085300000|  0%| F|  |TAMS 0x0000000085200000| PB 0x0000000085200000| Untracked |  0
|  19|0x0000000085300000, 0x0000000085300000, 0x0000000085400000|  0%| F|  |TAMS 0x0000000085300000| PB 0x0000000085300000| Untracked |  0
|  20|0x0000000085400000, 0x0000000085400000, 0x0000000085500000|  0%| F|  |TAMS 0x0000000085400000| PB 0x0000000085400000| Untracked |  0
|  21|0x0000000085500000, 0x0000000085500000, 0x0000000085600000|  0%| F|  |TAMS 0x0000000085500000| PB 0x0000000085500000| Untracked |  0
|  22|0x0000000085600000, 0x0000000085600000, 0x0000000085700000|  0%| F|  |TAMS 0x0000000085600000| PB 0x0000000085600000| Untracked |  0
|  23|0x0000000085700000, 0x0000000085700000, 0x0000000085800000|  0%| F|  |TAMS 0x0000000085700000| PB 0x0000000085700000| Untracked |  0
|  24|0x0000000085800000, 0x0000000085800000, 0x0000000085900000|  0%| F|  |TAMS 0x0000000085800000| PB 0x0000000085800000| Untracked |  0
|  25|0x0000000085900000, 0x0000000085900000, 0x0000000085a00000|  0%| F|  |TAMS 0x0000000085900000| PB 0x0000000085900000| Untracked |  0
|  26|0x0000000085a00000, 0x0000000085a00000, 0x0000000085b00000|  0%| F|  |TAMS 0x0000000085a00000| PB 0x0000000085a00000| Untracked |  0
|  27|0x0000000085b00000, 0x0000000085b00000, 0x0000000085c00000|  0%| F|  |TAMS 0x0000000085b00000| PB 0x0000000085b00000| Untracked |  0
|  28|0x0000000085c00000, 0x0000000085c00000, 0x0000000085d00000|  0%| F|  |TAMS 0x0000000085c00000| PB 0x0000000085c00000| Untracked |  0
|  29|0x0000000085d00000, 0x0000000085d00000, 0x0000000085e00000|  0%| F|  |TAMS 0x0000000085d00000| PB 0x0000000085d00000| Untracked |  0
|  30|0x0000000085e00000, 0x0000000085e00000, 0x0000000085f00000|  0%| F|  |TAMS 0x0000000085e00000| PB 0x0000000085e00000| Untracked |  0
|  31|0x0000000085f00000, 0x0000000085f00000, 0x0000000086000000|  0%| F|  |TAMS 0x0000000085f00000| PB 0x0000000085f00000| Untracked |  0
|  32|0x0000000086000000, 0x0000000086000000, 0x0000000086100000|  0%| F|  |TAMS 0x0000000086000000| PB 0x0000000086000000| Untracked |  0
|  33|0x0000000086100000, 0x0000000086100000, 0x0000000086200000|  0%| F|  |TAMS 0x0000000086100000| PB 0x0000000086100000| Untracked |  0
|  34|0x0000000086200000, 0x0000000086200000, 0x0000000086300000|  0%| F|  |TAMS 0x0000000086200000| PB 0x0000000086200000| Untracked |  0
|  35|0x0000000086300000, 0x0000000086300000, 0x0000000086400000|  0%| F|  |TAMS 0x0000000086300000| PB 0x0000000086300000| Untracked |  0
|  36|0x0000000086400000, 0x0000000086400000, 0x0000000086500000|  0%| F|  |TAMS 0x0000000086400000| PB 0x0000000086400000| Untracked |  0
|  37|0x0000000086500000, 0x0000000086500000, 0x0000000086600000|  0%| F|  |TAMS 0x0000000086500000| PB 0x0000000086500000| Untracked |  0
|  38|0x0000000086600000, 0x0000000086600000, 0x0000000086700000|  0%| F|  |TAMS 0x0000000086600000| PB 0x0000000086600000| Untracked |  0
|  39|0x0000000086700000, 0x0000000086700000, 0x0000000086800000|  0%| F|  |TAMS 0x0000000086700000| PB 0x0000000086700000| Untracked |  0
|  40|0x0000000086800000, 0x0000000086800000, 0x0000000086900000|  0%| F|  |TAMS 0x0000000086800000| PB 0x0000000086800000| Untracked |  0
|  41|0x0000000086900000, 0x0000000086900000, 0x0000000086a00000|  0%| F|  |TAMS 0x0000000086900000| PB 0x0000000086900000| Untracked |  0
|  42|0x0000000086a00000, 0x0000000086a00000, 0x0000000086b00000|  0%| F|  |TAMS 0x0000000086a00000| PB 0x0000000086a00000| Untracked |  0
|  43|0x0000000086b00000, 0x0000000086b00000, 0x0000000086c00000|  0%| F|  |TAMS 0x0000000086b00000| PB 0x0000000086b00000| Untracked |  0
|  44|0x0000000086c00000, 0x0000000086c00000, 0x0000000086d00000|  0%| F|  |TAMS 0x0000000086c00000| PB 0x0000000086c00000| Untracked |  0
|  45|0x0000000086d00000, 0x0000000086d00000, 0x0000000086e00000|  0%| F|  |TAMS 0x0000000086d00000| PB 0x0000000086d00000| Untracked |  0
|  46|0x0000000086e00000, 0x0000000086e00000, 0x0000000086f00000|  0%| F|  |TAMS 0x0000000086e00000| PB 0x0000000086e00000| Untracked |  0
|  47|0x0000000086f00000, 0x0000000086f00000, 0x0000000087000000|  0%| F|  |TAMS 0x0000000086f00000| PB 0x0000000086f00000| Untracked |  0
|  48|0x0000000087000000, 0x0000000087000000, 0x0000000087100000|  0%| F|  |TAMS 0x0000000087000000| PB 0x0000000087000000| Untracked |  0
|  49|0x0000000087100000, 0x0000000087100000, 0x0000000087200000|  0%| F|  |TAMS 0x0000000087100000| PB 0x0000000087100000| Untracked |  0
|  50|0x0000000087200000, 0x0000000087200000, 0x0000000087300000|  0%| F|  |TAMS 0x0000000087200000| PB 0x0000000087200000| Untracked |  0
|  51|0x0000000087300000, 0x0000000087300000, 0x0000000087400000|  0%| F|  |TAMS 0x0000000087300000| PB 0x0000000087300000| Untracked |  0
|  52|0x0000000087400000, 0x0000000087400000, 0x0000000087500000|  0%| F|  |TAMS 0x0000000087400000| PB 0x0000000087400000| Untracked |  0
|  53|0x0000000087500000, 0x0000000087500000, 0x0000000087600000|  0%| F|  |TAMS 0x0000000087500000| PB 0x0000000087500000| Untracked |  0
|  54|0x0000000087600000, 0x0000000087600000, 0x0000000087700000|  0%| F|  |TAMS 0x0000000087600000| PB 0x0000000087600000| Untracked |  0
|  55|0x0000000087700000, 0x0000000087700000, 0x0000000087800000|  0%| F|  |TAMS 0x0000000087700000| PB 0x0000000087700000| Untracked |  0
|  56|0x0000000087800000, 0x0000000087800000, 0x0000000087900000|  0%| F|  |TAMS 0x0000000087800000| PB 0x0000000087800000| Untracked |  0
|  57|0x0000000087900000, 0x0000000087900000, 0x0000000087a00000|  0%| F|  |TAMS 0x0000000087900000| PB 0x0000000087900000| Untracked |  0
|  58|0x0000000087a00000, 0x0000000087a00000, 0x0000000087b00000|  0%| F|  |TAMS 0x0000000087a00000| PB 0x0000000087a00000| Untracked |  0
|  59|0x0000000087b00000, 0x0000000087b00000, 0x0000000087c00000|  0%| F|  |TAMS 0x0000000087b00000| PB 0x0000000087b00000| Untracked |  0
|  60|0x0000000087c00000, 0x0000000087c00000, 0x0000000087d00000|  0%| F|  |TAMS 0x0000000087c00000| PB 0x0000000087c00000| Untracked |  0
|  61|0x0000000087d00000, 0x0000000087d00000, 0x0000000087e00000|  0%| F|  |TAMS 0x0000000087d00000| PB 0x0000000087d00000| Untracked |  0
|  62|0x0000000087e00000, 0x0000000087e00000, 0x0000000087f00000|  0%| F|  |TAMS 0x0000000087e00000| PB 0x0000000087e00000| Untracked |  0
|  63|0x0000000087f00000, 0x0000000087f00000, 0x0000000088000000|  0%| F|  |TAMS 0x0000000087f00000| PB 0x0000000087f00000| Untracked |  0
|  64|0x0000000088000000, 0x0000000088000000, 0x0000000088100000|  0%| F|  |TAMS 0x0000000088000000| PB 0x0000000088000000| Untracked |  0
|  65|0x0000000088100000, 0x0000000088100000, 0x0000000088200000|  0%| F|  |TAMS 0x0000000088100000| PB 0x0000000088100000| Untracked |  0
|  66|0x0000000088200000, 0x0000000088200000, 0x0000000088300000|  0%| F|  |TAMS 0x0000000088200000| PB 0x0000000088200000| Untracked |  0
|  67|0x0000000088300000, 0x0000000088300000, 0x0000000088400000|  0%| F|  |TAMS 0x0000000088300000| PB 0x0000000088300000| Untracked |  0
|  68|0x0000000088400000, 0x0000000088400000, 0x0000000088500000|  0%| F|  |TAMS 0x0000000088400000| PB 0x0000000088400000| Untracked |  0
|  69|0x0000000088500000, 0x0000000088500000, 0x0000000088600000|  0%| F|  |TAMS 0x0000000088500000| PB 0x0000000088500000| Untracked |  0
|  70|0x0000000088600000, 0x0000000088600000, 0x0000000088700000|  0%| F|  |TAMS 0x0000000088600000| PB 0x0000000088600000| Untracked |  0
|  71|0x0000000088700000, 0x0000000088700000, 0x0000000088800000|  0%| F|  |TAMS 0x0000000088700000| PB 0x0000000088700000| Untracked |  0
|  72|0x0000000088800000, 0x0000000088800000, 0x0000000088900000|  0%| F|  |TAMS 0x0000000088800000| PB 0x0000000088800000| Untracked |  0
|  73|0x0000000088900000, 0x0000000088900000, 0x0000000088a00000|  0%| F|  |TAMS 0x0000000088900000| PB 0x0000000088900000| Untracked |  0
|  74|0x0000000088a00000, 0x0000000088a00000, 0x0000000088b00000|  0%| F|  |TAMS 0x0000000088a00000| PB 0x0000000088a00000| Untracked |  0
|  75|0x0000000088b00000, 0x0000000088b00000, 0x0000000088c00000|  0%| F|  |TAMS 0x0000000088b00000| PB 0x0000000088b00000| Untracked |  0
|  76|0x0000000088c00000, 0x0000000088c00000, 0x0000000088d00000|  0%| F|  |TAMS 0x0000000088c00000| PB 0x0000000088c00000| Untracked |  0
|  77|0x0000000088d00000, 0x0000000088d00000, 0x0000000088e00000|  0%| F|  |TAMS 0x0000000088d00000| PB 0x0000000088d00000| Untracked |  0
|  78|0x0000000088e00000, 0x0000000088e00000, 0x0000000088f00000|  0%| F|  |TAMS 0x0000000088e00000| PB 0x0000000088e00000| Untracked |  0
|  79|0x0000000088f00000, 0x0000000088f00000, 0x0000000089000000|  0%| F|  |TAMS 0x0000000088f00000| PB 0x0000000088f00000| Untracked |  0
|  80|0x0000000089000000, 0x0000000089000000, 0x0000000089100000|  0%| F|  |TAMS 0x0000000089000000| PB 0x0000000089000000| Untracked |  0
|  81|0x0000000089100000, 0x0000000089100000, 0x0000000089200000|  0%| F|  |TAMS 0x0000000089100000| PB 0x0000000089100000| Untracked |  0
|  82|0x0000000089200000, 0x0000000089200000, 0x0000000089300000|  0%| F|  |TAMS 0x0000000089200000| PB 0x0000000089200000| Untracked |  0
|  83|0x0000000089300000, 0x0000000089300000, 0x0000000089400000|  0%| F|  |TAMS 0x0000000089300000| PB 0x0000000089300000| Untracked |  0
|  84|0x0000000089400000, 0x0000000089400000, 0x0000000089500000|  0%| F|  |TAMS 0x0000000089400000| PB 0x0000000089400000| Untracked |  0
|  85|0x0000000089500000, 0x0000000089500000, 0x0000000089600000|  0%| F|  |TAMS 0x0000000089500000| PB 0x0000000089500000| Untracked |  0
|  86|0x0000000089600000, 0x0000000089600000, 0x0000000089700000|  0%| F|  |TAMS 0x0000000089600000| PB 0x0000000089600000| Untracked |  0
|  87|0x0000000089700000, 0x0000000089700000, 0x0000000089800000|  0%| F|  |TAMS 0x0000000089700000| PB 0x0000000089700000| Untracked |  0
|  88|0x0000000089800000, 0x0000000089800000, 0x0000000089900000|  0%| F|  |TAMS 0x0000000089800000| PB 0x0000000089800000| Untracked |  0
|  89|0x0000000089900000, 0x0000000089900000, 0x0000000089a00000|  0%| F|  |TAMS 0x0000000089900000| PB 0x0000000089900000| Untracked |  0
|  90|0x0000000089a00000, 0x0000000089a00000, 0x0000000089b00000|  0%| F|  |TAMS 0x0000000089a00000| PB 0x0000000089a00000| Untracked |  0
|  91|0x0000000089b00000, 0x0000000089b00000, 0x0000000089c00000|  0%| F|  |TAMS 0x0000000089b00000| PB 0x0000000089b00000| Untracked |  0
|  92|0x0000000089c00000, 0x0000000089c00000, 0x0000000089d00000|  0%| F|  |TAMS 0x0000000089c00000| PB 0x0000000089c00000| Untracked |  0
|  93|0x0000000089d00000, 0x0000000089d00000, 0x0000000089e00000|  0%| F|  |TAMS 0x0000000089d00000| PB 0x0000000089d00000| Untracked |  0
|  94|0x0000000089e00000, 0x0000000089e00000, 0x0000000089f00000|  0%| F|  |TAMS 0x0000000089e00000| PB 0x0000000089e00000| Untracked |  0
|  95|0x0000000089f00000, 0x0000000089f00000, 0x000000008a000000|  0%| F|  |TAMS 0x0000000089f00000| PB 0x0000000089f00000| Untracked |  0
|  96|0x000000008a000000, 0x000000008a000000, 0x000000008a100000|  0%| F|  |TAMS 0x000000008a000000| PB 0x000000008a000000| Untracked |  0
|  97|0x000000008a100000, 0x000000008a100000, 0x000000008a200000|  0%| F|  |TAMS 0x000000008a100000| PB 0x000000008a100000| Untracked |  0
|  98|0x000000008a200000, 0x000000008a200000, 0x000000008a300000|  0%| F|  |TAMS 0x000000008a200000| PB 0x000000008a200000| Untracked |  0
|  99|0x000000008a300000, 0x000000008a300000, 0x000000008a400000|  0%| F|  |TAMS 0x000000008a300000| PB 0x000000008a300000| Untracked |  0
| 100|0x000000008a400000, 0x000000008a400000, 0x000000008a500000|  0%| F|  |TAMS 0x000000008a400000| PB 0x000000008a400000| Untracked |  0
| 101|0x000000008a500000, 0x000000008a500000, 0x000000008a600000|  0%| F|  |TAMS 0x000000008a500000| PB 0x000000008a500000| Untracked |  0
| 102|0x000000008a600000, 0x000000008a600000, 0x000000008a700000|  0%| F|  |TAMS 0x000000008a600000| PB 0x000000008a600000| Untracked |  0
| 103|0x000000008a700000, 0x000000008a700000, 0x000000008a800000|  0%| F|  |TAMS 0x000000008a700000| PB 0x000000008a700000| Untracked |  0
| 104|0x000000008a800000, 0x000000008a800000, 0x000000008a900000|  0%| F|  |TAMS 0x000000008a800000| PB 0x000000008a800000| Untracked |  0
| 105|0x000000008a900000, 0x000000008a900000, 0x000000008aa00000|  0%| F|  |TAMS 0x000000008a900000| PB 0x000000008a900000| Untracked |  0
| 106|0x000000008aa00000, 0x000000008aa00000, 0x000000008ab00000|  0%| F|  |TAMS 0x000000008aa00000| PB 0x000000008aa00000| Untracked |  0
| 107|0x000000008ab00000, 0x000000008ab00000, 0x000000008ac00000|  0%| F|  |TAMS 0x000000008ab00000| PB 0x000000008ab00000| Untracked |  0
| 108|0x000000008ac00000, 0x000000008ac00000, 0x000000008ad00000|  0%| F|  |TAMS 0x000000008ac00000| PB 0x000000008ac00000| Untracked |  0
| 109|0x000000008ad00000, 0x000000008ad00000, 0x000000008ae00000|  0%| F|  |TAMS 0x000000008ad00000| PB 0x000000008ad00000| Untracked |  0
| 110|0x000000008ae00000, 0x000000008ae00000, 0x000000008af00000|  0%| F|  |TAMS 0x000000008ae00000| PB 0x000000008ae00000| Untracked |  0
| 111|0x000000008af00000, 0x000000008af00000, 0x000000008b000000|  0%| F|  |TAMS 0x000000008af00000| PB 0x000000008af00000| Untracked |  0
| 112|0x000000008b000000, 0x000000008b000000, 0x000000008b100000|  0%| F|  |TAMS 0x000000008b000000| PB 0x000000008b000000| Untracked |  0
| 113|0x000000008b100000, 0x000000008b100000, 0x000000008b200000|  0%| F|  |TAMS 0x000000008b100000| PB 0x000000008b100000| Untracked |  0
| 114|0x000000008b200000, 0x000000008b200000, 0x000000008b300000|  0%| F|  |TAMS 0x000000008b200000| PB 0x000000008b200000| Untracked |  0
| 115|0x000000008b300000, 0x000000008b300000, 0x000000008b400000|  0%| F|  |TAMS 0x000000008b300000| PB 0x000000008b300000| Untracked |  0
| 116|0x000000008b400000, 0x000000008b400000, 0x000000008b500000|  0%| F|  |TAMS 0x000000008b400000| PB 0x000000008b400000| Untracked |  0
| 117|0x000000008b500000, 0x000000008b57ae30, 0x000000008b600000| 48%| E|  |TAMS 0x000000008b500000| PB 0x000000008b500000| Complete |  0
| 118|0x000000008b600000, 0x000000008b700000, 0x000000008b700000|100%| E|CS|TAMS 0x000000008b600000| PB 0x000000008b600000| Complete |  0
| 119|0x000000008b700000, 0x000000008b800000, 0x000000008b800000|100%| E|CS|TAMS 0x000000008b700000| PB 0x000000008b700000| Complete |  0
| 120|0x000000008b800000, 0x000000008b900000, 0x000000008b900000|100%| E|CS|TAMS 0x000000008b800000| PB 0x000000008b800000| Complete |  0
| 121|0x000000008b900000, 0x000000008ba00000, 0x000000008ba00000|100%| E|CS|TAMS 0x000000008b900000| PB 0x000000008b900000| Complete |  0
| 122|0x000000008ba00000, 0x000000008bb00000, 0x000000008bb00000|100%| E|CS|TAMS 0x000000008ba00000| PB 0x000000008ba00000| Complete |  0
| 123|0x000000008bb00000, 0x000000008bc00000, 0x000000008bc00000|100%| E|CS|TAMS 0x000000008bb00000| PB 0x000000008bb00000| Complete |  0

Card table byte_map: [0x000002c60f000000,0x000002c60f3e0000] _byte_map_base: 0x000002c60ebe0000

Marking Bits: (CMBitMap*) 0x000002c67011c830
 Bits: [0x000002c60f3e0000, 0x000002c6112e0000)

Polling page: 0x000002c63c2e0000

Metaspace:

Usage:
  Non-class:      1.51 MB used.
      Class:    193.91 KB used.
       Both:      1.70 MB used.

Virtual space:
  Non-class space:       64.00 MB reserved,       1.62 MB (  3%) committed,  1 nodes.
      Class space:        1.00 GB reserved,     256.00 KB ( <1%) committed,  1 nodes.
             Both:        1.06 GB reserved,       1.88 MB ( <1%) committed. 

Chunk freelists:
   Non-Class:  11.85 MB
       Class:  15.71 MB
        Both:  27.56 MB

MaxMetaspaceSize: unlimited
CompressedClassSpaceSize: 1.00 GB
Initial GC threshold: 21.00 MB
Current GC threshold: 21.00 MB
CDS: on
 - commit_granule_bytes: 65536.
 - commit_granule_words: 8192.
 - virtual_space_node_default_size: 8388608.
 - enlarge_chunks_in_place: 1.
 - use_allocation_guard: 0.


Internal statistics:

num_allocs_failed_limit: 0.
num_arena_births: 48.
num_arena_deaths: 0.
num_vsnodes_births: 2.
num_vsnodes_deaths: 0.
num_space_committed: 30.
num_space_uncommitted: 0.
num_chunks_returned_to_freelist: 0.
num_chunks_taken_from_freelist: 70.
num_chunk_merges: 0.
num_chunk_splits: 40.
num_chunks_enlarged: 18.
num_inconsistent_stats: 0.

CodeHeap 'non-profiled nmethods': size=120064Kb used=199Kb max_used=199Kb free=119864Kb
 bounds [0x000002c607ac0000, 0x000002c607d30000, 0x000002c60f000000]
CodeHeap 'profiled nmethods': size=120000Kb used=658Kb max_used=658Kb free=119341Kb
 bounds [0x000002c600000000, 0x000002c600270000, 0x000002c607530000]
CodeHeap 'non-nmethods': size=5696Kb used=1304Kb max_used=1319Kb free=4391Kb
 bounds [0x000002c607530000, 0x000002c6077a0000, 0x000002c607ac0000]
CodeCache: size=245760Kb, used=2161Kb, max_used=2176Kb, free=243596Kb
 total_blobs=1079, nmethods=657, adapters=328, full_count=0
Compilation: enabled, stopped_count=0, restarted_count=0

Compilation events (20 events):
Event: 0.220 Thread 0x000002c6701168c0  638       3       java.lang.reflect.Method::equals (65 bytes)
Event: 0.221 Thread 0x000002c6701168c0 nmethod 638 0x000002c60009f588 code [0x000002c60009f6e0, 0x000002c60009fd28]
Event: 0.221 Thread 0x000002c6701168c0  648       3       java.util.StringJoiner::toString (53 bytes)
Event: 0.221 Thread 0x000002c6701168c0 nmethod 648 0x000002c60009fd88 code [0x000002c60009fec0, 0x000002c6000a00c8]
Event: 0.221 Thread 0x000002c6701168c0  650       3       org.jpype.manager.TypeManager::createMethodDispatch (178 bytes)
Event: 0.222 Thread 0x000002c6701191a0 nmethod 644 0x000002c607af0f88 code [0x000002c607af10a0, 0x000002c607af1390]
Event: 0.222 Thread 0x000002c6701191a0  649       4       org.jpype.manager.MethodResolution::of (2 bytes)
Event: 0.222 Thread 0x000002c6701191a0 nmethod 649 0x000002c607af1408 code [0x000002c607af1500, 0x000002c607af1568]
Event: 0.222 Thread 0x000002c6701168c0 nmethod 650 0x000002c6000a0108 code [0x000002c6000a03a0, 0x000002c6000a1438]
Event: 0.222 Thread 0x000002c6701168c0  645       1       java.lang.reflect.Method::getAnnotationBytes (5 bytes)
Event: 0.222 Thread 0x000002c6701168c0 nmethod 645 0x000002c607af1708 code [0x000002c607af1820, 0x000002c607af18e8]
Event: 0.222 Thread 0x000002c6701168c0  646       1       java.lang.reflect.Modifier::methodModifiers (4 bytes)
Event: 0.222 Thread 0x000002c6701168c0 nmethod 646 0x000002c607af1a08 code [0x000002c607af1b20, 0x000002c607af1bc8]
Event: 0.222 Thread 0x000002c6701168c0  652       3       java.lang.reflect.Method::getRoot (5 bytes)
Event: 0.222 Thread 0x000002c6701168c0 nmethod 652 0x000002c6000a1508 code [0x000002c6000a1620, 0x000002c6000a1740]
Event: 0.222 Thread 0x000002c6701168c0  651       3       java.util.AbstractCollection::isEmpty (13 bytes)
Event: 0.222 Thread 0x000002c6701168c0 nmethod 651 0x000002c6000a1808 code [0x000002c6000a1940, 0x000002c6000a1b58]
Event: 0.222 Thread 0x000002c6701168c0  653   !   3       java.lang.reflect.Executable::declaredAnnotations (85 bytes)
Event: 0.222 Thread 0x000002c6701168c0 nmethod 653 0x000002c6000a1b88 code [0x000002c6000a1d40, 0x000002c6000a26b8]
Event: 0.222 Thread 0x000002c6701168c0  656       3       java.lang.String::join (281 bytes)

GC Heap History (0 events):
No events

Dll operation events (6 events):
Event: 0.010 Loaded shared library C:\Program Files\Java\jdk-23\bin\java.dll
Event: 0.048 Loaded shared library C:\Program Files\Java\jdk-23\bin\jsvml.dll
Event: 0.069 Loaded shared library C:\Program Files\Java\jdk-23\bin\net.dll
Event: 0.070 Loaded shared library C:\Program Files\Java\jdk-23\bin\nio.dll
Event: 0.074 Loaded shared library C:\Program Files\Java\jdk-23\bin\zip.dll
Event: 0.145 Loaded shared library C:\Users\jjacq\AppData\Local\Programs\Python\Python313\Lib\site-packages\_jpype.cp313-win_amd64.pyd

Deoptimization events (10 events):
Event: 0.083 Thread 0x000002c66fd8a4e0 DEOPT PACKING pc=0x000002c6000123c1 sp=0x000000cb284dba50
Event: 0.083 Thread 0x000002c66fd8a4e0 DEOPT UNPACKING pc=0x000002c607584b22 sp=0x000000cb284daec0 mode 0
Event: 0.084 Thread 0x000002c66fd8a4e0 DEOPT PACKING pc=0x000002c6000123c1 sp=0x000000cb284dc0c0
Event: 0.084 Thread 0x000002c66fd8a4e0 DEOPT UNPACKING pc=0x000002c607584b22 sp=0x000000cb284db548 mode 0
Event: 0.084 Thread 0x000002c66fd8a4e0 DEOPT PACKING pc=0x000002c6000123c1 sp=0x000000cb284dba50
Event: 0.084 Thread 0x000002c66fd8a4e0 DEOPT UNPACKING pc=0x000002c607584b22 sp=0x000000cb284daec0 mode 0
Event: 0.101 Thread 0x000002c66fd8a4e0 Uncommon trap: trap_request=0xffffff45 fr.pc=0x000002c607ac81f4 relative=0x0000000000000234
Event: 0.101 Thread 0x000002c66fd8a4e0 Uncommon trap: reason=unstable_if action=reinterpret pc=0x000002c607ac81f4 method=jdk.internal.util.ArraysSupport.hashCodeOfUnsigned([BIII)I @ 1 c2
Event: 0.101 Thread 0x000002c66fd8a4e0 DEOPT PACKING pc=0x000002c607ac81f4 sp=0x000000cb284d7c50
Event: 0.101 Thread 0x000002c66fd8a4e0 DEOPT UNPACKING pc=0x000002c607584402 sp=0x000000cb284d7bd0 mode 2

Classes loaded (20 events):
Event: 0.197 Loading class java/io/ObjectInputStream
Event: 0.197 Loading class java/io/ObjectInput
Event: 0.197 Loading class java/io/ObjectInput done
Event: 0.197 Loading class java/io/ObjectStreamConstants
Event: 0.197 Loading class java/io/ObjectStreamConstants done
Event: 0.198 Loading class java/io/ObjectInputStream done
Event: 0.198 Loading class java/io/ObjectOutputStream
Event: 0.198 Loading class java/io/ObjectOutput
Event: 0.198 Loading class java/io/ObjectOutput done
Event: 0.198 Loading class java/io/ObjectOutputStream done
Event: 0.204 Loading class jdk/internal/vm/annotation/ForceInline
Event: 0.204 Loading class jdk/internal/vm/annotation/ForceInline done
Event: 0.212 Loading class java/lang/Deprecated
Event: 0.212 Loading class java/lang/Deprecated done
Event: 0.212 Loading class java/lang/annotation/Documented
Event: 0.212 Loading class java/lang/annotation/Documented done
Event: 0.218 Loading class java/nio/charset/CharacterCodingException
Event: 0.218 Loading class java/nio/charset/CharacterCodingException done
Event: 0.219 Loading class java/lang/foreign/MemorySegment
Event: 0.219 Loading class java/lang/foreign/MemorySegment done

Classes unloaded (0 events):
No events

Classes redefined (0 events):
No events

Internal exceptions (13 events):
Event: 0.093 Thread 0x000002c66fd8a4e0 Exception <a 'java/lang/NoClassDefFoundError'{0x000000008b9ad038}: org/jpype/classloader/DynamicClassLoader> (0x000000008b9ad038) 
thrown [s\open\src\hotspot\share\classfile\systemDictionary.cpp, line 302]
Event: 0.129 Thread 0x000002c66fd8a4e0 Exception <a 'java/lang/NoSuchMethodError'{0x000000008b853d80}: 'void java.lang.invoke.DirectMethodHandle$Holder.invokeSpecial(java.lang.Object, java.lang.Object, java.lang.Object)'> (0x000000008b853d80) 
thrown [s\open\src\hotspot\share\interpreter\linkResolver.cpp, line 796]
Event: 0.130 Thread 0x000002c66fd8a4e0 Exception <a 'java/lang/NoSuchMethodError'{0x000000008b85d730}: 'void java.lang.invoke.DirectMethodHandle$Holder.invokeStatic(java.lang.Object, int, java.lang.Object)'> (0x000000008b85d730) 
thrown [s\open\src\hotspot\share\interpreter\linkResolver.cpp, line 796]
Event: 0.149 Thread 0x000002c66fd8a4e0 Exception <a 'java/lang/NoSuchMethodError'{0x000000008b8c1138}: 'int java.lang.invoke.DirectMethodHandle$Holder.invokeStaticInit(java.lang.Object, java.lang.Object)'> (0x000000008b8c1138) 
thrown [s\open\src\hotspot\share\interpreter\linkResolver.cpp, line 796]
Event: 0.150 Thread 0x000002c66fd8a4e0 Exception <a 'java/lang/NoSuchMethodError'{0x000000008b8c7270}: 'java.lang.Object java.lang.invoke.DirectMethodHandle$Holder.invokeStaticInit(java.lang.Object, int)'> (0x000000008b8c7270) 
thrown [s\open\src\hotspot\share\interpreter\linkResolver.cpp, line 796]
Event: 0.154 Thread 0x000002c66fd8a4e0 Exception <a 'java/lang/NoSuchMethodError'{0x000000008b8e7ce0}: 'void java.lang.invoke.DirectMethodHandle$Holder.invokeStatic(java.lang.Object, java.lang.Object, java.lang.Object, java.lang.Object)'> (0x000000008b8e7ce0) 
thrown [s\open\src\hotspot\share\interpreter\linkResolver.cpp, line 796]
Event: 0.159 Thread 0x000002c66fd8a4e0 Exception <a 'java/lang/NoSuchMethodError'{0x000000008b711ed8}: 'java.lang.Object java.lang.invoke.DirectMethodHandle$Holder.invokeInterface(java.lang.Object, java.lang.Object)'> (0x000000008b711ed8) 
thrown [s\open\src\hotspot\share\interpreter\linkResolver.cpp, line 796]
Event: 0.160 Thread 0x000002c66fd8a4e0 Exception <a 'java/lang/IncompatibleClassChangeError'{0x000000008b7154b8}: Found class java.lang.Object, but interface was expected> (0x000000008b7154b8) 
thrown [s\open\src\hotspot\share\interpreter\linkResolver.cpp, line 863]
Event: 0.160 Thread 0x000002c66fd8a4e0 Exception <a 'java/lang/NoSuchMethodError'{0x000000008b718480}: 'void java.lang.invoke.DirectMethodHandle$Holder.invokeStatic(java.lang.Object, java.lang.Object)'> (0x000000008b718480) 
thrown [s\open\src\hotspot\share\interpreter\linkResolver.cpp, line 796]
Event: 0.162 Thread 0x000002c66fd8a4e0 Exception <a 'java/lang/NoSuchMethodError'{0x000000008b7227b8}: 'java.lang.Object java.lang.invoke.Invokers$Holder.invokeExact_MT(java.lang.Object, java.lang.Object, java.lang.Object, java.lang.Object, java.lang.Object)'> (0x000000008b7227b8) 
thrown [s\open\src\hotspot\share\interpreter\linkResolver.cpp, line 796]
Event: 0.162 Thread 0x000002c66fd8a4e0 Exception <a 'java/lang/NoSuchMethodError'{0x000000008b726cc8}: 'int java.lang.invoke.DirectMethodHandle$Holder.invokeSpecial(java.lang.Object, java.lang.Object, java.lang.Object)'> (0x000000008b726cc8) 
thrown [s\open\src\hotspot\share\interpreter\linkResolver.cpp, line 796]
Event: 0.165 Thread 0x000002c66fd8a4e0 Exception <a 'java/lang/NoSuchMethodError'{0x000000008b737b48}: 'int java.lang.invoke.Invokers$Holder.invokeExact_MT(java.lang.Object, java.lang.Object, java.lang.Object)'> (0x000000008b737b48) 
thrown [s\open\src\hotspot\share\interpreter\linkResolver.cpp, line 796]
Event: 0.191 Thread 0x000002c66fd8a4e0 Exception <a 'java/lang/IncompatibleClassChangeError'{0x000000008b7ea688}: Found class java.lang.Object, but interface was expected> (0x000000008b7ea688) 
thrown [s\open\src\hotspot\share\interpreter\linkResolver.cpp, line 863]

VM Operations (2 events):
Event: 0.082 Executing VM operation: HandshakeAllThreads (Deoptimize)
Event: 0.082 Executing VM operation: HandshakeAllThreads (Deoptimize) done

Memory protections (0 events):
No events

Nmethod flushes (0 events):
No events

Events (12 events):
Event: 0.033 Thread 0x000002c66fd8a4e0 Thread added: 0x000002c66fd8a4e0
Event: 0.043 Thread 0x000002c66fd8a4e0 Thread added: 0x000002c66fd8d960
Event: 0.043 Thread 0x000002c66fd8a4e0 Thread added: 0x000002c66fd87060
Event: 0.044 Thread 0x000002c66fd8a4e0 Thread added: 0x000002c66fd8e680
Event: 0.044 Thread 0x000002c66fd8a4e0 Thread added: 0x000002c66fd8ed10
Event: 0.044 Thread 0x000002c66fd8a4e0 Thread added: 0x000002c66fd8f3a0
Event: 0.044 Thread 0x000002c66fd8a4e0 Thread added: 0x000002c66fd8fa30
Event: 0.045 Thread 0x000002c66fd8a4e0 Thread added: 0x000002c6701191a0
Event: 0.045 Thread 0x000002c66fd8a4e0 Thread added: 0x000002c6701168c0
Event: 0.066 Thread 0x000002c66fd8a4e0 Thread added: 0x000002c66fd900c0
Event: 0.067 Thread 0x000002c66fd8a4e0 Thread added: 0x000002c66fd90de0
Event: 0.173 Thread 0x000002c66fd8a4e0 Thread added: 0x000002c66fd90750


Dynamic libraries:
0x00007ff705220000 - 0x00007ff70523a000 	c:\Users\jjacq\AppData\Local\Programs\Python\Python313\python.exe
0x00007ff8ae230000 - 0x00007ff8ae447000 	C:\Windows\SYSTEM32\ntdll.dll
0x00007ff8ada70000 - 0x00007ff8adb34000 	C:\Windows\System32\KERNEL32.DLL
0x00007ff8ab9c0000 - 0x00007ff8abd77000 	C:\Windows\System32\KERNELBASE.dll
0x00007ff8abe40000 - 0x00007ff8abf51000 	C:\Windows\System32\ucrtbase.dll
0x00007ff854f70000 - 0x00007ff8555bc000 	c:\Users\jjacq\AppData\Local\Programs\Python\Python313\python313.dll
0x00007ff8a5840000 - 0x00007ff8a585e000 	c:\Users\jjacq\AppData\Local\Programs\Python\Python313\VCRUNTIME140.dll
0x00007ff8acfb0000 - 0x00007ff8ad021000 	C:\Windows\System32\WS2_32.dll
0x00007ff8abfc0000 - 0x00007ff8ac0d4000 	C:\Windows\System32\RPCRT4.dll
0x00007ff8ab990000 - 0x00007ff8ab9b8000 	C:\Windows\System32\bcrypt.dll
0x00007ff8ac440000 - 0x00007ff8ac4f2000 	C:\Windows\System32\ADVAPI32.dll
0x00007ff8ac2e0000 - 0x00007ff8ac387000 	C:\Windows\System32\msvcrt.dll
0x00007ff8ac390000 - 0x00007ff8ac438000 	C:\Windows\System32\sechost.dll
0x00007ff8aa140000 - 0x00007ff8aa14a000 	C:\Windows\SYSTEM32\VERSION.dll
0x00007ff8ab6b0000 - 0x00007ff8ab72b000 	C:\Windows\System32\bcryptprimitives.dll
0x000002c638030000 - 0x000002c638040000 	c:\Users\jjacq\AppData\Local\Programs\Python\Python313\python3.DLL
0x00007ff8a7100000 - 0x00007ff8a710b000 	c:\Users\jjacq\AppData\Local\Programs\Python\Python313\DLLs\_wmi.pyd
0x00007ff8ac150000 - 0x00007ff8ac227000 	C:\Windows\System32\OLEAUT32.dll
0x00007ff8ab730000 - 0x00007ff8ab7ca000 	C:\Windows\System32\msvcp_win.dll
0x00007ff8add60000 - 0x00007ff8ae0ee000 	C:\Windows\System32\combase.dll
0x00007ff8a4470000 - 0x00007ff8a4571000 	C:\Windows\SYSTEM32\PROPSYS.dll
0x00007ff8a70f0000 - 0x00007ff8a70fc000 	c:\Users\jjacq\AppData\Local\Programs\Python\Python313\VCRUNTIME140_1.dll
0x00007ff889f90000 - 0x00007ff88a095000 	C:\Users\jjacq\AppData\Roaming\Python\Python313\site-packages\zmq\backend\cython\_zmq.cp313-win_amd64.pyd
0x00007ff8a9d00000 - 0x00007ff8a9d2d000 	C:\Windows\SYSTEM32\IPHLPAPI.DLL
0x00007ff8aabe0000 - 0x00007ff8aabec000 	C:\Windows\SYSTEM32\CRYPTBASE.DLL
0x00007ff8a6100000 - 0x00007ff8a6116000 	c:\Users\jjacq\AppData\Local\Programs\Python\Python313\DLLs\_socket.pyd
0x00007ff8a7bf0000 - 0x00007ff8a7bf9000 	c:\Users\jjacq\AppData\Local\Programs\Python\Python313\DLLs\select.pyd
0x00007ff8a6940000 - 0x00007ff8a696e000 	c:\Users\jjacq\AppData\Local\Programs\Python\Python313\DLLs\_ssl.pyd
0x00007ff8ab540000 - 0x00007ff8ab6a6000 	C:\Windows\System32\CRYPT32.dll
0x00007ff88a0e0000 - 0x00007ff88a1a3000 	c:\Users\jjacq\AppData\Local\Programs\Python\Python313\DLLs\libssl-3.dll
0x00007ff858500000 - 0x00007ff858a03000 	c:\Users\jjacq\AppData\Local\Programs\Python\Python313\DLLs\libcrypto-3.dll
0x00007ff8ac590000 - 0x00007ff8ac73f000 	C:\Windows\System32\USER32.dll
0x00007ff8ab7d0000 - 0x00007ff8ab7f6000 	C:\Windows\System32\win32u.dll
0x00007ff8ac0e0000 - 0x00007ff8ac109000 	C:\Windows\System32\GDI32.dll
0x00007ff8ab800000 - 0x00007ff8ab918000 	C:\Windows\System32\gdi32full.dll
0x00007ff8ac110000 - 0x00007ff8ac141000 	C:\Windows\System32\IMM32.DLL
0x00007ff8a6920000 - 0x00007ff8a6932000 	c:\Users\jjacq\AppData\Local\Programs\Python\Python313\DLLs\_asyncio.pyd
0x00007ff8a6910000 - 0x00007ff8a691e000 	c:\Users\jjacq\AppData\Local\Programs\Python\Python313\DLLs\_overlapped.pyd
0x00007ff8aa9c0000 - 0x00007ff8aaa29000 	C:\Windows\system32\mswsock.dll
0x00007ff89ecb0000 - 0x00007ff89ecc5000 	c:\Users\jjacq\AppData\Local\Programs\Python\Python313\DLLs\_bz2.pyd
0x00007ff893300000 - 0x00007ff893327000 	c:\Users\jjacq\AppData\Local\Programs\Python\Python313\DLLs\_lzma.pyd
0x00007ff8a7c20000 - 0x00007ff8a7c29000 	c:\Users\jjacq\AppData\Local\Programs\Python\Python313\DLLs\_queue.pyd
0x00007ff8a6900000 - 0x00007ff8a6910000 	c:\Users\jjacq\AppData\Local\Programs\Python\Python313\DLLs\_hashlib.pyd
0x00007ff8a5ea0000 - 0x00007ff8a5ea8000 	C:\Users\jjacq\AppData\Roaming\Python\Python313\site-packages\tornado\speedups.pyd
0x00007ff893a10000 - 0x00007ff893a32000 	c:\Users\jjacq\AppData\Local\Programs\Python\Python313\DLLs\_ctypes.pyd
0x00007ff8ad050000 - 0x00007ff8ad1f5000 	C:\Windows\System32\ole32.dll
0x00007ff8a7b70000 - 0x00007ff8a7b7b000 	c:\Users\jjacq\AppData\Local\Programs\Python\Python313\DLLs\libffi-8.dll
0x00007ff893840000 - 0x00007ff893885000 	c:\Users\jjacq\AppData\Local\Programs\Python\Python313\DLLs\_decimal.pyd
0x00007ff8a5c80000 - 0x00007ff8a5c88000 	c:\Users\jjacq\AppData\Local\Programs\Python\Python313\DLLs\_uuid.pyd
0x00007ff8ad200000 - 0x00007ff8ada69000 	C:\Windows\System32\shell32.DLL
0x00007ff8984b0000 - 0x00007ff8984d0000 	c:\Users\jjacq\AppData\Local\Programs\Python\Python313\DLLs\_sqlite3.pyd
0x00007ff889d10000 - 0x00007ff889e88000 	c:\Users\jjacq\AppData\Local\Programs\Python\Python313\DLLs\sqlite3.dll
0x00007ff893330000 - 0x00007ff893362000 	c:\Users\jjacq\AppData\Local\Programs\Python\Python313\DLLs\pyexpat.pyd
0x00007ff887ae0000 - 0x00007ff887b8f000 	c:\Users\jjacq\AppData\Local\Programs\Python\Python313\DLLs\unicodedata.pyd
0x00007ff8aa550000 - 0x00007ff8aa568000 	C:\Windows\SYSTEM32\kernel.appcore.dll
0x00007ff8a8150000 - 0x00007ff8a8201000 	C:\Windows\system32\uxtheme.dll
0x00007ff8ac230000 - 0x00007ff8ac2e0000 	C:\Windows\System32\clbcatq.dll
0x00007ff8932d0000 - 0x00007ff8932ed000 	C:\Windows\SYSTEM32\amsi.dll
0x00007ff8aaa60000 - 0x00007ff8aaa88000 	C:\Windows\SYSTEM32\USERENV.dll
0x00007ff8ab470000 - 0x00007ff8ab497000 	C:\Windows\SYSTEM32\profapi.dll
0x00007ff8883b0000 - 0x00007ff888433000 	C:\ProgramData\Microsoft\Windows Defender\Platform\4.18.24090.11-0\MpOav.dll
0x00007ff897ca0000 - 0x00007ff897cb4000 	C:\Users\jjacq\AppData\Roaming\Python\Python313\site-packages\psutil\_psutil_windows.pyd
0x00007ff8acf20000 - 0x00007ff8acf28000 	C:\Windows\System32\PSAPI.DLL
0x00007ff8ab410000 - 0x00007ff8ab45d000 	C:\Windows\SYSTEM32\POWRPROF.dll
0x00007ff8994e0000 - 0x00007ff899539000 	C:\Windows\SYSTEM32\pdh.dll
0x00007ff8ab340000 - 0x00007ff8ab353000 	C:\Windows\SYSTEM32\UMPDC.dll
0x00007ff8aa310000 - 0x00007ff8aa324000 	C:\Windows\SYSTEM32\wtsapi32.dll
0x00007ff8acf30000 - 0x00007ff8acf39000 	C:\Windows\System32\NSI.dll
0x00007ff8a4360000 - 0x00007ff8a4379000 	C:\Windows\SYSTEM32\dhcpcsvc6.DLL
0x00007ff8a40f0000 - 0x00007ff8a410f000 	C:\Windows\SYSTEM32\dhcpcsvc.DLL
0x00007ff8a9d70000 - 0x00007ff8a9e72000 	C:\Windows\SYSTEM32\DNSAPI.dll
0x00007ff890420000 - 0x00007ff890486000 	C:\Users\jjacq\AppData\Roaming\Python\Python313\site-packages\debugpy\_vendored\pydevd\_pydevd_bundle\pydevd_cython.cp313-win_amd64.pyd
0x00007ff88b640000 - 0x00007ff88b696000 	C:\Users\jjacq\AppData\Roaming\Python\Python313\site-packages\debugpy\_vendored\pydevd\_pydevd_sys_monitoring\_pydevd_sys_monitoring_cython.cp313-win_amd64.pyd
0x00007ff851640000 - 0x00007ff851a52000 	c:\Users\jjacq\AppData\Local\Programs\Python\Python313\Lib\site-packages\numpy\_core\_multiarray_umath.cp313-win_amd64.pyd
0x00007ff887880000 - 0x00007ff88791b000 	c:\Users\jjacq\AppData\Local\Programs\Python\Python313\Lib\site-packages\numpy.libs\msvcp140-23ebcc0b37c8e3d074511f362feac48b.dll
0x00007ff839c20000 - 0x00007ff83af7d000 	c:\Users\jjacq\AppData\Local\Programs\Python\Python313\Lib\site-packages\numpy.libs\libscipy_openblas64_-c16e4918366c6bc1f1cd71e28ca36fc0.dll
0x00007ff897750000 - 0x00007ff89776e000 	c:\Users\jjacq\AppData\Local\Programs\Python\Python313\Lib\site-packages\numpy\linalg\_umath_linalg.cp313-win_amd64.pyd
0x00007ff893740000 - 0x00007ff89376e000 	c:\Users\jjacq\AppData\Local\Programs\Python\Python313\Lib\site-packages\numpy\random\bit_generator.cp313-win_amd64.pyd
0x00007ff892230000 - 0x00007ff89225d000 	c:\Users\jjacq\AppData\Local\Programs\Python\Python313\Lib\site-packages\numpy\random\_common.cp313-win_amd64.pyd
0x00007ff884790000 - 0x00007ff884830000 	c:\Users\jjacq\AppData\Local\Programs\Python\Python313\Lib\site-packages\numpy\random\mtrand.cp313-win_amd64.pyd
0x00007ff891c20000 - 0x00007ff891c5b000 	c:\Users\jjacq\AppData\Local\Programs\Python\Python313\Lib\site-packages\numpy\random\_bounded_integers.cp313-win_amd64.pyd
0x00007ff8976d0000 - 0x00007ff8976ea000 	c:\Users\jjacq\AppData\Local\Programs\Python\Python313\Lib\site-packages\numpy\random\_mt19937.cp313-win_amd64.pyd
0x00007ff893c90000 - 0x00007ff893ca8000 	c:\Users\jjacq\AppData\Local\Programs\Python\Python313\Lib\site-packages\numpy\random\_philox.cp313-win_amd64.pyd
0x00007ff8933c0000 - 0x00007ff8933db000 	c:\Users\jjacq\AppData\Local\Programs\Python\Python313\Lib\site-packages\numpy\random\_pcg64.cp313-win_amd64.pyd
0x00007ff8919d0000 - 0x00007ff8919e3000 	c:\Users\jjacq\AppData\Local\Programs\Python\Python313\Lib\site-packages\numpy\random\_sfc64.cp313-win_amd64.pyd
0x00007ff884600000 - 0x00007ff8846bc000 	c:\Users\jjacq\AppData\Local\Programs\Python\Python313\Lib\site-packages\numpy\random\_generator.cp313-win_amd64.pyd
0x00007ff8a2fa0000 - 0x00007ff8a2fab000 	c:\Users\jjacq\AppData\Local\Programs\Python\Python313\Lib\site-packages\pandas\_libs\pandas_parser.cp313-win_amd64.pyd
0x00007ff8a0e40000 - 0x00007ff8a0e4c000 	c:\Users\jjacq\AppData\Local\Programs\Python\Python313\Lib\site-packages\pandas\_libs\pandas_datetime.cp313-win_amd64.pyd
0x00007ff8808e0000 - 0x00007ff8809f7000 	c:\Users\jjacq\AppData\Local\Programs\Python\Python313\Lib\site-packages\pandas\_libs\interval.cp313-win_amd64.pyd
0x00007ff8805d0000 - 0x00007ff880797000 	c:\Users\jjacq\AppData\Local\Programs\Python\Python313\Lib\site-packages\pandas\_libs\hashtable.cp313-win_amd64.pyd
0x00007ff8903a0000 - 0x00007ff8903cd000 	c:\Users\jjacq\AppData\Local\Programs\Python\Python313\Lib\site-packages\pandas\_libs\missing.cp313-win_amd64.pyd
0x00007ff890210000 - 0x00007ff89023d000 	c:\Users\jjacq\AppData\Local\Programs\Python\Python313\Lib\site-packages\pandas\_libs\tslibs\dtypes.cp313-win_amd64.pyd
0x00007ff88fcd0000 - 0x00007ff88fce5000 	c:\Users\jjacq\AppData\Local\Programs\Python\Python313\Lib\site-packages\pandas\_libs\tslibs\ccalendar.cp313-win_amd64.pyd
0x00007ff88d670000 - 0x00007ff88d690000 	c:\Users\jjacq\AppData\Local\Programs\Python\Python313\Lib\site-packages\pandas\_libs\tslibs\np_datetime.cp313-win_amd64.pyd
0x00007ff88ab90000 - 0x00007ff88abcc000 	c:\Users\jjacq\AppData\Local\Programs\Python\Python313\Lib\site-packages\pandas\_libs\tslibs\conversion.cp313-win_amd64.pyd
0x00007ff88d610000 - 0x00007ff88d621000 	c:\Users\jjacq\AppData\Local\Programs\Python\Python313\Lib\site-packages\pandas\_libs\tslibs\base.cp313-win_amd64.pyd
0x00007ff880b20000 - 0x00007ff880bff000 	c:\Users\jjacq\AppData\Local\Programs\Python\Python313\Lib\site-packages\pandas\_libs\tslibs\offsets.cp313-win_amd64.pyd
0x00007ff88a9d0000 - 0x00007ff88aa50000 	c:\Users\jjacq\AppData\Local\Programs\Python\Python313\Lib\site-packages\pandas\_libs\tslibs\timestamps.cp313-win_amd64.pyd
0x00007ff88aaf0000 - 0x00007ff88ab24000 	c:\Users\jjacq\AppData\Local\Programs\Python\Python313\Lib\site-packages\pandas\_libs\tslibs\nattype.cp313-win_amd64.pyd
0x00007ff887a60000 - 0x00007ff887ad8000 	c:\Users\jjacq\AppData\Local\Programs\Python\Python313\Lib\site-packages\pandas\_libs\tslibs\timedeltas.cp313-win_amd64.pyd
0x00007ff88a2c0000 - 0x00007ff88a2fa000 	c:\Users\jjacq\AppData\Local\Programs\Python\Python313\Lib\site-packages\pandas\_libs\tslibs\timezones.cp313-win_amd64.pyd
0x00007ff8a0730000 - 0x00007ff8a073d000 	c:\Users\jjacq\AppData\Local\Programs\Python\Python313\DLLs\_zoneinfo.pyd
0x000002c63be80000 - 0x000002c63be83000 	C:\Windows\SYSTEM32\tzres.dll
0x00007ff883ef0000 - 0x00007ff883f36000 	c:\Users\jjacq\AppData\Local\Programs\Python\Python313\Lib\site-packages\pandas\_libs\tslibs\fields.cp313-win_amd64.pyd
0x00007ff884750000 - 0x00007ff884790000 	c:\Users\jjacq\AppData\Local\Programs\Python\Python313\Lib\site-packages\pandas\_libs\tslibs\tzconversion.cp313-win_amd64.pyd
0x00007ff88bd50000 - 0x00007ff88bd64000 	c:\Users\jjacq\AppData\Local\Programs\Python\Python313\Lib\site-packages\pandas\_libs\properties.cp313-win_amd64.pyd
0x00007ff880e10000 - 0x00007ff880e63000 	c:\Users\jjacq\AppData\Local\Programs\Python\Python313\Lib\site-packages\pandas\_libs\tslibs\parsing.cp313-win_amd64.pyd
0x00007ff883ea0000 - 0x00007ff883eee000 	c:\Users\jjacq\AppData\Local\Programs\Python\Python313\Lib\site-packages\pandas\_libs\tslibs\strptime.cp313-win_amd64.pyd
0x00007ff880870000 - 0x00007ff8808d9000 	c:\Users\jjacq\AppData\Local\Programs\Python\Python313\Lib\site-packages\pandas\_libs\tslibs\period.cp313-win_amd64.pyd
0x00007ff883cd0000 - 0x00007ff883d03000 	c:\Users\jjacq\AppData\Local\Programs\Python\Python313\Lib\site-packages\pandas\_libs\tslibs\vectorized.cp313-win_amd64.pyd
0x00007ff89b060000 - 0x00007ff89b070000 	c:\Users\jjacq\AppData\Local\Programs\Python\Python313\Lib\site-packages\pandas\_libs\ops_dispatch.cp313-win_amd64.pyd
0x00007ff86e920000 - 0x00007ff86eae2000 	c:\Users\jjacq\AppData\Local\Programs\Python\Python313\Lib\site-packages\pandas\_libs\algos.cp313-win_amd64.pyd
0x00007ff87ffd0000 - 0x00007ff880077000 	c:\Users\jjacq\AppData\Local\Programs\Python\Python313\Lib\site-packages\pandas\_libs\lib.cp313-win_amd64.pyd
0x00007ff882770000 - 0x00007ff8827a5000 	c:\Users\jjacq\AppData\Local\Programs\Python\Python313\Lib\site-packages\pandas\_libs\ops.cp313-win_amd64.pyd
0x00007ff88a290000 - 0x00007ff88a2bc000 	c:\Users\jjacq\AppData\Local\Programs\Python\Python313\Lib\site-packages\pandas\_libs\hashing.cp313-win_amd64.pyd
0x00007ff889c10000 - 0x00007ff889c2c000 	c:\Users\jjacq\AppData\Local\Programs\Python\Python313\Lib\site-packages\pandas\_libs\arrays.cp313-win_amd64.pyd
0x00007ff8803a0000 - 0x00007ff8803e3000 	c:\Users\jjacq\AppData\Local\Programs\Python\Python313\Lib\site-packages\pandas\_libs\tslib.cp313-win_amd64.pyd
0x00007ff8719b0000 - 0x00007ff871a82000 	c:\Users\jjacq\AppData\Local\Programs\Python\Python313\Lib\site-packages\pandas\_libs\sparse.cp313-win_amd64.pyd
0x00007ff87ff70000 - 0x00007ff87ffc1000 	c:\Users\jjacq\AppData\Local\Programs\Python\Python313\Lib\site-packages\pandas\_libs\internals.cp313-win_amd64.pyd
0x00007ff8891e0000 - 0x00007ff8891f1000 	c:\Users\jjacq\AppData\Local\Programs\Python\Python313\Lib\site-packages\pandas\_libs\indexing.cp313-win_amd64.pyd
0x00007ff86f1e0000 - 0x00007ff86f296000 	c:\Users\jjacq\AppData\Local\Programs\Python\Python313\Lib\site-packages\pandas\_libs\index.cp313-win_amd64.pyd
0x00007ff87ff30000 - 0x00007ff87ff64000 	c:\Users\jjacq\AppData\Local\Programs\Python\Python313\Lib\site-packages\pandas\_libs\writers.cp313-win_amd64.pyd
0x00007ff86e740000 - 0x00007ff86e84f000 	c:\Users\jjacq\AppData\Local\Programs\Python\Python313\Lib\site-packages\pandas\_libs\join.cp313-win_amd64.pyd
0x00007ff87d140000 - 0x00007ff87d199000 	c:\Users\jjacq\AppData\Local\Programs\Python\Python313\Lib\site-packages\pandas\_libs\window\aggregations.cp313-win_amd64.pyd
0x00007ff86f140000 - 0x00007ff86f1db000 	c:\Users\jjacq\AppData\Local\Programs\Python\Python313\Lib\site-packages\pandas.libs\msvcp140-0f2ea95580b32bcfc81c235d5751ce78.dll
0x00007ff8834c0000 - 0x00007ff8834ec000 	c:\Users\jjacq\AppData\Local\Programs\Python\Python313\Lib\site-packages\pandas\_libs\window\indexers.cp313-win_amd64.pyd
0x00007ff87b490000 - 0x00007ff87b4d1000 	c:\Users\jjacq\AppData\Local\Programs\Python\Python313\Lib\site-packages\pandas\_libs\reshape.cp313-win_amd64.pyd
0x00007ff8680a0000 - 0x00007ff8682c4000 	c:\Users\jjacq\AppData\Local\Programs\Python\Python313\Lib\site-packages\pandas\_libs\groupby.cp313-win_amd64.pyd

dbghelp: loaded successfully - version: 4.0.5 - missing functions: none
symbol engine: initialized successfully - sym options: 0x614 - pdb path: .;c:\Users\jjacq\AppData\Local\Programs\Python\Python313;C:\Windows\SYSTEM32;c:\Users\jjacq\AppData\Local\Programs\Python\Python313\DLLs;C:\Users\jjacq\AppData\Roaming\Python\Python313\site-packages\zmq\backend\cython;C:\Users\jjacq\AppData\Roaming\Python\Python313\site-packages\tornado;C:\ProgramData\Microsoft\Windows Defender\Platform\4.18.24090.11-0;C:\Users\jjacq\AppData\Roaming\Python\Python313\site-packages\psutil;C:\Users\jjacq\AppData\Roaming\Python\Python313\site-packages\debugpy\_vendored\pydevd\_pydevd_bundle;C:\Users\jjacq\AppData\Roaming\Python\Python313\site-packages\debugpy\_vendored\pydevd\_pydevd_sys_monitoring;c:\Users\jjacq\AppData\Local\Programs\Python\Python313\Lib\site-packages\numpy\_core;c:\Users\jjacq\AppData\Local\Programs\Python\Python313\Lib\site-packages\numpy.libs;c:\Users\jjacq\AppData\Local\Programs\Python\Python313\Lib\site-packages\numpy\linalg;c:\Users\jjacq\AppData\Local\Programs\Python\Python313\Lib\site-packages\numpy\random;c:\Users\jjacq\AppData\Local\Programs\Python\Python313\Lib\site-packages\pandas\_libs;c:\Users\jjacq\AppData\Local\Programs\Python\Python313\Lib\site-packages\pandas\_libs\tslibs;c:\Users\jjacq\AppData\Local\Programs\Python\Python313\Lib\site-packages\pandas\_libs\window;c:\Users\jjacq\AppData\Local\Programs\Python\Python313\Lib\site-packages\pandas.libs;c:\Users\jjacq\AppData\Local\Programs\Python\Python313\Lib\site-packages\sklearn\__check_build;c:\Users\jjacq\AppData\Local\Programs\Python\Python313\Lib\site-packages\sklearn\.libs;c:\Users\jjacq\AppData\Local\Programs\Python\Python313\Lib\site-packages\scipy\_lib;c:\Users\jjacq\AppData\Local\Programs\Python\Python313\Lib\site-packages\numpy\fft;c:\Users\jjacq\AppData\Local\Programs\Python\Python313\Lib\site-packages\scipy\sparse;c:\Users\jjacq\AppData\Local\Programs\Python\Python313\Lib\site-packages\scipy\linalg;c:\Users\jjacq\AppData\Local\Programs\Python\Python313\Lib\site-packages\scipy.libs;c:\Users\jjacq\AppData\Local\Programs\Python\Python313\Lib\site-packages\scipy\sparse\linalg\_dsolve;c:\Users\jjacq\AppData\Local\Programs\Python\Python313\Lib\site-packages\scipy\sparse\linalg\_eigen\arpack;c:\Users\jjacq\AppData\Local\Programs\Python\Python313\Lib\site-packages\scipy\sparse\linalg\_propack;c:\Users\jjacq\AppData\Local\Programs\Python\Python313\Lib\site-packages\scipy\sparse\csgraph;c:\Users\jjacq\AppData\Local\Programs\Python\Python313\Lib\site-packages\scipy\special;c:\Users\jjacq\AppData\Local\Programs\Python\Python313\Lib\site-packages\scipy\spatial;c:\Users\jjacq\AppData\Local\Programs\Python\Python313\Lib\site-packages\scipy\spatial\transform;c:\Users\jjacq\AppData\Local\Programs\Python\Python313\Lib\site-packages\scipy\optimize;c:\Users\jjacq\AppData\Local\Programs\Python\Python313\Lib\site-packages\scipy\optimize\_trlib;c:\Users\jjacq\AppData\Local\Programs\Python\Python313\Lib\site-packages\scipy\optimize\_lsq;c:\Users\jjacq\AppData\Local\Programs\Python\Python313\Lib\site-packages\scipy\optimize\_highs;c:\Users\jjacq\AppData\Local\Programs\Python\Python313\Lib\site-packages\scipy\integrate;c:\Users\jjacq\AppData\Local\Programs\Python\Python313\Lib\site-packages\scipy\interpolate;c:\Users\jjacq\AppData\Local\Programs\Python\Python313\Lib\site-packages\scipy\stats;c:\Users\jjacq\AppData\Local\Programs\Python\Python313\Lib\site-packages\scipy\stats\_levy_stable;c:\Users\jjacq\AppData\Local\Programs\Python\Python313\Lib\site-packages\scipy\_lib\_uarray;c:\Users\jjacq\AppData\Local\Programs\Python\Python313\Lib\site-packages\scipy\fft\_pocketfft;c:\Users\jjacq\AppData\Local\Programs\Python\Python313\Lib\site-packages\scipy\stats\_rcont;c:\Users\jjacq\AppData\Local\Programs\Python\Python313\Lib\site-packages\scipy\stats\_unuran;c:\Users\jjacq\AppData\Local\Programs\Python\Python313\Lib\site-packages\scipy\ndimage;c:\Users\jjacq\AppData\Local\Programs\Python\Python313\Lib\site-packages\sklearn\utils;c:\Users\jjacq\AppData\Local\Programs\Python\Python313\Lib\site-packages\sklearn\metrics\cluster;c:\Users\jjacq\AppData\Local\Programs\Python\Python313\Lib\site-packages\sklearn\preprocessing;c:\Users\jjacq\AppData\Local\Programs\Python\Python313\Lib\site-packages\sklearn\metrics;c:\Users\jjacq\AppData\Local\Programs\Python\Python313\Lib\site-packages\sklearn\metrics\_pairwise_distances_reduction;c:\Users\jjacq\AppData\Local\Programs\Python\Python313\Lib\site-packages\sklearn\tree;c:\Users\jjacq\AppData\Local\Programs\Python\Python313\Lib\site-packages\sklearn\neighbors;c:\Users\jjacq\AppData\Local\Programs\Python\Python313\Lib\site-packages\sklearn\linear_model;c:\Users\jjacq\AppData\Local\Programs\Python\Python313\Lib\site-packages\sklearn\_loss;c:\Users\jjacq\AppData\Local\Programs\Python\Python313\Lib\site-packages\sklearn\svm;c:\Users\jjacq\AppData\Local\Programs\Python\Python313\Lib\site-packages\sklearn\decomposition;c:\Users\jjacq\AppData\Local\Programs\Python\Python313\Lib\site-packages\sklearn\ensemble;c:\Users\jjacq\AppData\Local\Programs\Python\Python313\Lib\site-packages\sklearn\ensemble\_hist_gradient_boosting;c:\Users\jjacq\AppData\Local\Programs\Python\Python313\Lib\site-packages\scipy\io\matlab;c:\Users\jjacq\AppData\Local\Programs\Python\Python313\Lib\site-packages\sklearn\datasets;c:\Users\jjacq\AppData\Local\Programs\Python\Python313\Lib\site-packages\sklearn\feature_extraction;c:\Users\jjacq\AppData\Local\Programs\Python\Python313\Lib\site-packages\matplotlib;c:\Users\jjacq\AppData\Local\Programs\Python\Python313\Lib\site-packages\PIL;c:\Users\jjacq\AppData\Local\Programs\Python\Python313\Lib\site-packages\kiwisolver;c:\Users\jjacq\AppData\Local\Programs\Python\Python313\Lib\site-packages;C:\Program Files\Java\jdk-23\bin\server;C:\Program Files\Java\jdk-23\bin

VM Arguments:
java_command: <unknown>
java_class_path (initial): c:\Users\jjacq\AppData\Local\Programs\Python\Python313\Lib\site-packages\jpmml_evaluator\resources\jpmml-evaluator-python-1.3-SNAPSHOT.jar;c:\Users\jjacq\AppData\Local\Programs\Python\Python313\Lib\site-packages\jpmml_evaluator\dependencies\codemodel-3.0.1.jar;c:\Users\jjacq\AppData\Local\Programs\Python\Python313\Lib\site-packages\jpmml_evaluator\dependencies\commons-math3-3.6.1.jar;c:\Users\jjacq\AppData\Local\Programs\Python\Python313\Lib\site-packages\jpmml_evaluator\dependencies\failureaccess-1.0.2.jar;c:\Users\jjacq\AppData\Local\Programs\Python\Python313\Lib\site-packages\jpmml_evaluator\dependencies\guava-33.3.1-jre.jar;c:\Users\jjacq\AppData\Local\Programs\Python\Python313\Lib\site-packages\jpmml_evaluator\dependencies\istack-commons-runtime-4.0.1.jar;c:\Users\jjacq\AppData\Local\Programs\Python\Python313\Lib\site-packages\jpmml_evaluator\dependencies\jackson-annotations-2.17.2.jar;c:\Users\jjacq\AppData\Local\Programs\Python\Python313\Lib\site-packages\jpmml_evaluator\dependencies\jakarta.activation-2.0.1.jar;c:\Users\jjacq\AppData\Local\Programs\Python\Python313\Lib\site-packages\jpmml_evaluator\dependencies\jakarta.xml.bind-api-3.0.1.jar;c:\Users\jjacq\AppData\Local\Programs\Python\Python313\Lib\site-packages\jpmml_evaluator\dependencies\jaxb-core-3.0.2.jar;c:\Users\jjacq\AppData\Local\Programs\Python\Python313\Lib\site-packages\jpmml_evaluator\dependencies\jaxb-runtime-3.0.2.jar;c:\Users\jjacq\AppData\Local\Programs\Python\Python313\Lib\site-packages\jpmml_evaluator\dependencies\jpmml-codemodel-1.1.7.jar;c:\Users\jjacq\AppData\Local\Programs\Python\Python313\Lib\site-packages\jpmml_evaluator\dependencies\pickle-1.5.jar;c:\Users\jjacq\AppData\Local\Programs\Python\Python313\Lib\site-packages\jpmml_evaluator\dependencies\pmml-converter-1.5.7.jar;c:\Users\jjacq\AppData\Local\Programs\Python\Python313\Lib\site-packages\jpmml_evaluator\dependencies\pmml-evaluator-1.6.6.jar;c:\Users\jjacq\AppData\Local\Programs\Python\Python313\Lib\site-packages\jpmml_evaluator\dependencies\pmml-evaluator-metro-1.6.6.jar;c:\Users\jjacq\AppData\Local\Programs\Python\Python313\Lib\site-packages\jpmml_evaluator\dependencies\pmml-evaluator-reporting-1.6.6.jar;c:\Users\jjacq\AppData\Local\Programs\Python\Python313\Lib\site-packages\jpmml_evaluator\dependencies\pmml-model-1.6.6.jar;c:\Users\jjacq\AppData\Local\Programs\Python\Python313\Lib\site-packages\jpmml_evaluator\dependencies\pmml-model-metro-1.6.6.jar;c:\Users\jjacq\AppData\Local\Programs\Python\Python313\Lib\site-packages\jpmml_evaluator\dependencies\pmml-python-1.2.4.jar;c:\Users\jjacq\AppData\Local\Programs\Python\Python313\Lib\site-packages\jpmml_evaluator\dependencies\pmml-transpiler-1.3.7.jar;c:\Users\jjacq\AppData\Local\Programs\Python\Python313\Lib\site-packages\jpmml_evaluator\dependencies\serpent-1.40.jar;c:\Users\jjacq\AppData\Local\Programs\Python\Python313\Lib\site-packages\jpmml_evaluator\dependencies\slf4j-api-1.7.36.jar;c:\Users\jjacq\AppData\Local\Programs\Python\Python313\Lib\site-packages\jpmml_evaluator\dependencies\slf4j-jdk14-1.7.36.jar
Launcher Type: generic

[Global flags]
     intx CICompilerCount                          = 4                                         {product} {ergonomic}
     uint ConcGCThreads                            = 3                                         {product} {ergonomic}
     uint G1ConcRefinementThreads                  = 10                                        {product} {ergonomic}
   size_t G1HeapRegionSize                         = 1048576                                   {product} {ergonomic}
   size_t InitialHeapSize                          = 130023424                                 {product} {ergonomic}
   size_t MarkStackSize                            = 4194304                                   {product} {ergonomic}
   size_t MarkStackSizeMax                         = 536870912                                 {product} {ergonomic}
   size_t MaxHeapSize                              = 2080374784                                {product} {ergonomic}
   size_t MaxNewSize                               = 1247805440                                {product} {ergonomic}
   size_t MinHeapDeltaBytes                        = 1048576                                   {product} {ergonomic}
   size_t MinHeapSize                              = 8388608                                   {product} {ergonomic}
    uintx NonNMethodCodeHeapSize                   = 5832704                                {pd product} {ergonomic}
    uintx NonProfiledCodeHeapSize                  = 122945536                              {pd product} {ergonomic}
    uintx ProfiledCodeHeapSize                     = 122880000                              {pd product} {ergonomic}
    uintx ReservedCodeCacheSize                    = 251658240                              {pd product} {ergonomic}
     bool SegmentedCodeCache                       = true                                      {product} {ergonomic}
   size_t SoftMaxHeapSize                          = 2080374784                             {manageable} {ergonomic}
     bool UseCompressedOops                        = true                           {product lp64_product} {ergonomic}
     bool UseG1GC                                  = true                                      {product} {ergonomic}
     bool UseLargePagesIndividualAllocation        = false                                  {pd product} {ergonomic}

Logging:
Log output configuration:
 #0: stdout all=warning uptime,level,tags foldmultilines=false
 #1: stderr all=off uptime,level,tags foldmultilines=false

Environment Variables:
JAVA_HOME=C:\Program Files\Java\jdk-23
PATH=c:\Users\jjacq\AppData\Local\Programs\Python\Python313;c:\Users\jjacq\AppData\Roaming\Python\Python313\Scripts;C:\Windows\system32;C:\Windows;C:\Windows\System32\Wbem;C:\Windows\System32\WindowsPowerShell\v1.0\;C:\Windows\System32\OpenSSH\;C:\Program Files\Git\cmd;C:\Program Files\dotnet\;C:\Program Files\Graphviz\bin;C:\Users\jjacq\AppData\Local\Programs\Python\Python313;C:\Users\jjacq\AppData\Local\Programs\Python\Python313\Scripts;C:\Users\jjacq\AppData\Local\Microsoft\WindowsApps;C:\Users\jjacq\AppData\Local\Programs\Microsoft VS Code\bin;C:\Program Files\Java\jdk-23\bin;C:\Users\jjacq\AppData\Local\Programs\Python\Python313\;C:\Users\jjacq\AppData\Local\Programs\Python\Python313\Scripts\;;C:\Windows\system32;C:\Windows;C:\Windows\System32\Wbem;C:\Windows\System32\WindowsPowerShell\v1.0\;C:\Windows\System32\OpenSSH\;C:\Program Files\Git\cmd;C:\Program Files\dotnet\;C:\Program Files\Graphviz\bin;C:\Users\jjacq\AppData\Local\Programs\Python\Python313;C:\Users\jjacq\AppData\Local\Programs\Python\Python313\Scripts;C:\Users\jjacq\AppData\Local\Microsoft\WindowsApps;C:\Users\jjacq\AppData\Local\Programs\Microsoft VS Code\bin;C:\Program Files\Java\jdk-23\bin;C:\Users\jjacq\AppData\Local\Programs\Python\Python313\;C:\Users\jjacq\AppData\Local\Programs\Python\Python313\Scripts\;;C:/Program Files/Graphviz/bin/;C:/Program Files/Graphviz/bin/
USERNAME=jjacq
TERM=xterm-color
OS=Windows_NT
PROCESSOR_IDENTIFIER=Intel64 Family 6 Model 154 Stepping 4, GenuineIntel
TMP=C:\Users\jjacq\AppData\Local\Temp
TEMP=C:\Users\jjacq\AppData\Local\Temp




Periodic native trim disabled

---------------  S Y S T E M  ---------------

OS:
 Windows 11 , 64 bit Build 22621 (10.0.22621.3958)
OS uptime: 25 days 5:50 hours
Hyper-V role detected

CPU: total 12 (initial active 12) (6 cores per cpu, 2 threads per core) family 6 model 154 stepping 4 microcode 0x423, cx8, cmov, fxsr, ht, mmx, 3dnowpref, sse, sse2, sse3, ssse3, sse4.1, sse4.2, popcnt, lzcnt, tsc, tscinvbit, avx, avx2, aes, erms, clmul, bmi1, bmi2, adx, sha, fma, vzeroupper, clflush, clflushopt, clwb, hv, serialize, rdtscp, rdpid, fsrm, gfni, f16c, cet_ibt, cet_ss
Processor Information for processor 0
  Max Mhz: 1300, Current Mhz: 1300, Mhz Limit: 1300
Processor Information for processor 1
  Max Mhz: 1300, Current Mhz: 1300, Mhz Limit: 1300
Processor Information for processor 2
  Max Mhz: 1300, Current Mhz: 1300, Mhz Limit: 1300
Processor Information for processor 3
  Max Mhz: 1300, Current Mhz: 1300, Mhz Limit: 1300
Processor Information for processor 4
  Max Mhz: 1300, Current Mhz: 900, Mhz Limit: 897
Processor Information for processor 5
  Max Mhz: 1300, Current Mhz: 900, Mhz Limit: 897
Processor Information for processor 6
  Max Mhz: 1300, Current Mhz: 900, Mhz Limit: 897
Processor Information for processor 7
  Max Mhz: 1300, Current Mhz: 900, Mhz Limit: 897
Processor Information for processor 8
  Max Mhz: 1300, Current Mhz: 900, Mhz Limit: 897
Processor Information for processor 9
  Max Mhz: 1300, Current Mhz: 900, Mhz Limit: 897
Processor Information for processor 10
  Max Mhz: 1300, Current Mhz: 900, Mhz Limit: 897
Processor Information for processor 11
  Max Mhz: 1300, Current Mhz: 900, Mhz Limit: 897

Memory: 4k page, system-wide physical 7933M (816M free)
TotalPageFile size 20468M (AvailPageFile size 2593M)
current process WorkingSet (physical memory assigned to process): 286M, peak: 286M
current process commit charge ("private bytes"): 1209M, peak: 1209M

vm_info: Java HotSpot(TM) 64-Bit Server VM (23.0.1+11-39) for windows-amd64 JRE (23.0.1+11-39), built on 2024-09-30T07:20:43Z with MS VC++ 17.6 (VS2022)

END.
